[0.017s] Invoking command in '/home/vsadnik/RTC_Cup/build/motion_interfaces': CMAKE_PREFIX_PATH=${CMAKE_PREFIX_PATH}:/opt/ros/jazzy DEBUGINFOD_URLS=https://debuginfod.ubuntu.com /usr/bin/cmake --build /home/vsadnik/RTC_Cup/build/motion_interfaces -- -j12 -l12
[0.160s] [  2%] Built target motion_interfaces__rosidl_generator_type_description
[0.174s] [  2%] Built target ament_cmake_python_copy_motion_interfaces
[0.189s] [  5%] Built target motion_interfaces__cpp
[0.206s] [ 20%] Built target motion_interfaces__rosidl_generator_c
[0.242s] [ 29%] Built target motion_interfaces__rosidl_typesupport_introspection_c
[0.246s] [ 38%] Built target motion_interfaces__rosidl_typesupport_c
[0.248s] [ 47%] Built target motion_interfaces__rosidl_typesupport_introspection_cpp
[0.248s] [ 55%] Built target motion_interfaces__rosidl_typesupport_fastrtps_c
[0.249s] [ 64%] Built target motion_interfaces__rosidl_typesupport_fastrtps_cpp
[0.250s] [ 73%] Built target motion_interfaces__rosidl_typesupport_cpp
[0.280s] [ 73%] Built target motion_interfaces
[0.315s] [ 76%] Built target motion_interfaces__py
[0.351s] running egg_info
[0.358s] [ 82%] Built target motion_interfaces__rosidl_generator_py
[0.362s] writing motion_interfaces.egg-info/PKG-INFO
[0.363s] writing dependency_links to motion_interfaces.egg-info/dependency_links.txt
[0.363s] writing top-level names to motion_interfaces.egg-info/top_level.txt
[0.388s] [ 88%] Built target motion_interfaces_s__rosidl_typesupport_introspection_c
[0.389s] [ 94%] Built target motion_interfaces_s__rosidl_typesupport_c
[0.390s] [100%] Built target motion_interfaces_s__rosidl_typesupport_fastrtps_c
[0.403s] reading manifest file 'motion_interfaces.egg-info/SOURCES.txt'
[0.404s] writing manifest file 'motion_interfaces.egg-info/SOURCES.txt'
[0.428s] [100%] Built target ament_cmake_python_build_motion_interfaces_egg
[0.440s] Invoked command in '/home/vsadnik/RTC_Cup/build/motion_interfaces' returned '0': CMAKE_PREFIX_PATH=${CMAKE_PREFIX_PATH}:/opt/ros/jazzy DEBUGINFOD_URLS=https://debuginfod.ubuntu.com /usr/bin/cmake --build /home/vsadnik/RTC_Cup/build/motion_interfaces -- -j12 -l12
[0.453s] Invoking command in '/home/vsadnik/RTC_Cup/build/motion_interfaces': CMAKE_PREFIX_PATH=${CMAKE_PREFIX_PATH}:/opt/ros/jazzy DEBUGINFOD_URLS=https://debuginfod.ubuntu.com /usr/bin/cmake --install /home/vsadnik/RTC_Cup/build/motion_interfaces
[0.462s] -- Install configuration: ""
[0.463s] -- Up-to-date: /home/vsadnik/RTC_Cup/install/motion_interfaces/share/ament_index/resource_index/rosidl_interfaces/motion_interfaces
[0.463s] -- Up-to-date: /home/vsadnik/RTC_Cup/install/motion_interfaces/share/motion_interfaces/action/Navigate.json
[0.463s] -- Up-to-date: /home/vsadnik/RTC_Cup/install/motion_interfaces/include/motion_interfaces/motion_interfaces
[0.464s] -- Up-to-date: /home/vsadnik/RTC_Cup/install/motion_interfaces/include/motion_interfaces/motion_interfaces/msg
[0.464s] -- Up-to-date: /home/vsadnik/RTC_Cup/install/motion_interfaces/include/motion_interfaces/motion_interfaces/msg/rosidl_generator_c__visibility_control.h
[0.464s] -- Up-to-date: /home/vsadnik/RTC_Cup/install/motion_interfaces/include/motion_interfaces/motion_interfaces/action
[0.464s] -- Up-to-date: /home/vsadnik/RTC_Cup/install/motion_interfaces/include/motion_interfaces/motion_interfaces/action/detail
[0.464s] -- Up-to-date: /home/vsadnik/RTC_Cup/install/motion_interfaces/include/motion_interfaces/motion_interfaces/action/detail/navigate__functions.c
[0.464s] -- Up-to-date: /home/vsadnik/RTC_Cup/install/motion_interfaces/include/motion_interfaces/motion_interfaces/action/detail/navigate__type_support.c
[0.464s] -- Up-to-date: /home/vsadnik/RTC_Cup/install/motion_interfaces/include/motion_interfaces/motion_interfaces/action/detail/navigate__description.c
[0.465s] -- Up-to-date: /home/vsadnik/RTC_Cup/install/motion_interfaces/include/motion_interfaces/motion_interfaces/action/detail/navigate__type_support.h
[0.465s] -- Up-to-date: /home/vsadnik/RTC_Cup/install/motion_interfaces/include/motion_interfaces/motion_interfaces/action/detail/navigate__functions.h
[0.465s] -- Up-to-date: /home/vsadnik/RTC_Cup/install/motion_interfaces/include/motion_interfaces/motion_interfaces/action/detail/navigate__struct.h
[0.465s] -- Up-to-date: /home/vsadnik/RTC_Cup/install/motion_interfaces/include/motion_interfaces/motion_interfaces/action/navigate.h
[0.465s] -- Up-to-date: /home/vsadnik/RTC_Cup/install/motion_interfaces/share/motion_interfaces/environment/library_path.sh
[0.465s] -- Up-to-date: /home/vsadnik/RTC_Cup/install/motion_interfaces/share/motion_interfaces/environment/library_path.dsv
[0.465s] -- Up-to-date: /home/vsadnik/RTC_Cup/install/motion_interfaces/lib/libmotion_interfaces__rosidl_generator_c.so
[0.466s] -- Up-to-date: /home/vsadnik/RTC_Cup/install/motion_interfaces/include/motion_interfaces/motion_interfaces
[0.466s] -- Up-to-date: /home/vsadnik/RTC_Cup/install/motion_interfaces/include/motion_interfaces/motion_interfaces/msg
[0.466s] -- Up-to-date: /home/vsadnik/RTC_Cup/install/motion_interfaces/include/motion_interfaces/motion_interfaces/msg/rosidl_typesupport_fastrtps_c__visibility_control.h
[0.466s] -- Up-to-date: /home/vsadnik/RTC_Cup/install/motion_interfaces/include/motion_interfaces/motion_interfaces/action
[0.466s] -- Up-to-date: /home/vsadnik/RTC_Cup/install/motion_interfaces/include/motion_interfaces/motion_interfaces/action/detail
[0.466s] -- Up-to-date: /home/vsadnik/RTC_Cup/install/motion_interfaces/include/motion_interfaces/motion_interfaces/action/detail/navigate__rosidl_typesupport_fastrtps_c.h
[0.467s] -- Up-to-date: /home/vsadnik/RTC_Cup/install/motion_interfaces/lib/libmotion_interfaces__rosidl_typesupport_fastrtps_c.so
[0.467s] -- Up-to-date: /home/vsadnik/RTC_Cup/install/motion_interfaces/include/motion_interfaces/motion_interfaces
[0.467s] -- Up-to-date: /home/vsadnik/RTC_Cup/install/motion_interfaces/include/motion_interfaces/motion_interfaces/msg
[0.467s] -- Up-to-date: /home/vsadnik/RTC_Cup/install/motion_interfaces/include/motion_interfaces/motion_interfaces/msg/rosidl_typesupport_introspection_c__visibility_control.h
[0.468s] -- Up-to-date: /home/vsadnik/RTC_Cup/install/motion_interfaces/include/motion_interfaces/motion_interfaces/action
[0.468s] -- Up-to-date: /home/vsadnik/RTC_Cup/install/motion_interfaces/include/motion_interfaces/motion_interfaces/action/detail
[0.468s] -- Up-to-date: /home/vsadnik/RTC_Cup/install/motion_interfaces/include/motion_interfaces/motion_interfaces/action/detail/navigate__rosidl_typesupport_introspection_c.h
[0.468s] -- Up-to-date: /home/vsadnik/RTC_Cup/install/motion_interfaces/include/motion_interfaces/motion_interfaces/action/detail/navigate__type_support.c
[0.468s] -- Up-to-date: /home/vsadnik/RTC_Cup/install/motion_interfaces/lib/libmotion_interfaces__rosidl_typesupport_introspection_c.so
[0.469s] -- Up-to-date: /home/vsadnik/RTC_Cup/install/motion_interfaces/lib/libmotion_interfaces__rosidl_typesupport_c.so
[0.469s] -- Up-to-date: /home/vsadnik/RTC_Cup/install/motion_interfaces/include/motion_interfaces/motion_interfaces
[0.470s] -- Up-to-date: /home/vsadnik/RTC_Cup/install/motion_interfaces/include/motion_interfaces/motion_interfaces/msg
[0.470s] -- Up-to-date: /home/vsadnik/RTC_Cup/install/motion_interfaces/include/motion_interfaces/motion_interfaces/msg/rosidl_generator_cpp__visibility_control.hpp
[0.470s] -- Up-to-date: /home/vsadnik/RTC_Cup/install/motion_interfaces/include/motion_interfaces/motion_interfaces/action
[0.470s] -- Up-to-date: /home/vsadnik/RTC_Cup/install/motion_interfaces/include/motion_interfaces/motion_interfaces/action/detail
[0.470s] -- Up-to-date: /home/vsadnik/RTC_Cup/install/motion_interfaces/include/motion_interfaces/motion_interfaces/action/detail/navigate__type_support.hpp
[0.470s] -- Up-to-date: /home/vsadnik/RTC_Cup/install/motion_interfaces/include/motion_interfaces/motion_interfaces/action/detail/navigate__struct.hpp
[0.470s] -- Up-to-date: /home/vsadnik/RTC_Cup/install/motion_interfaces/include/motion_interfaces/motion_interfaces/action/detail/navigate__traits.hpp
[0.470s] -- Up-to-date: /home/vsadnik/RTC_Cup/install/motion_interfaces/include/motion_interfaces/motion_interfaces/action/detail/navigate__builder.hpp
[0.470s] -- Up-to-date: /home/vsadnik/RTC_Cup/install/motion_interfaces/include/motion_interfaces/motion_interfaces/action/navigate.hpp
[0.470s] -- Up-to-date: /home/vsadnik/RTC_Cup/install/motion_interfaces/include/motion_interfaces/motion_interfaces
[0.471s] -- Up-to-date: /home/vsadnik/RTC_Cup/install/motion_interfaces/include/motion_interfaces/motion_interfaces/msg
[0.471s] -- Up-to-date: /home/vsadnik/RTC_Cup/install/motion_interfaces/include/motion_interfaces/motion_interfaces/msg/rosidl_typesupport_fastrtps_cpp__visibility_control.h
[0.471s] -- Up-to-date: /home/vsadnik/RTC_Cup/install/motion_interfaces/include/motion_interfaces/motion_interfaces/action
[0.471s] -- Up-to-date: /home/vsadnik/RTC_Cup/install/motion_interfaces/include/motion_interfaces/motion_interfaces/action/detail
[0.471s] -- Up-to-date: /home/vsadnik/RTC_Cup/install/motion_interfaces/include/motion_interfaces/motion_interfaces/action/detail/navigate__rosidl_typesupport_fastrtps_cpp.hpp
[0.471s] -- Up-to-date: /home/vsadnik/RTC_Cup/install/motion_interfaces/include/motion_interfaces/motion_interfaces/action/detail/dds_fastrtps
[0.471s] -- Up-to-date: /home/vsadnik/RTC_Cup/install/motion_interfaces/lib/libmotion_interfaces__rosidl_typesupport_fastrtps_cpp.so
[0.471s] -- Up-to-date: /home/vsadnik/RTC_Cup/install/motion_interfaces/include/motion_interfaces/motion_interfaces
[0.472s] -- Up-to-date: /home/vsadnik/RTC_Cup/install/motion_interfaces/include/motion_interfaces/motion_interfaces/action
[0.472s] -- Up-to-date: /home/vsadnik/RTC_Cup/install/motion_interfaces/include/motion_interfaces/motion_interfaces/action/detail
[0.472s] -- Up-to-date: /home/vsadnik/RTC_Cup/install/motion_interfaces/include/motion_interfaces/motion_interfaces/action/detail/navigate__type_support.cpp
[0.472s] -- Up-to-date: /home/vsadnik/RTC_Cup/install/motion_interfaces/include/motion_interfaces/motion_interfaces/action/detail/navigate__rosidl_typesupport_introspection_cpp.hpp
[0.473s] -- Up-to-date: /home/vsadnik/RTC_Cup/install/motion_interfaces/lib/libmotion_interfaces__rosidl_typesupport_introspection_cpp.so
[0.473s] -- Up-to-date: /home/vsadnik/RTC_Cup/install/motion_interfaces/lib/libmotion_interfaces__rosidl_typesupport_cpp.so
[0.474s] -- Up-to-date: /home/vsadnik/RTC_Cup/install/motion_interfaces/share/motion_interfaces/environment/pythonpath.sh
[0.474s] -- Up-to-date: /home/vsadnik/RTC_Cup/install/motion_interfaces/share/motion_interfaces/environment/pythonpath.dsv
[0.474s] -- Up-to-date: /home/vsadnik/RTC_Cup/install/motion_interfaces/lib/python3.12/site-packages/motion_interfaces-0.0.1-py3.12.egg-info
[0.474s] -- Installing: /home/vsadnik/RTC_Cup/install/motion_interfaces/lib/python3.12/site-packages/motion_interfaces-0.0.1-py3.12.egg-info/top_level.txt
[0.474s] -- Installing: /home/vsadnik/RTC_Cup/install/motion_interfaces/lib/python3.12/site-packages/motion_interfaces-0.0.1-py3.12.egg-info/SOURCES.txt
[0.474s] -- Installing: /home/vsadnik/RTC_Cup/install/motion_interfaces/lib/python3.12/site-packages/motion_interfaces-0.0.1-py3.12.egg-info/PKG-INFO
[0.475s] -- Installing: /home/vsadnik/RTC_Cup/install/motion_interfaces/lib/python3.12/site-packages/motion_interfaces-0.0.1-py3.12.egg-info/dependency_links.txt
[0.475s] -- Up-to-date: /home/vsadnik/RTC_Cup/install/motion_interfaces/lib/python3.12/site-packages/motion_interfaces
[0.475s] -- Up-to-date: /home/vsadnik/RTC_Cup/install/motion_interfaces/lib/python3.12/site-packages/motion_interfaces/motion_interfaces_s__rosidl_typesupport_c.so
[0.475s] -- Up-to-date: /home/vsadnik/RTC_Cup/install/motion_interfaces/lib/python3.12/site-packages/motion_interfaces/_motion_interfaces_s.ep.rosidl_typesupport_fastrtps_c.c
[0.476s] -- Up-to-date: /home/vsadnik/RTC_Cup/install/motion_interfaces/lib/python3.12/site-packages/motion_interfaces/_motion_interfaces_s.ep.rosidl_typesupport_c.c
[0.476s] -- Up-to-date: /home/vsadnik/RTC_Cup/install/motion_interfaces/lib/python3.12/site-packages/motion_interfaces/motion_interfaces_s__rosidl_typesupport_introspection_c.so
[0.476s] -- Up-to-date: /home/vsadnik/RTC_Cup/install/motion_interfaces/lib/python3.12/site-packages/motion_interfaces/action
[0.476s] -- Up-to-date: /home/vsadnik/RTC_Cup/install/motion_interfaces/lib/python3.12/site-packages/motion_interfaces/action/_navigate_s.c
[0.476s] -- Up-to-date: /home/vsadnik/RTC_Cup/install/motion_interfaces/lib/python3.12/site-packages/motion_interfaces/action/_navigate.py
[0.476s] -- Up-to-date: /home/vsadnik/RTC_Cup/install/motion_interfaces/lib/python3.12/site-packages/motion_interfaces/action/__init__.py
[0.476s] -- Up-to-date: /home/vsadnik/RTC_Cup/install/motion_interfaces/lib/python3.12/site-packages/motion_interfaces/__init__.py
[0.476s] -- Up-to-date: /home/vsadnik/RTC_Cup/install/motion_interfaces/lib/python3.12/site-packages/motion_interfaces/motion_interfaces_s__rosidl_typesupport_fastrtps_c.so
[0.476s] -- Up-to-date: /home/vsadnik/RTC_Cup/install/motion_interfaces/lib/python3.12/site-packages/motion_interfaces/_motion_interfaces_s.ep.rosidl_typesupport_introspection_c.c
[0.502s] Listing '/home/vsadnik/RTC_Cup/install/motion_interfaces/lib/python3.12/site-packages/motion_interfaces'...
[0.502s] Listing '/home/vsadnik/RTC_Cup/install/motion_interfaces/lib/python3.12/site-packages/motion_interfaces/action'...
[0.506s] -- Up-to-date: /home/vsadnik/RTC_Cup/install/motion_interfaces/lib/python3.12/site-packages/motion_interfaces/motion_interfaces_s__rosidl_typesupport_fastrtps_c.so
[0.507s] -- Up-to-date: /home/vsadnik/RTC_Cup/install/motion_interfaces/lib/python3.12/site-packages/motion_interfaces/motion_interfaces_s__rosidl_typesupport_introspection_c.so
[0.508s] -- Up-to-date: /home/vsadnik/RTC_Cup/install/motion_interfaces/lib/python3.12/site-packages/motion_interfaces/motion_interfaces_s__rosidl_typesupport_c.so
[0.509s] -- Up-to-date: /home/vsadnik/RTC_Cup/install/motion_interfaces/lib/libmotion_interfaces__rosidl_generator_py.so
[0.510s] -- Up-to-date: /home/vsadnik/RTC_Cup/install/motion_interfaces/share/motion_interfaces/action/Navigate.idl
[0.510s] -- Up-to-date: /home/vsadnik/RTC_Cup/install/motion_interfaces/share/motion_interfaces/action/Navigate.action
[0.510s] -- Up-to-date: /home/vsadnik/RTC_Cup/install/motion_interfaces/share/ament_index/resource_index/package_run_dependencies/motion_interfaces
[0.510s] -- Up-to-date: /home/vsadnik/RTC_Cup/install/motion_interfaces/share/ament_index/resource_index/parent_prefix_path/motion_interfaces
[0.510s] -- Up-to-date: /home/vsadnik/RTC_Cup/install/motion_interfaces/share/motion_interfaces/environment/ament_prefix_path.sh
[0.510s] -- Up-to-date: /home/vsadnik/RTC_Cup/install/motion_interfaces/share/motion_interfaces/environment/ament_prefix_path.dsv
[0.510s] -- Up-to-date: /home/vsadnik/RTC_Cup/install/motion_interfaces/share/motion_interfaces/environment/path.sh
[0.511s] -- Up-to-date: /home/vsadnik/RTC_Cup/install/motion_interfaces/share/motion_interfaces/environment/path.dsv
[0.511s] -- Up-to-date: /home/vsadnik/RTC_Cup/install/motion_interfaces/share/motion_interfaces/local_setup.bash
[0.511s] -- Up-to-date: /home/vsadnik/RTC_Cup/install/motion_interfaces/share/motion_interfaces/local_setup.sh
[0.511s] -- Up-to-date: /home/vsadnik/RTC_Cup/install/motion_interfaces/share/motion_interfaces/local_setup.zsh
[0.511s] -- Up-to-date: /home/vsadnik/RTC_Cup/install/motion_interfaces/share/motion_interfaces/local_setup.dsv
[0.511s] -- Installing: /home/vsadnik/RTC_Cup/install/motion_interfaces/share/motion_interfaces/package.dsv
[0.511s] -- Up-to-date: /home/vsadnik/RTC_Cup/install/motion_interfaces/share/ament_index/resource_index/packages/motion_interfaces
[0.512s] -- Up-to-date: /home/vsadnik/RTC_Cup/install/motion_interfaces/share/motion_interfaces/cmake/export_motion_interfaces__rosidl_generator_cExport.cmake
[0.512s] -- Up-to-date: /home/vsadnik/RTC_Cup/install/motion_interfaces/share/motion_interfaces/cmake/export_motion_interfaces__rosidl_generator_cExport-noconfig.cmake
[0.512s] -- Up-to-date: /home/vsadnik/RTC_Cup/install/motion_interfaces/share/motion_interfaces/cmake/export_motion_interfaces__rosidl_typesupport_fastrtps_cExport.cmake
[0.513s] -- Up-to-date: /home/vsadnik/RTC_Cup/install/motion_interfaces/share/motion_interfaces/cmake/export_motion_interfaces__rosidl_typesupport_fastrtps_cExport-noconfig.cmake
[0.513s] -- Up-to-date: /home/vsadnik/RTC_Cup/install/motion_interfaces/share/motion_interfaces/cmake/motion_interfaces__rosidl_typesupport_introspection_cExport.cmake
[0.513s] -- Up-to-date: /home/vsadnik/RTC_Cup/install/motion_interfaces/share/motion_interfaces/cmake/motion_interfaces__rosidl_typesupport_introspection_cExport-noconfig.cmake
[0.514s] -- Up-to-date: /home/vsadnik/RTC_Cup/install/motion_interfaces/share/motion_interfaces/cmake/motion_interfaces__rosidl_typesupport_cExport.cmake
[0.514s] -- Up-to-date: /home/vsadnik/RTC_Cup/install/motion_interfaces/share/motion_interfaces/cmake/motion_interfaces__rosidl_typesupport_cExport-noconfig.cmake
[0.514s] -- Up-to-date: /home/vsadnik/RTC_Cup/install/motion_interfaces/share/motion_interfaces/cmake/export_motion_interfaces__rosidl_generator_cppExport.cmake
[0.515s] -- Up-to-date: /home/vsadnik/RTC_Cup/install/motion_interfaces/share/motion_interfaces/cmake/export_motion_interfaces__rosidl_typesupport_fastrtps_cppExport.cmake
[0.515s] -- Up-to-date: /home/vsadnik/RTC_Cup/install/motion_interfaces/share/motion_interfaces/cmake/export_motion_interfaces__rosidl_typesupport_fastrtps_cppExport-noconfig.cmake
[0.515s] -- Up-to-date: /home/vsadnik/RTC_Cup/install/motion_interfaces/share/motion_interfaces/cmake/motion_interfaces__rosidl_typesupport_introspection_cppExport.cmake
[0.516s] -- Up-to-date: /home/vsadnik/RTC_Cup/install/motion_interfaces/share/motion_interfaces/cmake/motion_interfaces__rosidl_typesupport_introspection_cppExport-noconfig.cmake
[0.516s] -- Up-to-date: /home/vsadnik/RTC_Cup/install/motion_interfaces/share/motion_interfaces/cmake/motion_interfaces__rosidl_typesupport_cppExport.cmake
[0.516s] -- Up-to-date: /home/vsadnik/RTC_Cup/install/motion_interfaces/share/motion_interfaces/cmake/motion_interfaces__rosidl_typesupport_cppExport-noconfig.cmake
[0.517s] -- Up-to-date: /home/vsadnik/RTC_Cup/install/motion_interfaces/share/motion_interfaces/cmake/export_motion_interfaces__rosidl_generator_pyExport.cmake
[0.517s] -- Up-to-date: /home/vsadnik/RTC_Cup/install/motion_interfaces/share/motion_interfaces/cmake/export_motion_interfaces__rosidl_generator_pyExport-noconfig.cmake
[0.517s] -- Up-to-date: /home/vsadnik/RTC_Cup/install/motion_interfaces/share/motion_interfaces/cmake/rosidl_cmake-extras.cmake
[0.517s] -- Up-to-date: /home/vsadnik/RTC_Cup/install/motion_interfaces/share/motion_interfaces/cmake/ament_cmake_export_dependencies-extras.cmake
[0.517s] -- Up-to-date: /home/vsadnik/RTC_Cup/install/motion_interfaces/share/motion_interfaces/cmake/ament_cmake_export_include_directories-extras.cmake
[0.518s] -- Up-to-date: /home/vsadnik/RTC_Cup/install/motion_interfaces/share/motion_interfaces/cmake/ament_cmake_export_libraries-extras.cmake
[0.518s] -- Up-to-date: /home/vsadnik/RTC_Cup/install/motion_interfaces/share/motion_interfaces/cmake/ament_cmake_export_targets-extras.cmake
[0.518s] -- Up-to-date: /home/vsadnik/RTC_Cup/install/motion_interfaces/share/motion_interfaces/cmake/rosidl_cmake_export_typesupport_targets-extras.cmake
[0.518s] -- Up-to-date: /home/vsadnik/RTC_Cup/install/motion_interfaces/share/motion_interfaces/cmake/rosidl_cmake_export_typesupport_libraries-extras.cmake
[0.518s] -- Up-to-date: /home/vsadnik/RTC_Cup/install/motion_interfaces/share/motion_interfaces/cmake/motion_interfacesConfig.cmake
[0.518s] -- Up-to-date: /home/vsadnik/RTC_Cup/install/motion_interfaces/share/motion_interfaces/cmake/motion_interfacesConfig-version.cmake
[0.518s] -- Up-to-date: /home/vsadnik/RTC_Cup/install/motion_interfaces/share/motion_interfaces/package.xml
[0.520s] Invoked command in '/home/vsadnik/RTC_Cup/build/motion_interfaces' returned '0': CMAKE_PREFIX_PATH=${CMAKE_PREFIX_PATH}:/opt/ros/jazzy DEBUGINFOD_URLS=https://debuginfod.ubuntu.com /usr/bin/cmake --install /home/vsadnik/RTC_Cup/build/motion_interfaces
