running egg_info
creating ../../build/experiments/experiments.egg-info
writing ../../build/experiments/experiments.egg-info/PKG-INFO
writing dependency_links to ../../build/experiments/experiments.egg-info/dependency_links.txt
writing requirements to ../../build/experiments/experiments.egg-info/requires.txt
writing top-level names to ../../build/experiments/experiments.egg-info/top_level.txt
writing manifest file '../../build/experiments/experiments.egg-info/SOURCES.txt'
reading manifest file '../../build/experiments/experiments.egg-info/SOURCES.txt'
writing manifest file '../../build/experiments/experiments.egg-info/SOURCES.txt'
running build
running build_py
creating /home/vsadnik/RTC_Cup/build/experiments/build
creating /home/vsadnik/RTC_Cup/build/experiments/build/lib
creating /home/vsadnik/RTC_Cup/build/experiments/build/lib/experiments
copying experiments/__init__.py -> /home/vsadnik/RTC_Cup/build/experiments/build/lib/experiments
running install
running install_lib
creating /home/vsadnik/RTC_Cup/install/experiments/lib/python3.12/site-packages/experiments
copying /home/vsadnik/RTC_Cup/build/experiments/build/lib/experiments/__init__.py -> /home/vsadnik/RTC_Cup/install/experiments/lib/python3.12/site-packages/experiments
byte-compiling /home/vsadnik/RTC_Cup/install/experiments/lib/python3.12/site-packages/experiments/__init__.py to __init__.cpython-312.pyc
running install_data
creating /home/vsadnik/RTC_Cup/install/experiments/share/ament_index
creating /home/vsadnik/RTC_Cup/install/experiments/share/ament_index/resource_index
creating /home/vsadnik/RTC_Cup/install/experiments/share/ament_index/resource_index/packages
copying resource/experiments -> /home/vsadnik/RTC_Cup/install/experiments/share/ament_index/resource_index/packages
copying package.xml -> /home/vsadnik/RTC_Cup/install/experiments/share/experiments
running install_egg_info
Copying ../../build/experiments/experiments.egg-info to /home/vsadnik/RTC_Cup/install/experiments/lib/python3.12/site-packages/experiments-0.0.0-py3.12.egg-info
running install_scripts
writing list of installed files to '/home/vsadnik/RTC_Cup/build/experiments/install.log'
