[0.166s] DEBUG:colcon:Command line arguments: ['/usr/bin/colcon', 'build']
[0.166s] DEBUG:colcon:Parsed command line arguments: Namespace(log_base=None, log_level=None, verb_name='build', build_base='build', install_base='install', merge_install=False, symlink_install=False, test_result_base=None, continue_on_error=False, executor='parallel', parallel_workers=12, event_handlers=None, ignore_user_meta=False, metas=['./colcon.meta'], base_paths=['.'], packages_ignore=None, packages_ignore_regex=None, paths=None, packages_up_to=None, packages_up_to_regex=None, packages_above=None, packages_above_and_dependencies=None, packages_above_depth=None, packages_select_by_dep=None, packages_skip_by_dep=None, packages_skip_up_to=None, packages_select_build_failed=False, packages_skip_build_finished=False, packages_select_test_failures=False, packages_skip_test_passed=False, packages_select=None, packages_skip=None, packages_select_regex=None, packages_skip_regex=None, packages_start=None, packages_end=None, allow_overriding=[], cmake_args=None, cmake_target=None, cmake_target_skip_unavailable=False, cmake_clean_cache=False, cmake_clean_first=False, cmake_force_configure=False, ament_cmake_args=None, catkin_cmake_args=None, catkin_skip_building_tests=False, mixin_files=None, mixin=None, verb_parser=<colcon_mixin.mixin.mixin_argument.MixinArgumentDecorator object at 0x7c2b8a687200>, verb_extension=<colcon_core.verb.build.BuildVerb object at 0x7c2b8a7b7890>, main=<bound method BuildVerb.main of <colcon_core.verb.build.BuildVerb object at 0x7c2b8a7b7890>>, mixin_verb=('build',))
[0.207s] Level 1:colcon.colcon_core.package_discovery:discover_packages(colcon_meta) check parameters
[0.207s] Level 1:colcon.colcon_core.package_discovery:discover_packages(recursive) check parameters
[0.207s] Level 1:colcon.colcon_core.package_discovery:discover_packages(ignore) check parameters
[0.207s] Level 1:colcon.colcon_core.package_discovery:discover_packages(path) check parameters
[0.207s] Level 1:colcon.colcon_core.package_discovery:discover_packages(colcon_meta) discover
[0.207s] Level 1:colcon.colcon_core.package_discovery:discover_packages(recursive) discover
[0.207s] INFO:colcon.colcon_core.package_discovery:Crawling recursively for packages in '/home/vsadnik/RTC_Cup'
[0.207s] Level 1:colcon.colcon_core.package_identification:_identify(.) by extensions ['ignore', 'ignore_ament_install']
[0.207s] Level 1:colcon.colcon_core.package_identification:_identify(.) by extension 'ignore'
[0.207s] Level 1:colcon.colcon_core.package_identification:_identify(.) by extension 'ignore_ament_install'
[0.207s] Level 1:colcon.colcon_core.package_identification:_identify(.) by extensions ['colcon_pkg']
[0.207s] Level 1:colcon.colcon_core.package_identification:_identify(.) by extension 'colcon_pkg'
[0.207s] Level 1:colcon.colcon_core.package_identification:_identify(.) by extensions ['colcon_meta']
[0.207s] Level 1:colcon.colcon_core.package_identification:_identify(.) by extension 'colcon_meta'
[0.207s] Level 1:colcon.colcon_core.package_identification:_identify(.) by extensions ['ros']
[0.207s] Level 1:colcon.colcon_core.package_identification:_identify(.) by extension 'ros'
[0.233s] Level 1:colcon.colcon_core.package_identification:_identify(.) by extensions ['cmake', 'python']
[0.233s] Level 1:colcon.colcon_core.package_identification:_identify(.) by extension 'cmake'
[0.233s] Level 1:colcon.colcon_core.package_identification:_identify(.) by extension 'python'
[0.233s] Level 1:colcon.colcon_core.package_identification:_identify(.) by extensions ['python_setup_py']
[0.233s] Level 1:colcon.colcon_core.package_identification:_identify(.) by extension 'python_setup_py'
[0.233s] Level 1:colcon.colcon_core.package_identification:_identify(build) by extensions ['ignore', 'ignore_ament_install']
[0.233s] Level 1:colcon.colcon_core.package_identification:_identify(build) by extension 'ignore'
[0.233s] Level 1:colcon.colcon_core.package_identification:_identify(build) ignored
[0.233s] Level 1:colcon.colcon_core.package_identification:_identify(install) by extensions ['ignore', 'ignore_ament_install']
[0.233s] Level 1:colcon.colcon_core.package_identification:_identify(install) by extension 'ignore'
[0.233s] Level 1:colcon.colcon_core.package_identification:_identify(install) ignored
[0.234s] Level 1:colcon.colcon_core.package_identification:_identify(log) by extensions ['ignore', 'ignore_ament_install']
[0.234s] Level 1:colcon.colcon_core.package_identification:_identify(log) by extension 'ignore'
[0.234s] Level 1:colcon.colcon_core.package_identification:_identify(log) ignored
[0.234s] Level 1:colcon.colcon_core.package_identification:_identify(src) by extensions ['ignore', 'ignore_ament_install']
[0.234s] Level 1:colcon.colcon_core.package_identification:_identify(src) by extension 'ignore'
[0.234s] Level 1:colcon.colcon_core.package_identification:_identify(src) by extension 'ignore_ament_install'
[0.234s] Level 1:colcon.colcon_core.package_identification:_identify(src) by extensions ['colcon_pkg']
[0.234s] Level 1:colcon.colcon_core.package_identification:_identify(src) by extension 'colcon_pkg'
[0.234s] Level 1:colcon.colcon_core.package_identification:_identify(src) by extensions ['colcon_meta']
[0.234s] Level 1:colcon.colcon_core.package_identification:_identify(src) by extension 'colcon_meta'
[0.234s] Level 1:colcon.colcon_core.package_identification:_identify(src) by extensions ['ros']
[0.234s] Level 1:colcon.colcon_core.package_identification:_identify(src) by extension 'ros'
[0.234s] Level 1:colcon.colcon_core.package_identification:_identify(src) by extensions ['cmake', 'python']
[0.234s] Level 1:colcon.colcon_core.package_identification:_identify(src) by extension 'cmake'
[0.234s] Level 1:colcon.colcon_core.package_identification:_identify(src) by extension 'python'
[0.234s] Level 1:colcon.colcon_core.package_identification:_identify(src) by extensions ['python_setup_py']
[0.234s] Level 1:colcon.colcon_core.package_identification:_identify(src) by extension 'python_setup_py'
[0.234s] Level 1:colcon.colcon_core.package_identification:_identify(src/experiments) by extensions ['ignore', 'ignore_ament_install']
[0.234s] Level 1:colcon.colcon_core.package_identification:_identify(src/experiments) by extension 'ignore'
[0.234s] Level 1:colcon.colcon_core.package_identification:_identify(src/experiments) by extension 'ignore_ament_install'
[0.234s] Level 1:colcon.colcon_core.package_identification:_identify(src/experiments) by extensions ['colcon_pkg']
[0.235s] Level 1:colcon.colcon_core.package_identification:_identify(src/experiments) by extension 'colcon_pkg'
[0.235s] Level 1:colcon.colcon_core.package_identification:_identify(src/experiments) by extensions ['colcon_meta']
[0.235s] Level 1:colcon.colcon_core.package_identification:_identify(src/experiments) by extension 'colcon_meta'
[0.235s] Level 1:colcon.colcon_core.package_identification:_identify(src/experiments) by extensions ['ros']
[0.235s] Level 1:colcon.colcon_core.package_identification:_identify(src/experiments) by extension 'ros'
[0.236s] DEBUG:colcon.colcon_core.package_identification:Package 'src/experiments' with type 'ros.ament_python' and name 'experiments'
[0.236s] Level 1:colcon.colcon_core.package_identification:_identify(src/motion_control) by extensions ['ignore', 'ignore_ament_install']
[0.236s] Level 1:colcon.colcon_core.package_identification:_identify(src/motion_control) by extension 'ignore'
[0.236s] Level 1:colcon.colcon_core.package_identification:_identify(src/motion_control) by extension 'ignore_ament_install'
[0.237s] Level 1:colcon.colcon_core.package_identification:_identify(src/motion_control) by extensions ['colcon_pkg']
[0.237s] Level 1:colcon.colcon_core.package_identification:_identify(src/motion_control) by extension 'colcon_pkg'
[0.237s] Level 1:colcon.colcon_core.package_identification:_identify(src/motion_control) by extensions ['colcon_meta']
[0.237s] Level 1:colcon.colcon_core.package_identification:_identify(src/motion_control) by extension 'colcon_meta'
[0.237s] Level 1:colcon.colcon_core.package_identification:_identify(src/motion_control) by extensions ['ros']
[0.237s] Level 1:colcon.colcon_core.package_identification:_identify(src/motion_control) by extension 'ros'
[0.238s] DEBUG:colcon.colcon_core.package_identification:Package 'src/motion_control' with type 'ros.ament_python' and name 'motion_control'
[0.238s] Level 1:colcon.colcon_core.package_identification:_identify(src/motion_interfaces) by extensions ['ignore', 'ignore_ament_install']
[0.238s] Level 1:colcon.colcon_core.package_identification:_identify(src/motion_interfaces) by extension 'ignore'
[0.238s] Level 1:colcon.colcon_core.package_identification:_identify(src/motion_interfaces) by extension 'ignore_ament_install'
[0.238s] Level 1:colcon.colcon_core.package_identification:_identify(src/motion_interfaces) by extensions ['colcon_pkg']
[0.238s] Level 1:colcon.colcon_core.package_identification:_identify(src/motion_interfaces) by extension 'colcon_pkg'
[0.238s] Level 1:colcon.colcon_core.package_identification:_identify(src/motion_interfaces) by extensions ['colcon_meta']
[0.238s] Level 1:colcon.colcon_core.package_identification:_identify(src/motion_interfaces) by extension 'colcon_meta'
[0.238s] Level 1:colcon.colcon_core.package_identification:_identify(src/motion_interfaces) by extensions ['ros']
[0.238s] Level 1:colcon.colcon_core.package_identification:_identify(src/motion_interfaces) by extension 'ros'
[0.239s] DEBUG:colcon.colcon_core.package_identification:Package 'src/motion_interfaces' with type 'ros.ament_cmake' and name 'motion_interfaces'
[0.239s] Level 1:colcon.colcon_core.package_discovery:discover_packages(recursive) using defaults
[0.239s] Level 1:colcon.colcon_core.package_discovery:discover_packages(ignore) discover
[0.239s] Level 1:colcon.colcon_core.package_discovery:discover_packages(ignore) using defaults
[0.239s] Level 1:colcon.colcon_core.package_discovery:discover_packages(path) discover
[0.239s] Level 1:colcon.colcon_core.package_discovery:discover_packages(path) using defaults
[0.257s] Level 1:colcon.colcon_core.package_discovery:discover_packages(prefix_path) check parameters
[0.257s] Level 1:colcon.colcon_core.package_discovery:discover_packages(prefix_path) discover
[0.259s] DEBUG:colcon.colcon_installed_package_information.package_discovery:Found 3 installed packages in /home/vsadnik/RTC_Cup/install
[0.261s] DEBUG:colcon.colcon_installed_package_information.package_discovery:Found 447 installed packages in /opt/ros/jazzy
[0.263s] Level 1:colcon.colcon_core.package_discovery:discover_packages(prefix_path) using defaults
[0.317s] Level 5:colcon.colcon_core.verb:set package 'experiments' build argument 'cmake_args' from command line to 'None'
[0.317s] Level 5:colcon.colcon_core.verb:set package 'experiments' build argument 'cmake_target' from command line to 'None'
[0.317s] Level 5:colcon.colcon_core.verb:set package 'experiments' build argument 'cmake_target_skip_unavailable' from command line to 'False'
[0.317s] Level 5:colcon.colcon_core.verb:set package 'experiments' build argument 'cmake_clean_cache' from command line to 'False'
[0.317s] Level 5:colcon.colcon_core.verb:set package 'experiments' build argument 'cmake_clean_first' from command line to 'False'
[0.317s] Level 5:colcon.colcon_core.verb:set package 'experiments' build argument 'cmake_force_configure' from command line to 'False'
[0.317s] Level 5:colcon.colcon_core.verb:set package 'experiments' build argument 'ament_cmake_args' from command line to 'None'
[0.317s] Level 5:colcon.colcon_core.verb:set package 'experiments' build argument 'catkin_cmake_args' from command line to 'None'
[0.317s] Level 5:colcon.colcon_core.verb:set package 'experiments' build argument 'catkin_skip_building_tests' from command line to 'False'
[0.317s] DEBUG:colcon.colcon_core.verb:Building package 'experiments' with the following arguments: {'ament_cmake_args': None, 'build_base': '/home/vsadnik/RTC_Cup/build/experiments', 'catkin_cmake_args': None, 'catkin_skip_building_tests': False, 'cmake_args': None, 'cmake_clean_cache': False, 'cmake_clean_first': False, 'cmake_force_configure': False, 'cmake_target': None, 'cmake_target_skip_unavailable': False, 'install_base': '/home/vsadnik/RTC_Cup/install/experiments', 'merge_install': False, 'path': '/home/vsadnik/RTC_Cup/src/experiments', 'symlink_install': False, 'test_result_base': None}
[0.318s] Level 5:colcon.colcon_core.verb:set package 'motion_interfaces' build argument 'cmake_args' from command line to 'None'
[0.318s] Level 5:colcon.colcon_core.verb:set package 'motion_interfaces' build argument 'cmake_target' from command line to 'None'
[0.318s] Level 5:colcon.colcon_core.verb:set package 'motion_interfaces' build argument 'cmake_target_skip_unavailable' from command line to 'False'
[0.318s] Level 5:colcon.colcon_core.verb:set package 'motion_interfaces' build argument 'cmake_clean_cache' from command line to 'False'
[0.318s] Level 5:colcon.colcon_core.verb:set package 'motion_interfaces' build argument 'cmake_clean_first' from command line to 'False'
[0.318s] Level 5:colcon.colcon_core.verb:set package 'motion_interfaces' build argument 'cmake_force_configure' from command line to 'False'
[0.318s] Level 5:colcon.colcon_core.verb:set package 'motion_interfaces' build argument 'ament_cmake_args' from command line to 'None'
[0.318s] Level 5:colcon.colcon_core.verb:set package 'motion_interfaces' build argument 'catkin_cmake_args' from command line to 'None'
[0.318s] Level 5:colcon.colcon_core.verb:set package 'motion_interfaces' build argument 'catkin_skip_building_tests' from command line to 'False'
[0.318s] DEBUG:colcon.colcon_core.verb:Building package 'motion_interfaces' with the following arguments: {'ament_cmake_args': None, 'build_base': '/home/vsadnik/RTC_Cup/build/motion_interfaces', 'catkin_cmake_args': None, 'catkin_skip_building_tests': False, 'cmake_args': None, 'cmake_clean_cache': False, 'cmake_clean_first': False, 'cmake_force_configure': False, 'cmake_target': None, 'cmake_target_skip_unavailable': False, 'install_base': '/home/vsadnik/RTC_Cup/install/motion_interfaces', 'merge_install': False, 'path': '/home/vsadnik/RTC_Cup/src/motion_interfaces', 'symlink_install': False, 'test_result_base': None}
[0.318s] Level 5:colcon.colcon_core.verb:set package 'motion_control' build argument 'cmake_args' from command line to 'None'
[0.318s] Level 5:colcon.colcon_core.verb:set package 'motion_control' build argument 'cmake_target' from command line to 'None'
[0.318s] Level 5:colcon.colcon_core.verb:set package 'motion_control' build argument 'cmake_target_skip_unavailable' from command line to 'False'
[0.318s] Level 5:colcon.colcon_core.verb:set package 'motion_control' build argument 'cmake_clean_cache' from command line to 'False'
[0.318s] Level 5:colcon.colcon_core.verb:set package 'motion_control' build argument 'cmake_clean_first' from command line to 'False'
[0.318s] Level 5:colcon.colcon_core.verb:set package 'motion_control' build argument 'cmake_force_configure' from command line to 'False'
[0.318s] Level 5:colcon.colcon_core.verb:set package 'motion_control' build argument 'ament_cmake_args' from command line to 'None'
[0.318s] Level 5:colcon.colcon_core.verb:set package 'motion_control' build argument 'catkin_cmake_args' from command line to 'None'
[0.318s] Level 5:colcon.colcon_core.verb:set package 'motion_control' build argument 'catkin_skip_building_tests' from command line to 'False'
[0.318s] DEBUG:colcon.colcon_core.verb:Building package 'motion_control' with the following arguments: {'ament_cmake_args': None, 'build_base': '/home/vsadnik/RTC_Cup/build/motion_control', 'catkin_cmake_args': None, 'catkin_skip_building_tests': False, 'cmake_args': None, 'cmake_clean_cache': False, 'cmake_clean_first': False, 'cmake_force_configure': False, 'cmake_target': None, 'cmake_target_skip_unavailable': False, 'install_base': '/home/vsadnik/RTC_Cup/install/motion_control', 'merge_install': False, 'path': '/home/vsadnik/RTC_Cup/src/motion_control', 'symlink_install': False, 'test_result_base': None}
[0.318s] INFO:colcon.colcon_core.executor:Executing jobs using 'parallel' executor
[0.319s] DEBUG:colcon.colcon_parallel_executor.executor.parallel:run_until_complete
[0.320s] INFO:colcon.colcon_ros.task.ament_cmake.build:Building ROS package in '/home/vsadnik/RTC_Cup/src/motion_interfaces' with build type 'ament_cmake'
[0.320s] INFO:colcon.colcon_cmake.task.cmake.build:Building CMake package in '/home/vsadnik/RTC_Cup/src/motion_interfaces'
[0.322s] INFO:colcon.colcon_core.plugin_system:Skipping extension 'colcon_core.shell.bat': Not used on non-Windows systems
[0.322s] INFO:colcon.colcon_core.shell:Skip shell extension 'powershell' for command environment: Not usable outside of PowerShell
[0.322s] DEBUG:colcon.colcon_core.shell:Skip shell extension 'dsv' for command environment
[0.325s] INFO:colcon.colcon_ros.task.ament_python.build:Building ROS package in '/home/vsadnik/RTC_Cup/src/experiments' with build type 'ament_python'
[0.326s] Level 1:colcon.colcon_core.shell:create_environment_hook('experiments', 'ament_prefix_path')
[0.326s] INFO:colcon.colcon_core.shell:Creating environment hook '/home/vsadnik/RTC_Cup/install/experiments/share/experiments/hook/ament_prefix_path.ps1'
[0.327s] INFO:colcon.colcon_core.shell:Creating environment descriptor '/home/vsadnik/RTC_Cup/install/experiments/share/experiments/hook/ament_prefix_path.dsv'
[0.328s] INFO:colcon.colcon_core.shell:Creating environment hook '/home/vsadnik/RTC_Cup/install/experiments/share/experiments/hook/ament_prefix_path.sh'
[0.328s] INFO:colcon.colcon_core.shell:Skip shell extension 'powershell' for command environment: Not usable outside of PowerShell
[0.328s] DEBUG:colcon.colcon_core.shell:Skip shell extension 'dsv' for command environment
[0.337s] DEBUG:colcon.colcon_core.event_handler.log_command:Invoking command in '/home/vsadnik/RTC_Cup/build/motion_interfaces': CMAKE_PREFIX_PATH=${CMAKE_PREFIX_PATH}:/home/vsadnik/RTC_Cup/install/motion_control:/home/vsadnik/RTC_Cup/install/experiments:/opt/ros/jazzy DEBUGINFOD_URLS=https://debuginfod.ubuntu.com /usr/bin/cmake --build /home/vsadnik/RTC_Cup/build/motion_interfaces -- -j12 -l12
[0.567s] INFO:colcon.colcon_core.task.python.build:Building Python package in '/home/vsadnik/RTC_Cup/src/experiments'
[0.568s] INFO:colcon.colcon_core.shell:Skip shell extension 'powershell' for command environment: Not usable outside of PowerShell
[0.568s] DEBUG:colcon.colcon_core.shell:Skip shell extension 'dsv' for command environment
[1.195s] DEBUG:colcon.colcon_core.event_handler.log_command:Invoking command in '/home/vsadnik/RTC_Cup/src/experiments': DEBUGINFOD_URLS=https://debuginfod.ubuntu.com PYTHONPATH=/home/vsadnik/RTC_Cup/build/experiments/prefix_override:/usr/lib/python3/dist-packages/colcon_core/task/python/colcon_distutils_commands:/home/vsadnik/RTC_Cup/install/experiments/lib/python3.12/site-packages:${PYTHONPATH} /usr/bin/python3 -W ignore:setup.py install is deprecated -W ignore:easy_install command is deprecated setup.py egg_info --egg-base ../../build/experiments build --build-base /home/vsadnik/RTC_Cup/build/experiments/build install --record /home/vsadnik/RTC_Cup/build/experiments/install.log --single-version-externally-managed install_data
[1.371s] DEBUG:colcon.colcon_core.event_handler.log_command:Invoked command in '/home/vsadnik/RTC_Cup/build/motion_interfaces' returned '0': CMAKE_PREFIX_PATH=${CMAKE_PREFIX_PATH}:/home/vsadnik/RTC_Cup/install/motion_control:/home/vsadnik/RTC_Cup/install/experiments:/opt/ros/jazzy DEBUGINFOD_URLS=https://debuginfod.ubuntu.com /usr/bin/cmake --build /home/vsadnik/RTC_Cup/build/motion_interfaces -- -j12 -l12
[1.387s] DEBUG:colcon.colcon_core.event_handler.log_command:Invoking command in '/home/vsadnik/RTC_Cup/build/motion_interfaces': CMAKE_PREFIX_PATH=${CMAKE_PREFIX_PATH}:/home/vsadnik/RTC_Cup/install/motion_control:/home/vsadnik/RTC_Cup/install/experiments:/opt/ros/jazzy DEBUGINFOD_URLS=https://debuginfod.ubuntu.com /usr/bin/cmake --install /home/vsadnik/RTC_Cup/build/motion_interfaces
[1.471s] Level 1:colcon.colcon_core.environment:create_environment_scripts_only(motion_interfaces)
[1.473s] DEBUG:colcon.colcon_core.event_handler.log_command:Invoked command in '/home/vsadnik/RTC_Cup/build/motion_interfaces' returned '0': CMAKE_PREFIX_PATH=${CMAKE_PREFIX_PATH}:/home/vsadnik/RTC_Cup/install/motion_control:/home/vsadnik/RTC_Cup/install/experiments:/opt/ros/jazzy DEBUGINFOD_URLS=https://debuginfod.ubuntu.com /usr/bin/cmake --install /home/vsadnik/RTC_Cup/build/motion_interfaces
[1.475s] Level 1:colcon.colcon_core.environment:checking '/home/vsadnik/RTC_Cup/install/motion_interfaces' for CMake module files
[1.475s] Level 1:colcon.colcon_core.environment:checking '/home/vsadnik/RTC_Cup/install/motion_interfaces' for CMake config files
[1.476s] Level 1:colcon.colcon_core.shell:create_environment_hook('motion_interfaces', 'cmake_prefix_path')
[1.476s] INFO:colcon.colcon_core.shell:Creating environment hook '/home/vsadnik/RTC_Cup/install/motion_interfaces/share/motion_interfaces/hook/cmake_prefix_path.ps1'
[1.476s] INFO:colcon.colcon_core.shell:Creating environment descriptor '/home/vsadnik/RTC_Cup/install/motion_interfaces/share/motion_interfaces/hook/cmake_prefix_path.dsv'
[1.478s] INFO:colcon.colcon_core.shell:Creating environment hook '/home/vsadnik/RTC_Cup/install/motion_interfaces/share/motion_interfaces/hook/cmake_prefix_path.sh'
[1.479s] Level 1:colcon.colcon_core.environment:checking '/home/vsadnik/RTC_Cup/install/motion_interfaces/lib'
[1.479s] Level 1:colcon.colcon_core.shell:create_environment_hook('motion_interfaces', 'ld_library_path_lib')
[1.479s] INFO:colcon.colcon_core.shell:Creating environment hook '/home/vsadnik/RTC_Cup/install/motion_interfaces/share/motion_interfaces/hook/ld_library_path_lib.ps1'
[1.480s] INFO:colcon.colcon_core.shell:Creating environment descriptor '/home/vsadnik/RTC_Cup/install/motion_interfaces/share/motion_interfaces/hook/ld_library_path_lib.dsv'
[1.480s] INFO:colcon.colcon_core.shell:Creating environment hook '/home/vsadnik/RTC_Cup/install/motion_interfaces/share/motion_interfaces/hook/ld_library_path_lib.sh'
[1.481s] Level 1:colcon.colcon_core.environment:checking '/home/vsadnik/RTC_Cup/install/motion_interfaces/bin'
[1.481s] Level 1:colcon.colcon_core.environment:checking '/home/vsadnik/RTC_Cup/install/motion_interfaces/lib/pkgconfig/motion_interfaces.pc'
[1.481s] Level 1:colcon.colcon_core.environment:checking '/home/vsadnik/RTC_Cup/install/motion_interfaces/lib/python3.12/site-packages'
[1.482s] Level 1:colcon.colcon_core.shell:create_environment_hook('motion_interfaces', 'pythonpath')
[1.482s] INFO:colcon.colcon_core.shell:Creating environment hook '/home/vsadnik/RTC_Cup/install/motion_interfaces/share/motion_interfaces/hook/pythonpath.ps1'
[1.483s] INFO:colcon.colcon_core.shell:Creating environment descriptor '/home/vsadnik/RTC_Cup/install/motion_interfaces/share/motion_interfaces/hook/pythonpath.dsv'
[1.483s] INFO:colcon.colcon_core.shell:Creating environment hook '/home/vsadnik/RTC_Cup/install/motion_interfaces/share/motion_interfaces/hook/pythonpath.sh'
[1.484s] Level 1:colcon.colcon_core.environment:checking '/home/vsadnik/RTC_Cup/install/motion_interfaces/bin'
[1.484s] INFO:colcon.colcon_core.shell:Creating package script '/home/vsadnik/RTC_Cup/install/motion_interfaces/share/motion_interfaces/package.ps1'
[1.486s] INFO:colcon.colcon_core.shell:Creating package descriptor '/home/vsadnik/RTC_Cup/install/motion_interfaces/share/motion_interfaces/package.dsv'
[1.486s] INFO:colcon.colcon_core.shell:Creating package script '/home/vsadnik/RTC_Cup/install/motion_interfaces/share/motion_interfaces/package.sh'
[1.487s] INFO:colcon.colcon_core.shell:Creating package script '/home/vsadnik/RTC_Cup/install/motion_interfaces/share/motion_interfaces/package.bash'
[1.487s] INFO:colcon.colcon_core.shell:Creating package script '/home/vsadnik/RTC_Cup/install/motion_interfaces/share/motion_interfaces/package.zsh'
[1.488s] Level 1:colcon.colcon_core.environment:create_file_with_runtime_dependencies(/home/vsadnik/RTC_Cup/install/motion_interfaces/share/colcon-core/packages/motion_interfaces)
[1.489s] Level 1:colcon.colcon_core.environment:create_environment_scripts_only(motion_interfaces)
[1.489s] Level 1:colcon.colcon_core.environment:checking '/home/vsadnik/RTC_Cup/install/motion_interfaces' for CMake module files
[1.490s] Level 1:colcon.colcon_core.environment:checking '/home/vsadnik/RTC_Cup/install/motion_interfaces' for CMake config files
[1.491s] Level 1:colcon.colcon_core.shell:create_environment_hook('motion_interfaces', 'cmake_prefix_path')
[1.491s] INFO:colcon.colcon_core.shell:Creating environment hook '/home/vsadnik/RTC_Cup/install/motion_interfaces/share/motion_interfaces/hook/cmake_prefix_path.ps1'
[1.491s] INFO:colcon.colcon_core.shell:Creating environment descriptor '/home/vsadnik/RTC_Cup/install/motion_interfaces/share/motion_interfaces/hook/cmake_prefix_path.dsv'
[1.492s] INFO:colcon.colcon_core.shell:Creating environment hook '/home/vsadnik/RTC_Cup/install/motion_interfaces/share/motion_interfaces/hook/cmake_prefix_path.sh'
[1.492s] Level 1:colcon.colcon_core.environment:checking '/home/vsadnik/RTC_Cup/install/motion_interfaces/lib'
[1.492s] Level 1:colcon.colcon_core.shell:create_environment_hook('motion_interfaces', 'ld_library_path_lib')
[1.492s] INFO:colcon.colcon_core.shell:Creating environment hook '/home/vsadnik/RTC_Cup/install/motion_interfaces/share/motion_interfaces/hook/ld_library_path_lib.ps1'
[1.493s] INFO:colcon.colcon_core.shell:Creating environment descriptor '/home/vsadnik/RTC_Cup/install/motion_interfaces/share/motion_interfaces/hook/ld_library_path_lib.dsv'
[1.493s] INFO:colcon.colcon_core.shell:Creating environment hook '/home/vsadnik/RTC_Cup/install/motion_interfaces/share/motion_interfaces/hook/ld_library_path_lib.sh'
[1.494s] Level 1:colcon.colcon_core.environment:checking '/home/vsadnik/RTC_Cup/install/motion_interfaces/bin'
[1.494s] Level 1:colcon.colcon_core.environment:checking '/home/vsadnik/RTC_Cup/install/motion_interfaces/lib/pkgconfig/motion_interfaces.pc'
[1.494s] Level 1:colcon.colcon_core.environment:checking '/home/vsadnik/RTC_Cup/install/motion_interfaces/lib/python3.12/site-packages'
[1.494s] Level 1:colcon.colcon_core.shell:create_environment_hook('motion_interfaces', 'pythonpath')
[1.494s] INFO:colcon.colcon_core.shell:Creating environment hook '/home/vsadnik/RTC_Cup/install/motion_interfaces/share/motion_interfaces/hook/pythonpath.ps1'
[1.495s] INFO:colcon.colcon_core.shell:Creating environment descriptor '/home/vsadnik/RTC_Cup/install/motion_interfaces/share/motion_interfaces/hook/pythonpath.dsv'
[1.495s] INFO:colcon.colcon_core.shell:Creating environment hook '/home/vsadnik/RTC_Cup/install/motion_interfaces/share/motion_interfaces/hook/pythonpath.sh'
[1.496s] Level 1:colcon.colcon_core.environment:checking '/home/vsadnik/RTC_Cup/install/motion_interfaces/bin'
[1.496s] INFO:colcon.colcon_core.shell:Creating package script '/home/vsadnik/RTC_Cup/install/motion_interfaces/share/motion_interfaces/package.ps1'
[1.497s] INFO:colcon.colcon_core.shell:Creating package descriptor '/home/vsadnik/RTC_Cup/install/motion_interfaces/share/motion_interfaces/package.dsv'
[1.498s] INFO:colcon.colcon_core.shell:Creating package script '/home/vsadnik/RTC_Cup/install/motion_interfaces/share/motion_interfaces/package.sh'
[1.498s] INFO:colcon.colcon_core.shell:Creating package script '/home/vsadnik/RTC_Cup/install/motion_interfaces/share/motion_interfaces/package.bash'
[1.499s] INFO:colcon.colcon_core.shell:Creating package script '/home/vsadnik/RTC_Cup/install/motion_interfaces/share/motion_interfaces/package.zsh'
[1.499s] Level 1:colcon.colcon_core.environment:create_file_with_runtime_dependencies(/home/vsadnik/RTC_Cup/install/motion_interfaces/share/colcon-core/packages/motion_interfaces)
[1.499s] INFO:colcon.colcon_ros.task.ament_python.build:Building ROS package in '/home/vsadnik/RTC_Cup/src/motion_control' with build type 'ament_python'
[1.499s] Level 1:colcon.colcon_core.shell:create_environment_hook('motion_control', 'ament_prefix_path')
[1.499s] INFO:colcon.colcon_core.shell:Creating environment hook '/home/vsadnik/RTC_Cup/install/motion_control/share/motion_control/hook/ament_prefix_path.ps1'
[1.500s] INFO:colcon.colcon_core.shell:Creating environment descriptor '/home/vsadnik/RTC_Cup/install/motion_control/share/motion_control/hook/ament_prefix_path.dsv'
[1.500s] INFO:colcon.colcon_core.shell:Creating environment hook '/home/vsadnik/RTC_Cup/install/motion_control/share/motion_control/hook/ament_prefix_path.sh'
[1.500s] INFO:colcon.colcon_core.shell:Skip shell extension 'powershell' for command environment: Not usable outside of PowerShell
[1.500s] DEBUG:colcon.colcon_core.shell:Skip shell extension 'dsv' for command environment
[1.858s] INFO:colcon.colcon_core.task.python.build:Building Python package in '/home/vsadnik/RTC_Cup/src/motion_control'
[1.859s] INFO:colcon.colcon_core.shell:Skip shell extension 'powershell' for command environment: Not usable outside of PowerShell
[1.859s] DEBUG:colcon.colcon_core.shell:Skip shell extension 'dsv' for command environment
[1.865s] Level 1:colcon.colcon_core.environment:checking '/home/vsadnik/RTC_Cup/install/experiments' for CMake module files
[1.866s] DEBUG:colcon.colcon_core.event_handler.log_command:Invoked command in '/home/vsadnik/RTC_Cup/src/experiments' returned '0': DEBUGINFOD_URLS=https://debuginfod.ubuntu.com PYTHONPATH=/home/vsadnik/RTC_Cup/build/experiments/prefix_override:/usr/lib/python3/dist-packages/colcon_core/task/python/colcon_distutils_commands:/home/vsadnik/RTC_Cup/install/experiments/lib/python3.12/site-packages:${PYTHONPATH} /usr/bin/python3 -W ignore:setup.py install is deprecated -W ignore:easy_install command is deprecated setup.py egg_info --egg-base ../../build/experiments build --build-base /home/vsadnik/RTC_Cup/build/experiments/build install --record /home/vsadnik/RTC_Cup/build/experiments/install.log --single-version-externally-managed install_data
[1.867s] Level 1:colcon.colcon_core.environment:checking '/home/vsadnik/RTC_Cup/install/experiments' for CMake config files
[1.868s] Level 1:colcon.colcon_core.environment:checking '/home/vsadnik/RTC_Cup/install/experiments/lib'
[1.868s] Level 1:colcon.colcon_core.environment:checking '/home/vsadnik/RTC_Cup/install/experiments/bin'
[1.868s] Level 1:colcon.colcon_core.environment:checking '/home/vsadnik/RTC_Cup/install/experiments/lib/pkgconfig/experiments.pc'
[1.868s] Level 1:colcon.colcon_core.environment:checking '/home/vsadnik/RTC_Cup/install/experiments/lib/python3.12/site-packages'
[1.868s] Level 1:colcon.colcon_core.shell:create_environment_hook('experiments', 'pythonpath')
[1.869s] INFO:colcon.colcon_core.shell:Creating environment hook '/home/vsadnik/RTC_Cup/install/experiments/share/experiments/hook/pythonpath.ps1'
[1.869s] INFO:colcon.colcon_core.shell:Creating environment descriptor '/home/vsadnik/RTC_Cup/install/experiments/share/experiments/hook/pythonpath.dsv'
[1.870s] INFO:colcon.colcon_core.shell:Creating environment hook '/home/vsadnik/RTC_Cup/install/experiments/share/experiments/hook/pythonpath.sh'
[1.870s] Level 1:colcon.colcon_core.environment:checking '/home/vsadnik/RTC_Cup/install/experiments/bin'
[1.870s] Level 1:colcon.colcon_core.environment:create_environment_scripts_only(experiments)
[1.871s] INFO:colcon.colcon_core.shell:Creating package script '/home/vsadnik/RTC_Cup/install/experiments/share/experiments/package.ps1'
[1.871s] INFO:colcon.colcon_core.shell:Creating package descriptor '/home/vsadnik/RTC_Cup/install/experiments/share/experiments/package.dsv'
[1.871s] INFO:colcon.colcon_core.shell:Creating package script '/home/vsadnik/RTC_Cup/install/experiments/share/experiments/package.sh'
[1.872s] INFO:colcon.colcon_core.shell:Creating package script '/home/vsadnik/RTC_Cup/install/experiments/share/experiments/package.bash'
[1.872s] INFO:colcon.colcon_core.shell:Creating package script '/home/vsadnik/RTC_Cup/install/experiments/share/experiments/package.zsh'
[1.872s] Level 1:colcon.colcon_core.environment:create_file_with_runtime_dependencies(/home/vsadnik/RTC_Cup/install/experiments/share/colcon-core/packages/experiments)
[2.608s] DEBUG:colcon.colcon_core.event_handler.log_command:Invoking command in '/home/vsadnik/RTC_Cup/src/motion_control': DEBUGINFOD_URLS=https://debuginfod.ubuntu.com PYTHONPATH=/home/vsadnik/RTC_Cup/build/motion_control/prefix_override:/usr/lib/python3/dist-packages/colcon_core/task/python/colcon_distutils_commands:/home/vsadnik/RTC_Cup/install/motion_control/lib/python3.12/site-packages:/home/vsadnik/RTC_Cup/install/motion_interfaces/lib/python3.12/site-packages:/home/vsadnik/RTC_Cup/install/motion_control/lib/python3.12/site-packages:/home/vsadnik/RTC_Cup/install/experiments/lib/python3.12/site-packages:/opt/ros/jazzy/lib/python3.12/site-packages /usr/bin/python3 -W ignore:setup.py install is deprecated -W ignore:easy_install command is deprecated setup.py egg_info --egg-base ../../build/motion_control build --build-base /home/vsadnik/RTC_Cup/build/motion_control/build install --record /home/vsadnik/RTC_Cup/build/motion_control/install.log --single-version-externally-managed install_data
[3.200s] Level 1:colcon.colcon_core.environment:checking '/home/vsadnik/RTC_Cup/install/motion_control' for CMake module files
[3.203s] DEBUG:colcon.colcon_core.event_handler.log_command:Invoked command in '/home/vsadnik/RTC_Cup/src/motion_control' returned '0': DEBUGINFOD_URLS=https://debuginfod.ubuntu.com PYTHONPATH=/home/vsadnik/RTC_Cup/build/motion_control/prefix_override:/usr/lib/python3/dist-packages/colcon_core/task/python/colcon_distutils_commands:/home/vsadnik/RTC_Cup/install/motion_control/lib/python3.12/site-packages:/home/vsadnik/RTC_Cup/install/motion_interfaces/lib/python3.12/site-packages:/home/vsadnik/RTC_Cup/install/motion_control/lib/python3.12/site-packages:/home/vsadnik/RTC_Cup/install/experiments/lib/python3.12/site-packages:/opt/ros/jazzy/lib/python3.12/site-packages /usr/bin/python3 -W ignore:setup.py install is deprecated -W ignore:easy_install command is deprecated setup.py egg_info --egg-base ../../build/motion_control build --build-base /home/vsadnik/RTC_Cup/build/motion_control/build install --record /home/vsadnik/RTC_Cup/build/motion_control/install.log --single-version-externally-managed install_data
[3.204s] Level 1:colcon.colcon_core.environment:checking '/home/vsadnik/RTC_Cup/install/motion_control' for CMake config files
[3.204s] Level 1:colcon.colcon_core.environment:checking '/home/vsadnik/RTC_Cup/install/motion_control/lib'
[3.205s] Level 1:colcon.colcon_core.environment:checking '/home/vsadnik/RTC_Cup/install/motion_control/bin'
[3.205s] Level 1:colcon.colcon_core.environment:checking '/home/vsadnik/RTC_Cup/install/motion_control/lib/pkgconfig/motion_control.pc'
[3.205s] Level 1:colcon.colcon_core.environment:checking '/home/vsadnik/RTC_Cup/install/motion_control/lib/python3.12/site-packages'
[3.205s] Level 1:colcon.colcon_core.shell:create_environment_hook('motion_control', 'pythonpath')
[3.206s] INFO:colcon.colcon_core.shell:Creating environment hook '/home/vsadnik/RTC_Cup/install/motion_control/share/motion_control/hook/pythonpath.ps1'
[3.206s] INFO:colcon.colcon_core.shell:Creating environment descriptor '/home/vsadnik/RTC_Cup/install/motion_control/share/motion_control/hook/pythonpath.dsv'
[3.206s] INFO:colcon.colcon_core.shell:Creating environment hook '/home/vsadnik/RTC_Cup/install/motion_control/share/motion_control/hook/pythonpath.sh'
[3.207s] Level 1:colcon.colcon_core.environment:checking '/home/vsadnik/RTC_Cup/install/motion_control/bin'
[3.207s] Level 1:colcon.colcon_core.environment:create_environment_scripts_only(motion_control)
[3.207s] INFO:colcon.colcon_core.shell:Creating package script '/home/vsadnik/RTC_Cup/install/motion_control/share/motion_control/package.ps1'
[3.209s] INFO:colcon.colcon_core.shell:Creating package descriptor '/home/vsadnik/RTC_Cup/install/motion_control/share/motion_control/package.dsv'
[3.209s] INFO:colcon.colcon_core.shell:Creating package script '/home/vsadnik/RTC_Cup/install/motion_control/share/motion_control/package.sh'
[3.210s] INFO:colcon.colcon_core.shell:Creating package script '/home/vsadnik/RTC_Cup/install/motion_control/share/motion_control/package.bash'
[3.210s] INFO:colcon.colcon_core.shell:Creating package script '/home/vsadnik/RTC_Cup/install/motion_control/share/motion_control/package.zsh'
[3.210s] Level 1:colcon.colcon_core.environment:create_file_with_runtime_dependencies(/home/vsadnik/RTC_Cup/install/motion_control/share/colcon-core/packages/motion_control)
[3.211s] DEBUG:colcon.colcon_parallel_executor.executor.parallel:closing loop
[3.211s] DEBUG:colcon.colcon_parallel_executor.executor.parallel:loop closed
[3.211s] DEBUG:colcon.colcon_parallel_executor.executor.parallel:run_until_complete finished with '0'
[3.211s] DEBUG:colcon.colcon_core.event_reactor:joining thread
[3.252s] INFO:colcon.colcon_core.plugin_system:Skipping extension 'colcon_notification.desktop_notification.notify_send': Could not find 'notify-send'
[3.253s] INFO:colcon.colcon_core.plugin_system:Skipping extension 'colcon_notification.desktop_notification.terminal_notifier': Not used on non-Darwin systems
[3.253s] INFO:colcon.colcon_core.plugin_system:Skipping extension 'colcon_notification.desktop_notification.win32': Not used on non-Windows systems
[3.253s] INFO:colcon.colcon_notification.desktop_notification:Sending desktop notification using 'notify2'
[3.254s] DEBUG:colcon.colcon_notification.desktop_notification.notify2:Failed to initialize notify2: org.freedesktop.DBus.Error.ServiceUnknown: The name org.freedesktop.Notifications was not provided by any .service files
[3.254s] DEBUG:colcon.colcon_core.event_reactor:joined thread
[3.254s] INFO:colcon.colcon_core.shell:Creating prefix script '/home/vsadnik/RTC_Cup/install/local_setup.ps1'
[3.255s] INFO:colcon.colcon_core.shell:Creating prefix util module '/home/vsadnik/RTC_Cup/install/_local_setup_util_ps1.py'
[3.256s] INFO:colcon.colcon_core.shell:Creating prefix chain script '/home/vsadnik/RTC_Cup/install/setup.ps1'
[3.257s] INFO:colcon.colcon_core.shell:Creating prefix script '/home/vsadnik/RTC_Cup/install/local_setup.sh'
[3.258s] INFO:colcon.colcon_core.shell:Creating prefix util module '/home/vsadnik/RTC_Cup/install/_local_setup_util_sh.py'
[3.258s] INFO:colcon.colcon_core.shell:Creating prefix chain script '/home/vsadnik/RTC_Cup/install/setup.sh'
[3.260s] INFO:colcon.colcon_core.shell:Creating prefix script '/home/vsadnik/RTC_Cup/install/local_setup.bash'
[3.260s] INFO:colcon.colcon_core.shell:Creating prefix chain script '/home/vsadnik/RTC_Cup/install/setup.bash'
[3.261s] INFO:colcon.colcon_core.shell:Creating prefix script '/home/vsadnik/RTC_Cup/install/local_setup.zsh'
[3.262s] INFO:colcon.colcon_core.shell:Creating prefix chain script '/home/vsadnik/RTC_Cup/install/setup.zsh'
