[0.183s] DEBUG:colcon:Command line arguments: ['/usr/bin/colcon', 'build']
[0.183s] DEBUG:colcon:Parsed command line arguments: Namespace(log_base=None, log_level=None, verb_name='build', build_base='build', install_base='install', merge_install=False, symlink_install=False, test_result_base=None, continue_on_error=False, executor='parallel', parallel_workers=12, event_handlers=None, ignore_user_meta=False, metas=['./colcon.meta'], base_paths=['.'], packages_ignore=None, packages_ignore_regex=None, paths=None, packages_up_to=None, packages_up_to_regex=None, packages_above=None, packages_above_and_dependencies=None, packages_above_depth=None, packages_select_by_dep=None, packages_skip_by_dep=None, packages_skip_up_to=None, packages_select_build_failed=False, packages_skip_build_finished=False, packages_select_test_failures=False, packages_skip_test_passed=False, packages_select=None, packages_skip=None, packages_select_regex=None, packages_skip_regex=None, packages_start=None, packages_end=None, allow_overriding=[], cmake_args=None, cmake_target=None, cmake_target_skip_unavailable=False, cmake_clean_cache=False, cmake_clean_first=False, cmake_force_configure=False, ament_cmake_args=None, catkin_cmake_args=None, catkin_skip_building_tests=False, mixin_files=None, mixin=None, verb_parser=<colcon_mixin.mixin.mixin_argument.MixinArgumentDecorator object at 0x77dddff77620>, verb_extension=<colcon_core.verb.build.BuildVerb object at 0x77dde00a7a10>, main=<bound method BuildVerb.main of <colcon_core.verb.build.BuildVerb object at 0x77dde00a7a10>>, mixin_verb=('build',))
[0.224s] Level 1:colcon.colcon_core.package_discovery:discover_packages(colcon_meta) check parameters
[0.224s] Level 1:colcon.colcon_core.package_discovery:discover_packages(recursive) check parameters
[0.224s] Level 1:colcon.colcon_core.package_discovery:discover_packages(ignore) check parameters
[0.224s] Level 1:colcon.colcon_core.package_discovery:discover_packages(path) check parameters
[0.225s] Level 1:colcon.colcon_core.package_discovery:discover_packages(colcon_meta) discover
[0.225s] Level 1:colcon.colcon_core.package_discovery:discover_packages(recursive) discover
[0.225s] INFO:colcon.colcon_core.package_discovery:Crawling recursively for packages in '/home/vsadnik/RTC_Cup'
[0.225s] Level 1:colcon.colcon_core.package_identification:_identify(.) by extensions ['ignore', 'ignore_ament_install']
[0.225s] Level 1:colcon.colcon_core.package_identification:_identify(.) by extension 'ignore'
[0.225s] Level 1:colcon.colcon_core.package_identification:_identify(.) by extension 'ignore_ament_install'
[0.225s] Level 1:colcon.colcon_core.package_identification:_identify(.) by extensions ['colcon_pkg']
[0.225s] Level 1:colcon.colcon_core.package_identification:_identify(.) by extension 'colcon_pkg'
[0.225s] Level 1:colcon.colcon_core.package_identification:_identify(.) by extensions ['colcon_meta']
[0.225s] Level 1:colcon.colcon_core.package_identification:_identify(.) by extension 'colcon_meta'
[0.225s] Level 1:colcon.colcon_core.package_identification:_identify(.) by extensions ['ros']
[0.225s] Level 1:colcon.colcon_core.package_identification:_identify(.) by extension 'ros'
[0.252s] Level 1:colcon.colcon_core.package_identification:_identify(.) by extensions ['cmake', 'python']
[0.252s] Level 1:colcon.colcon_core.package_identification:_identify(.) by extension 'cmake'
[0.252s] Level 1:colcon.colcon_core.package_identification:_identify(.) by extension 'python'
[0.252s] Level 1:colcon.colcon_core.package_identification:_identify(.) by extensions ['python_setup_py']
[0.252s] Level 1:colcon.colcon_core.package_identification:_identify(.) by extension 'python_setup_py'
[0.252s] Level 1:colcon.colcon_core.package_identification:_identify(build) by extensions ['ignore', 'ignore_ament_install']
[0.252s] Level 1:colcon.colcon_core.package_identification:_identify(build) by extension 'ignore'
[0.253s] Level 1:colcon.colcon_core.package_identification:_identify(build) ignored
[0.253s] Level 1:colcon.colcon_core.package_identification:_identify(install) by extensions ['ignore', 'ignore_ament_install']
[0.253s] Level 1:colcon.colcon_core.package_identification:_identify(install) by extension 'ignore'
[0.253s] Level 1:colcon.colcon_core.package_identification:_identify(install) ignored
[0.253s] Level 1:colcon.colcon_core.package_identification:_identify(log) by extensions ['ignore', 'ignore_ament_install']
[0.253s] Level 1:colcon.colcon_core.package_identification:_identify(log) by extension 'ignore'
[0.253s] Level 1:colcon.colcon_core.package_identification:_identify(log) ignored
[0.253s] Level 1:colcon.colcon_core.package_identification:_identify(src) by extensions ['ignore', 'ignore_ament_install']
[0.253s] Level 1:colcon.colcon_core.package_identification:_identify(src) by extension 'ignore'
[0.253s] Level 1:colcon.colcon_core.package_identification:_identify(src) by extension 'ignore_ament_install'
[0.253s] Level 1:colcon.colcon_core.package_identification:_identify(src) by extensions ['colcon_pkg']
[0.253s] Level 1:colcon.colcon_core.package_identification:_identify(src) by extension 'colcon_pkg'
[0.253s] Level 1:colcon.colcon_core.package_identification:_identify(src) by extensions ['colcon_meta']
[0.253s] Level 1:colcon.colcon_core.package_identification:_identify(src) by extension 'colcon_meta'
[0.253s] Level 1:colcon.colcon_core.package_identification:_identify(src) by extensions ['ros']
[0.253s] Level 1:colcon.colcon_core.package_identification:_identify(src) by extension 'ros'
[0.253s] Level 1:colcon.colcon_core.package_identification:_identify(src) by extensions ['cmake', 'python']
[0.253s] Level 1:colcon.colcon_core.package_identification:_identify(src) by extension 'cmake'
[0.253s] Level 1:colcon.colcon_core.package_identification:_identify(src) by extension 'python'
[0.253s] Level 1:colcon.colcon_core.package_identification:_identify(src) by extensions ['python_setup_py']
[0.253s] Level 1:colcon.colcon_core.package_identification:_identify(src) by extension 'python_setup_py'
[0.254s] Level 1:colcon.colcon_core.package_identification:_identify(src/experiments) by extensions ['ignore', 'ignore_ament_install']
[0.254s] Level 1:colcon.colcon_core.package_identification:_identify(src/experiments) by extension 'ignore'
[0.254s] Level 1:colcon.colcon_core.package_identification:_identify(src/experiments) by extension 'ignore_ament_install'
[0.254s] Level 1:colcon.colcon_core.package_identification:_identify(src/experiments) by extensions ['colcon_pkg']
[0.254s] Level 1:colcon.colcon_core.package_identification:_identify(src/experiments) by extension 'colcon_pkg'
[0.254s] Level 1:colcon.colcon_core.package_identification:_identify(src/experiments) by extensions ['colcon_meta']
[0.254s] Level 1:colcon.colcon_core.package_identification:_identify(src/experiments) by extension 'colcon_meta'
[0.254s] Level 1:colcon.colcon_core.package_identification:_identify(src/experiments) by extensions ['ros']
[0.254s] Level 1:colcon.colcon_core.package_identification:_identify(src/experiments) by extension 'ros'
[0.256s] DEBUG:colcon.colcon_core.package_identification:Package 'src/experiments' with type 'ros.ament_python' and name 'experiments'
[0.256s] Level 1:colcon.colcon_core.package_identification:_identify(src/motion_control) by extensions ['ignore', 'ignore_ament_install']
[0.257s] Level 1:colcon.colcon_core.package_identification:_identify(src/motion_control) by extension 'ignore'
[0.257s] Level 1:colcon.colcon_core.package_identification:_identify(src/motion_control) by extension 'ignore_ament_install'
[0.257s] Level 1:colcon.colcon_core.package_identification:_identify(src/motion_control) by extensions ['colcon_pkg']
[0.257s] Level 1:colcon.colcon_core.package_identification:_identify(src/motion_control) by extension 'colcon_pkg'
[0.257s] Level 1:colcon.colcon_core.package_identification:_identify(src/motion_control) by extensions ['colcon_meta']
[0.257s] Level 1:colcon.colcon_core.package_identification:_identify(src/motion_control) by extension 'colcon_meta'
[0.257s] Level 1:colcon.colcon_core.package_identification:_identify(src/motion_control) by extensions ['ros']
[0.257s] Level 1:colcon.colcon_core.package_identification:_identify(src/motion_control) by extension 'ros'
[0.258s] DEBUG:colcon.colcon_core.package_identification:Package 'src/motion_control' with type 'ros.ament_python' and name 'motion_control'
[0.258s] Level 1:colcon.colcon_core.package_identification:_identify(src/motion_interfaces) by extensions ['ignore', 'ignore_ament_install']
[0.258s] Level 1:colcon.colcon_core.package_identification:_identify(src/motion_interfaces) by extension 'ignore'
[0.258s] Level 1:colcon.colcon_core.package_identification:_identify(src/motion_interfaces) by extension 'ignore_ament_install'
[0.258s] Level 1:colcon.colcon_core.package_identification:_identify(src/motion_interfaces) by extensions ['colcon_pkg']
[0.258s] Level 1:colcon.colcon_core.package_identification:_identify(src/motion_interfaces) by extension 'colcon_pkg'
[0.258s] Level 1:colcon.colcon_core.package_identification:_identify(src/motion_interfaces) by extensions ['colcon_meta']
[0.258s] Level 1:colcon.colcon_core.package_identification:_identify(src/motion_interfaces) by extension 'colcon_meta'
[0.258s] Level 1:colcon.colcon_core.package_identification:_identify(src/motion_interfaces) by extensions ['ros']
[0.258s] Level 1:colcon.colcon_core.package_identification:_identify(src/motion_interfaces) by extension 'ros'
[0.259s] DEBUG:colcon.colcon_core.package_identification:Package 'src/motion_interfaces' with type 'ros.ament_cmake' and name 'motion_interfaces'
[0.259s] Level 1:colcon.colcon_core.package_discovery:discover_packages(recursive) using defaults
[0.259s] Level 1:colcon.colcon_core.package_discovery:discover_packages(ignore) discover
[0.259s] Level 1:colcon.colcon_core.package_discovery:discover_packages(ignore) using defaults
[0.259s] Level 1:colcon.colcon_core.package_discovery:discover_packages(path) discover
[0.259s] Level 1:colcon.colcon_core.package_discovery:discover_packages(path) using defaults
[0.277s] Level 1:colcon.colcon_core.package_discovery:discover_packages(prefix_path) check parameters
[0.277s] Level 1:colcon.colcon_core.package_discovery:discover_packages(prefix_path) discover
[0.279s] DEBUG:colcon.colcon_installed_package_information.package_discovery:Found 3 installed packages in /home/vsadnik/RTC_Cup/install
[0.281s] DEBUG:colcon.colcon_installed_package_information.package_discovery:Found 447 installed packages in /opt/ros/jazzy
[0.283s] Level 1:colcon.colcon_core.package_discovery:discover_packages(prefix_path) using defaults
[0.340s] Level 5:colcon.colcon_core.verb:set package 'experiments' build argument 'cmake_args' from command line to 'None'
[0.340s] Level 5:colcon.colcon_core.verb:set package 'experiments' build argument 'cmake_target' from command line to 'None'
[0.340s] Level 5:colcon.colcon_core.verb:set package 'experiments' build argument 'cmake_target_skip_unavailable' from command line to 'False'
[0.340s] Level 5:colcon.colcon_core.verb:set package 'experiments' build argument 'cmake_clean_cache' from command line to 'False'
[0.340s] Level 5:colcon.colcon_core.verb:set package 'experiments' build argument 'cmake_clean_first' from command line to 'False'
[0.340s] Level 5:colcon.colcon_core.verb:set package 'experiments' build argument 'cmake_force_configure' from command line to 'False'
[0.340s] Level 5:colcon.colcon_core.verb:set package 'experiments' build argument 'ament_cmake_args' from command line to 'None'
[0.340s] Level 5:colcon.colcon_core.verb:set package 'experiments' build argument 'catkin_cmake_args' from command line to 'None'
[0.340s] Level 5:colcon.colcon_core.verb:set package 'experiments' build argument 'catkin_skip_building_tests' from command line to 'False'
[0.340s] DEBUG:colcon.colcon_core.verb:Building package 'experiments' with the following arguments: {'ament_cmake_args': None, 'build_base': '/home/vsadnik/RTC_Cup/build/experiments', 'catkin_cmake_args': None, 'catkin_skip_building_tests': False, 'cmake_args': None, 'cmake_clean_cache': False, 'cmake_clean_first': False, 'cmake_force_configure': False, 'cmake_target': None, 'cmake_target_skip_unavailable': False, 'install_base': '/home/vsadnik/RTC_Cup/install/experiments', 'merge_install': False, 'path': '/home/vsadnik/RTC_Cup/src/experiments', 'symlink_install': False, 'test_result_base': None}
[0.340s] Level 5:colcon.colcon_core.verb:set package 'motion_interfaces' build argument 'cmake_args' from command line to 'None'
[0.340s] Level 5:colcon.colcon_core.verb:set package 'motion_interfaces' build argument 'cmake_target' from command line to 'None'
[0.340s] Level 5:colcon.colcon_core.verb:set package 'motion_interfaces' build argument 'cmake_target_skip_unavailable' from command line to 'False'
[0.340s] Level 5:colcon.colcon_core.verb:set package 'motion_interfaces' build argument 'cmake_clean_cache' from command line to 'False'
[0.341s] Level 5:colcon.colcon_core.verb:set package 'motion_interfaces' build argument 'cmake_clean_first' from command line to 'False'
[0.341s] Level 5:colcon.colcon_core.verb:set package 'motion_interfaces' build argument 'cmake_force_configure' from command line to 'False'
[0.341s] Level 5:colcon.colcon_core.verb:set package 'motion_interfaces' build argument 'ament_cmake_args' from command line to 'None'
[0.341s] Level 5:colcon.colcon_core.verb:set package 'motion_interfaces' build argument 'catkin_cmake_args' from command line to 'None'
[0.341s] Level 5:colcon.colcon_core.verb:set package 'motion_interfaces' build argument 'catkin_skip_building_tests' from command line to 'False'
[0.341s] DEBUG:colcon.colcon_core.verb:Building package 'motion_interfaces' with the following arguments: {'ament_cmake_args': None, 'build_base': '/home/vsadnik/RTC_Cup/build/motion_interfaces', 'catkin_cmake_args': None, 'catkin_skip_building_tests': False, 'cmake_args': None, 'cmake_clean_cache': False, 'cmake_clean_first': False, 'cmake_force_configure': False, 'cmake_target': None, 'cmake_target_skip_unavailable': False, 'install_base': '/home/vsadnik/RTC_Cup/install/motion_interfaces', 'merge_install': False, 'path': '/home/vsadnik/RTC_Cup/src/motion_interfaces', 'symlink_install': False, 'test_result_base': None}
[0.341s] Level 5:colcon.colcon_core.verb:set package 'motion_control' build argument 'cmake_args' from command line to 'None'
[0.341s] Level 5:colcon.colcon_core.verb:set package 'motion_control' build argument 'cmake_target' from command line to 'None'
[0.341s] Level 5:colcon.colcon_core.verb:set package 'motion_control' build argument 'cmake_target_skip_unavailable' from command line to 'False'
[0.341s] Level 5:colcon.colcon_core.verb:set package 'motion_control' build argument 'cmake_clean_cache' from command line to 'False'
[0.341s] Level 5:colcon.colcon_core.verb:set package 'motion_control' build argument 'cmake_clean_first' from command line to 'False'
[0.341s] Level 5:colcon.colcon_core.verb:set package 'motion_control' build argument 'cmake_force_configure' from command line to 'False'
[0.341s] Level 5:colcon.colcon_core.verb:set package 'motion_control' build argument 'ament_cmake_args' from command line to 'None'
[0.341s] Level 5:colcon.colcon_core.verb:set package 'motion_control' build argument 'catkin_cmake_args' from command line to 'None'
[0.341s] Level 5:colcon.colcon_core.verb:set package 'motion_control' build argument 'catkin_skip_building_tests' from command line to 'False'
[0.341s] DEBUG:colcon.colcon_core.verb:Building package 'motion_control' with the following arguments: {'ament_cmake_args': None, 'build_base': '/home/vsadnik/RTC_Cup/build/motion_control', 'catkin_cmake_args': None, 'catkin_skip_building_tests': False, 'cmake_args': None, 'cmake_clean_cache': False, 'cmake_clean_first': False, 'cmake_force_configure': False, 'cmake_target': None, 'cmake_target_skip_unavailable': False, 'install_base': '/home/vsadnik/RTC_Cup/install/motion_control', 'merge_install': False, 'path': '/home/vsadnik/RTC_Cup/src/motion_control', 'symlink_install': False, 'test_result_base': None}
[0.341s] INFO:colcon.colcon_core.executor:Executing jobs using 'parallel' executor
[0.342s] DEBUG:colcon.colcon_parallel_executor.executor.parallel:run_until_complete
[0.342s] INFO:colcon.colcon_ros.task.ament_cmake.build:Building ROS package in '/home/vsadnik/RTC_Cup/src/motion_interfaces' with build type 'ament_cmake'
[0.342s] INFO:colcon.colcon_cmake.task.cmake.build:Building CMake package in '/home/vsadnik/RTC_Cup/src/motion_interfaces'
[0.344s] INFO:colcon.colcon_core.plugin_system:Skipping extension 'colcon_core.shell.bat': Not used on non-Windows systems
[0.344s] INFO:colcon.colcon_core.shell:Skip shell extension 'powershell' for command environment: Not usable outside of PowerShell
[0.344s] DEBUG:colcon.colcon_core.shell:Skip shell extension 'dsv' for command environment
[0.349s] INFO:colcon.colcon_ros.task.ament_python.build:Building ROS package in '/home/vsadnik/RTC_Cup/src/experiments' with build type 'ament_python'
[0.349s] Level 1:colcon.colcon_core.shell:create_environment_hook('experiments', 'ament_prefix_path')
[0.349s] INFO:colcon.colcon_core.shell:Creating environment hook '/home/vsadnik/RTC_Cup/install/experiments/share/experiments/hook/ament_prefix_path.ps1'
[0.350s] INFO:colcon.colcon_core.shell:Creating environment descriptor '/home/vsadnik/RTC_Cup/install/experiments/share/experiments/hook/ament_prefix_path.dsv'
[0.350s] INFO:colcon.colcon_core.shell:Creating environment hook '/home/vsadnik/RTC_Cup/install/experiments/share/experiments/hook/ament_prefix_path.sh'
[0.351s] INFO:colcon.colcon_core.shell:Skip shell extension 'powershell' for command environment: Not usable outside of PowerShell
[0.351s] DEBUG:colcon.colcon_core.shell:Skip shell extension 'dsv' for command environment
[0.360s] DEBUG:colcon.colcon_core.event_handler.log_command:Invoking command in '/home/vsadnik/RTC_Cup/build/motion_interfaces': CMAKE_PREFIX_PATH=${CMAKE_PREFIX_PATH}:/home/vsadnik/RTC_Cup/install/motion_control:/home/vsadnik/RTC_Cup/install/experiments:/opt/ros/jazzy DEBUGINFOD_URLS=https://debuginfod.ubuntu.com /usr/bin/cmake --build /home/vsadnik/RTC_Cup/build/motion_interfaces -- -j12 -l12
[0.594s] INFO:colcon.colcon_core.task.python.build:Building Python package in '/home/vsadnik/RTC_Cup/src/experiments'
[0.594s] INFO:colcon.colcon_core.shell:Skip shell extension 'powershell' for command environment: Not usable outside of PowerShell
[0.594s] DEBUG:colcon.colcon_core.shell:Skip shell extension 'dsv' for command environment
[0.874s] DEBUG:colcon.colcon_core.event_handler.log_command:Invoked command in '/home/vsadnik/RTC_Cup/build/motion_interfaces' returned '0': CMAKE_PREFIX_PATH=${CMAKE_PREFIX_PATH}:/home/vsadnik/RTC_Cup/install/motion_control:/home/vsadnik/RTC_Cup/install/experiments:/opt/ros/jazzy DEBUGINFOD_URLS=https://debuginfod.ubuntu.com /usr/bin/cmake --build /home/vsadnik/RTC_Cup/build/motion_interfaces -- -j12 -l12
[0.890s] DEBUG:colcon.colcon_core.event_handler.log_command:Invoking command in '/home/vsadnik/RTC_Cup/build/motion_interfaces': CMAKE_PREFIX_PATH=${CMAKE_PREFIX_PATH}:/home/vsadnik/RTC_Cup/install/motion_control:/home/vsadnik/RTC_Cup/install/experiments:/opt/ros/jazzy DEBUGINFOD_URLS=https://debuginfod.ubuntu.com /usr/bin/cmake --install /home/vsadnik/RTC_Cup/build/motion_interfaces
[0.968s] Level 1:colcon.colcon_core.environment:create_environment_scripts_only(motion_interfaces)
[0.969s] DEBUG:colcon.colcon_core.event_handler.log_command:Invoked command in '/home/vsadnik/RTC_Cup/build/motion_interfaces' returned '0': CMAKE_PREFIX_PATH=${CMAKE_PREFIX_PATH}:/home/vsadnik/RTC_Cup/install/motion_control:/home/vsadnik/RTC_Cup/install/experiments:/opt/ros/jazzy DEBUGINFOD_URLS=https://debuginfod.ubuntu.com /usr/bin/cmake --install /home/vsadnik/RTC_Cup/build/motion_interfaces
[0.971s] Level 1:colcon.colcon_core.environment:checking '/home/vsadnik/RTC_Cup/install/motion_interfaces' for CMake module files
[0.971s] Level 1:colcon.colcon_core.environment:checking '/home/vsadnik/RTC_Cup/install/motion_interfaces' for CMake config files
[0.972s] Level 1:colcon.colcon_core.shell:create_environment_hook('motion_interfaces', 'cmake_prefix_path')
[0.972s] INFO:colcon.colcon_core.shell:Creating environment hook '/home/vsadnik/RTC_Cup/install/motion_interfaces/share/motion_interfaces/hook/cmake_prefix_path.ps1'
[0.973s] INFO:colcon.colcon_core.shell:Creating environment descriptor '/home/vsadnik/RTC_Cup/install/motion_interfaces/share/motion_interfaces/hook/cmake_prefix_path.dsv'
[0.974s] INFO:colcon.colcon_core.shell:Creating environment hook '/home/vsadnik/RTC_Cup/install/motion_interfaces/share/motion_interfaces/hook/cmake_prefix_path.sh'
[0.975s] Level 1:colcon.colcon_core.environment:checking '/home/vsadnik/RTC_Cup/install/motion_interfaces/lib'
[0.975s] Level 1:colcon.colcon_core.shell:create_environment_hook('motion_interfaces', 'ld_library_path_lib')
[0.975s] INFO:colcon.colcon_core.shell:Creating environment hook '/home/vsadnik/RTC_Cup/install/motion_interfaces/share/motion_interfaces/hook/ld_library_path_lib.ps1'
[0.976s] INFO:colcon.colcon_core.shell:Creating environment descriptor '/home/vsadnik/RTC_Cup/install/motion_interfaces/share/motion_interfaces/hook/ld_library_path_lib.dsv'
[0.976s] INFO:colcon.colcon_core.shell:Creating environment hook '/home/vsadnik/RTC_Cup/install/motion_interfaces/share/motion_interfaces/hook/ld_library_path_lib.sh'
[0.977s] Level 1:colcon.colcon_core.environment:checking '/home/vsadnik/RTC_Cup/install/motion_interfaces/bin'
[0.977s] Level 1:colcon.colcon_core.environment:checking '/home/vsadnik/RTC_Cup/install/motion_interfaces/lib/pkgconfig/motion_interfaces.pc'
[0.977s] Level 1:colcon.colcon_core.environment:checking '/home/vsadnik/RTC_Cup/install/motion_interfaces/lib/python3.12/site-packages'
[0.977s] Level 1:colcon.colcon_core.shell:create_environment_hook('motion_interfaces', 'pythonpath')
[0.978s] INFO:colcon.colcon_core.shell:Creating environment hook '/home/vsadnik/RTC_Cup/install/motion_interfaces/share/motion_interfaces/hook/pythonpath.ps1'
[0.978s] INFO:colcon.colcon_core.shell:Creating environment descriptor '/home/vsadnik/RTC_Cup/install/motion_interfaces/share/motion_interfaces/hook/pythonpath.dsv'
[0.979s] INFO:colcon.colcon_core.shell:Creating environment hook '/home/vsadnik/RTC_Cup/install/motion_interfaces/share/motion_interfaces/hook/pythonpath.sh'
[0.980s] Level 1:colcon.colcon_core.environment:checking '/home/vsadnik/RTC_Cup/install/motion_interfaces/bin'
[0.981s] INFO:colcon.colcon_core.shell:Creating package script '/home/vsadnik/RTC_Cup/install/motion_interfaces/share/motion_interfaces/package.ps1'
[0.983s] INFO:colcon.colcon_core.shell:Creating package descriptor '/home/vsadnik/RTC_Cup/install/motion_interfaces/share/motion_interfaces/package.dsv'
[0.984s] INFO:colcon.colcon_core.shell:Creating package script '/home/vsadnik/RTC_Cup/install/motion_interfaces/share/motion_interfaces/package.sh'
[0.985s] INFO:colcon.colcon_core.shell:Creating package script '/home/vsadnik/RTC_Cup/install/motion_interfaces/share/motion_interfaces/package.bash'
[0.985s] INFO:colcon.colcon_core.shell:Creating package script '/home/vsadnik/RTC_Cup/install/motion_interfaces/share/motion_interfaces/package.zsh'
[0.985s] Level 1:colcon.colcon_core.environment:create_file_with_runtime_dependencies(/home/vsadnik/RTC_Cup/install/motion_interfaces/share/colcon-core/packages/motion_interfaces)
[0.986s] Level 1:colcon.colcon_core.environment:create_environment_scripts_only(motion_interfaces)
[0.986s] Level 1:colcon.colcon_core.environment:checking '/home/vsadnik/RTC_Cup/install/motion_interfaces' for CMake module files
[0.987s] Level 1:colcon.colcon_core.environment:checking '/home/vsadnik/RTC_Cup/install/motion_interfaces' for CMake config files
[0.987s] Level 1:colcon.colcon_core.shell:create_environment_hook('motion_interfaces', 'cmake_prefix_path')
[0.987s] INFO:colcon.colcon_core.shell:Creating environment hook '/home/vsadnik/RTC_Cup/install/motion_interfaces/share/motion_interfaces/hook/cmake_prefix_path.ps1'
[0.988s] INFO:colcon.colcon_core.shell:Creating environment descriptor '/home/vsadnik/RTC_Cup/install/motion_interfaces/share/motion_interfaces/hook/cmake_prefix_path.dsv'
[0.988s] INFO:colcon.colcon_core.shell:Creating environment hook '/home/vsadnik/RTC_Cup/install/motion_interfaces/share/motion_interfaces/hook/cmake_prefix_path.sh'
[0.988s] Level 1:colcon.colcon_core.environment:checking '/home/vsadnik/RTC_Cup/install/motion_interfaces/lib'
[0.988s] Level 1:colcon.colcon_core.shell:create_environment_hook('motion_interfaces', 'ld_library_path_lib')
[0.989s] INFO:colcon.colcon_core.shell:Creating environment hook '/home/vsadnik/RTC_Cup/install/motion_interfaces/share/motion_interfaces/hook/ld_library_path_lib.ps1'
[0.989s] INFO:colcon.colcon_core.shell:Creating environment descriptor '/home/vsadnik/RTC_Cup/install/motion_interfaces/share/motion_interfaces/hook/ld_library_path_lib.dsv'
[0.989s] INFO:colcon.colcon_core.shell:Creating environment hook '/home/vsadnik/RTC_Cup/install/motion_interfaces/share/motion_interfaces/hook/ld_library_path_lib.sh'
[0.989s] Level 1:colcon.colcon_core.environment:checking '/home/vsadnik/RTC_Cup/install/motion_interfaces/bin'
[0.989s] Level 1:colcon.colcon_core.environment:checking '/home/vsadnik/RTC_Cup/install/motion_interfaces/lib/pkgconfig/motion_interfaces.pc'
[0.990s] Level 1:colcon.colcon_core.environment:checking '/home/vsadnik/RTC_Cup/install/motion_interfaces/lib/python3.12/site-packages'
[0.990s] Level 1:colcon.colcon_core.shell:create_environment_hook('motion_interfaces', 'pythonpath')
[0.990s] INFO:colcon.colcon_core.shell:Creating environment hook '/home/vsadnik/RTC_Cup/install/motion_interfaces/share/motion_interfaces/hook/pythonpath.ps1'
[0.990s] INFO:colcon.colcon_core.shell:Creating environment descriptor '/home/vsadnik/RTC_Cup/install/motion_interfaces/share/motion_interfaces/hook/pythonpath.dsv'
[0.991s] INFO:colcon.colcon_core.shell:Creating environment hook '/home/vsadnik/RTC_Cup/install/motion_interfaces/share/motion_interfaces/hook/pythonpath.sh'
[0.991s] Level 1:colcon.colcon_core.environment:checking '/home/vsadnik/RTC_Cup/install/motion_interfaces/bin'
[0.991s] INFO:colcon.colcon_core.shell:Creating package script '/home/vsadnik/RTC_Cup/install/motion_interfaces/share/motion_interfaces/package.ps1'
[0.992s] INFO:colcon.colcon_core.shell:Creating package descriptor '/home/vsadnik/RTC_Cup/install/motion_interfaces/share/motion_interfaces/package.dsv'
[0.992s] INFO:colcon.colcon_core.shell:Creating package script '/home/vsadnik/RTC_Cup/install/motion_interfaces/share/motion_interfaces/package.sh'
[0.992s] INFO:colcon.colcon_core.shell:Creating package script '/home/vsadnik/RTC_Cup/install/motion_interfaces/share/motion_interfaces/package.bash'
[0.993s] INFO:colcon.colcon_core.shell:Creating package script '/home/vsadnik/RTC_Cup/install/motion_interfaces/share/motion_interfaces/package.zsh'
[0.993s] Level 1:colcon.colcon_core.environment:create_file_with_runtime_dependencies(/home/vsadnik/RTC_Cup/install/motion_interfaces/share/colcon-core/packages/motion_interfaces)
[0.994s] INFO:colcon.colcon_ros.task.ament_python.build:Building ROS package in '/home/vsadnik/RTC_Cup/src/motion_control' with build type 'ament_python'
[0.994s] Level 1:colcon.colcon_core.shell:create_environment_hook('motion_control', 'ament_prefix_path')
[0.994s] INFO:colcon.colcon_core.shell:Creating environment hook '/home/vsadnik/RTC_Cup/install/motion_control/share/motion_control/hook/ament_prefix_path.ps1'
[0.995s] INFO:colcon.colcon_core.shell:Creating environment descriptor '/home/vsadnik/RTC_Cup/install/motion_control/share/motion_control/hook/ament_prefix_path.dsv'
[0.995s] INFO:colcon.colcon_core.shell:Creating environment hook '/home/vsadnik/RTC_Cup/install/motion_control/share/motion_control/hook/ament_prefix_path.sh'
[0.996s] INFO:colcon.colcon_core.shell:Skip shell extension 'powershell' for command environment: Not usable outside of PowerShell
[0.996s] DEBUG:colcon.colcon_core.shell:Skip shell extension 'dsv' for command environment
[1.319s] INFO:colcon.colcon_core.task.python.build:Building Python package in '/home/vsadnik/RTC_Cup/src/motion_control'
[1.320s] INFO:colcon.colcon_core.shell:Skip shell extension 'powershell' for command environment: Not usable outside of PowerShell
[1.320s] DEBUG:colcon.colcon_core.shell:Skip shell extension 'dsv' for command environment
[1.327s] DEBUG:colcon.colcon_core.event_handler.log_command:Invoking command in '/home/vsadnik/RTC_Cup/src/experiments': DEBUGINFOD_URLS=https://debuginfod.ubuntu.com PYTHONPATH=/home/vsadnik/RTC_Cup/build/experiments/prefix_override:/usr/lib/python3/dist-packages/colcon_core/task/python/colcon_distutils_commands:/home/vsadnik/RTC_Cup/install/experiments/lib/python3.12/site-packages:${PYTHONPATH} /usr/bin/python3 -W ignore:setup.py install is deprecated -W ignore:easy_install command is deprecated setup.py egg_info --egg-base ../../build/experiments build --build-base /home/vsadnik/RTC_Cup/build/experiments/build install --record /home/vsadnik/RTC_Cup/build/experiments/install.log --single-version-externally-managed install_data
[1.917s] Level 1:colcon.colcon_core.environment:checking '/home/vsadnik/RTC_Cup/install/experiments' for CMake module files
[1.918s] Level 1:colcon.colcon_core.environment:checking '/home/vsadnik/RTC_Cup/install/experiments' for CMake config files
[1.918s] DEBUG:colcon.colcon_core.event_handler.log_command:Invoked command in '/home/vsadnik/RTC_Cup/src/experiments' returned '0': DEBUGINFOD_URLS=https://debuginfod.ubuntu.com PYTHONPATH=/home/vsadnik/RTC_Cup/build/experiments/prefix_override:/usr/lib/python3/dist-packages/colcon_core/task/python/colcon_distutils_commands:/home/vsadnik/RTC_Cup/install/experiments/lib/python3.12/site-packages:${PYTHONPATH} /usr/bin/python3 -W ignore:setup.py install is deprecated -W ignore:easy_install command is deprecated setup.py egg_info --egg-base ../../build/experiments build --build-base /home/vsadnik/RTC_Cup/build/experiments/build install --record /home/vsadnik/RTC_Cup/build/experiments/install.log --single-version-externally-managed install_data
[1.919s] Level 1:colcon.colcon_core.environment:checking '/home/vsadnik/RTC_Cup/install/experiments/lib'
[1.919s] Level 1:colcon.colcon_core.environment:checking '/home/vsadnik/RTC_Cup/install/experiments/bin'
[1.919s] Level 1:colcon.colcon_core.environment:checking '/home/vsadnik/RTC_Cup/install/experiments/lib/pkgconfig/experiments.pc'
[1.919s] Level 1:colcon.colcon_core.environment:checking '/home/vsadnik/RTC_Cup/install/experiments/lib/python3.12/site-packages'
[1.919s] Level 1:colcon.colcon_core.shell:create_environment_hook('experiments', 'pythonpath')
[1.920s] INFO:colcon.colcon_core.shell:Creating environment hook '/home/vsadnik/RTC_Cup/install/experiments/share/experiments/hook/pythonpath.ps1'
[1.920s] INFO:colcon.colcon_core.shell:Creating environment descriptor '/home/vsadnik/RTC_Cup/install/experiments/share/experiments/hook/pythonpath.dsv'
[1.921s] INFO:colcon.colcon_core.shell:Creating environment hook '/home/vsadnik/RTC_Cup/install/experiments/share/experiments/hook/pythonpath.sh'
[1.921s] Level 1:colcon.colcon_core.environment:checking '/home/vsadnik/RTC_Cup/install/experiments/bin'
[1.921s] Level 1:colcon.colcon_core.environment:create_environment_scripts_only(experiments)
[1.922s] INFO:colcon.colcon_core.shell:Creating package script '/home/vsadnik/RTC_Cup/install/experiments/share/experiments/package.ps1'
[1.922s] INFO:colcon.colcon_core.shell:Creating package descriptor '/home/vsadnik/RTC_Cup/install/experiments/share/experiments/package.dsv'
[1.923s] INFO:colcon.colcon_core.shell:Creating package script '/home/vsadnik/RTC_Cup/install/experiments/share/experiments/package.sh'
[1.923s] INFO:colcon.colcon_core.shell:Creating package script '/home/vsadnik/RTC_Cup/install/experiments/share/experiments/package.bash'
[1.923s] INFO:colcon.colcon_core.shell:Creating package script '/home/vsadnik/RTC_Cup/install/experiments/share/experiments/package.zsh'
[1.924s] Level 1:colcon.colcon_core.environment:create_file_with_runtime_dependencies(/home/vsadnik/RTC_Cup/install/experiments/share/colcon-core/packages/experiments)
[2.055s] DEBUG:colcon.colcon_core.event_handler.log_command:Invoking command in '/home/vsadnik/RTC_Cup/src/motion_control': DEBUGINFOD_URLS=https://debuginfod.ubuntu.com PYTHONPATH=/home/vsadnik/RTC_Cup/build/motion_control/prefix_override:/usr/lib/python3/dist-packages/colcon_core/task/python/colcon_distutils_commands:/home/vsadnik/RTC_Cup/install/motion_control/lib/python3.12/site-packages:/home/vsadnik/RTC_Cup/install/motion_interfaces/lib/python3.12/site-packages:/home/vsadnik/RTC_Cup/install/motion_control/lib/python3.12/site-packages:/home/vsadnik/RTC_Cup/install/experiments/lib/python3.12/site-packages:/opt/ros/jazzy/lib/python3.12/site-packages /usr/bin/python3 -W ignore:setup.py install is deprecated -W ignore:easy_install command is deprecated setup.py egg_info --egg-base ../../build/motion_control build --build-base /home/vsadnik/RTC_Cup/build/motion_control/build install --record /home/vsadnik/RTC_Cup/build/motion_control/install.log --single-version-externally-managed install_data
[2.648s] Level 1:colcon.colcon_core.environment:checking '/home/vsadnik/RTC_Cup/install/motion_control' for CMake module files
[2.649s] Level 1:colcon.colcon_core.environment:checking '/home/vsadnik/RTC_Cup/install/motion_control' for CMake config files
[2.649s] Level 1:colcon.colcon_core.environment:checking '/home/vsadnik/RTC_Cup/install/motion_control/lib'
[2.649s] Level 1:colcon.colcon_core.environment:checking '/home/vsadnik/RTC_Cup/install/motion_control/bin'
[2.650s] Level 1:colcon.colcon_core.environment:checking '/home/vsadnik/RTC_Cup/install/motion_control/lib/pkgconfig/motion_control.pc'
[2.650s] Level 1:colcon.colcon_core.environment:checking '/home/vsadnik/RTC_Cup/install/motion_control/lib/python3.12/site-packages'
[2.650s] Level 1:colcon.colcon_core.shell:create_environment_hook('motion_control', 'pythonpath')
[2.650s] INFO:colcon.colcon_core.shell:Creating environment hook '/home/vsadnik/RTC_Cup/install/motion_control/share/motion_control/hook/pythonpath.ps1'
[2.650s] INFO:colcon.colcon_core.shell:Creating environment descriptor '/home/vsadnik/RTC_Cup/install/motion_control/share/motion_control/hook/pythonpath.dsv'
[2.651s] INFO:colcon.colcon_core.shell:Creating environment hook '/home/vsadnik/RTC_Cup/install/motion_control/share/motion_control/hook/pythonpath.sh'
[2.651s] Level 1:colcon.colcon_core.environment:checking '/home/vsadnik/RTC_Cup/install/motion_control/bin'
[2.651s] Level 1:colcon.colcon_core.environment:create_environment_scripts_only(motion_control)
[2.651s] INFO:colcon.colcon_core.shell:Creating package script '/home/vsadnik/RTC_Cup/install/motion_control/share/motion_control/package.ps1'
[2.652s] INFO:colcon.colcon_core.shell:Creating package descriptor '/home/vsadnik/RTC_Cup/install/motion_control/share/motion_control/package.dsv'
[2.652s] INFO:colcon.colcon_core.shell:Creating package script '/home/vsadnik/RTC_Cup/install/motion_control/share/motion_control/package.sh'
[2.652s] INFO:colcon.colcon_core.shell:Creating package script '/home/vsadnik/RTC_Cup/install/motion_control/share/motion_control/package.bash'
[2.653s] INFO:colcon.colcon_core.shell:Creating package script '/home/vsadnik/RTC_Cup/install/motion_control/share/motion_control/package.zsh'
[2.653s] Level 1:colcon.colcon_core.environment:create_file_with_runtime_dependencies(/home/vsadnik/RTC_Cup/install/motion_control/share/colcon-core/packages/motion_control)
[2.653s] DEBUG:colcon.colcon_parallel_executor.executor.parallel:closing loop
[2.653s] DEBUG:colcon.colcon_parallel_executor.executor.parallel:loop closed
[2.654s] DEBUG:colcon.colcon_parallel_executor.executor.parallel:run_until_complete finished with '0'
[2.654s] DEBUG:colcon.colcon_core.event_handler.log_command:Invoked command in '/home/vsadnik/RTC_Cup/src/motion_control' returned '0': DEBUGINFOD_URLS=https://debuginfod.ubuntu.com PYTHONPATH=/home/vsadnik/RTC_Cup/build/motion_control/prefix_override:/usr/lib/python3/dist-packages/colcon_core/task/python/colcon_distutils_commands:/home/vsadnik/RTC_Cup/install/motion_control/lib/python3.12/site-packages:/home/vsadnik/RTC_Cup/install/motion_interfaces/lib/python3.12/site-packages:/home/vsadnik/RTC_Cup/install/motion_control/lib/python3.12/site-packages:/home/vsadnik/RTC_Cup/install/experiments/lib/python3.12/site-packages:/opt/ros/jazzy/lib/python3.12/site-packages /usr/bin/python3 -W ignore:setup.py install is deprecated -W ignore:easy_install command is deprecated setup.py egg_info --egg-base ../../build/motion_control build --build-base /home/vsadnik/RTC_Cup/build/motion_control/build install --record /home/vsadnik/RTC_Cup/build/motion_control/install.log --single-version-externally-managed install_data
[2.654s] DEBUG:colcon.colcon_core.event_reactor:joining thread
[2.690s] INFO:colcon.colcon_core.plugin_system:Skipping extension 'colcon_notification.desktop_notification.notify_send': Could not find 'notify-send'
[2.691s] INFO:colcon.colcon_core.plugin_system:Skipping extension 'colcon_notification.desktop_notification.terminal_notifier': Not used on non-Darwin systems
[2.691s] INFO:colcon.colcon_core.plugin_system:Skipping extension 'colcon_notification.desktop_notification.win32': Not used on non-Windows systems
[2.691s] INFO:colcon.colcon_notification.desktop_notification:Sending desktop notification using 'notify2'
[2.692s] DEBUG:colcon.colcon_notification.desktop_notification.notify2:Failed to initialize notify2: org.freedesktop.DBus.Error.ServiceUnknown: The name org.freedesktop.Notifications was not provided by any .service files
[2.692s] DEBUG:colcon.colcon_core.event_reactor:joined thread
[2.692s] INFO:colcon.colcon_core.shell:Creating prefix script '/home/vsadnik/RTC_Cup/install/local_setup.ps1'
[2.693s] INFO:colcon.colcon_core.shell:Creating prefix util module '/home/vsadnik/RTC_Cup/install/_local_setup_util_ps1.py'
[2.694s] INFO:colcon.colcon_core.shell:Creating prefix chain script '/home/vsadnik/RTC_Cup/install/setup.ps1'
[2.695s] INFO:colcon.colcon_core.shell:Creating prefix script '/home/vsadnik/RTC_Cup/install/local_setup.sh'
[2.696s] INFO:colcon.colcon_core.shell:Creating prefix util module '/home/vsadnik/RTC_Cup/install/_local_setup_util_sh.py'
[2.696s] INFO:colcon.colcon_core.shell:Creating prefix chain script '/home/vsadnik/RTC_Cup/install/setup.sh'
[2.698s] INFO:colcon.colcon_core.shell:Creating prefix script '/home/vsadnik/RTC_Cup/install/local_setup.bash'
[2.698s] INFO:colcon.colcon_core.shell:Creating prefix chain script '/home/vsadnik/RTC_Cup/install/setup.bash'
[2.699s] INFO:colcon.colcon_core.shell:Creating prefix script '/home/vsadnik/RTC_Cup/install/local_setup.zsh'
[2.700s] INFO:colcon.colcon_core.shell:Creating prefix chain script '/home/vsadnik/RTC_Cup/install/setup.zsh'
