[0.628s] Invoking command in '/home/vsadnik/RTC_Cup/src/motion_control': AMENT_PREFIX_PATH=/home/vsadnik/RTC_Cup/install/motion_interfaces:${AMENT_PREFIX_PATH} CMAKE_PREFIX_PATH=/home/vsadnik/RTC_Cup/install/motion_interfaces:${CMAKE_PREFIX_PATH} DEBUGINFOD_URLS=https://debuginfod.ubuntu.com LD_LIBRARY_PATH=/home/vsadnik/RTC_Cup/install/motion_interfaces/lib:${LD_LIBRARY_PATH} PYTHONPATH=/home/vsadnik/RTC_Cup/build/motion_control/prefix_override:/usr/lib/python3/dist-packages/colcon_core/task/python/colcon_distutils_commands:/home/vsadnik/RTC_Cup/install/motion_control/lib/python3.12/site-packages:/home/vsadnik/RTC_Cup/install/motion_interfaces/lib/python3.12/site-packages:${PYTHONPATH} /usr/bin/python3 -W ignore:setup.py install is deprecated -W ignore:easy_install command is deprecated setup.py egg_info --egg-base ../../build/motion_control build --build-base /home/vsadnik/RTC_Cup/build/motion_control/build install --record /home/vsadnik/RTC_Cup/build/motion_control/install.log --single-version-externally-managed install_data
[0.799s] running egg_info
[0.812s] writing ../../build/motion_control/motion_control.egg-info/PKG-INFO
[0.812s] writing dependency_links to ../../build/motion_control/motion_control.egg-info/dependency_links.txt
[0.812s] writing entry points to ../../build/motion_control/motion_control.egg-info/entry_points.txt
[0.812s] writing requirements to ../../build/motion_control/motion_control.egg-info/requires.txt
[0.813s] writing top-level names to ../../build/motion_control/motion_control.egg-info/top_level.txt
[0.835s] reading manifest file '../../build/motion_control/motion_control.egg-info/SOURCES.txt'
[0.835s] writing manifest file '../../build/motion_control/motion_control.egg-info/SOURCES.txt'
[0.836s] running build
[0.836s] running build_py
[0.836s] running install
[0.839s] running install_lib
[0.851s] running install_data
[0.851s] running install_egg_info
[0.870s] removing '/home/vsadnik/RTC_Cup/install/motion_control/lib/python3.12/site-packages/motion_control-0.0.0-py3.12.egg-info' (and everything under it)
[0.870s] Copying ../../build/motion_control/motion_control.egg-info to /home/vsadnik/RTC_Cup/install/motion_control/lib/python3.12/site-packages/motion_control-0.0.0-py3.12.egg-info
[0.872s] running install_scripts
[0.970s] Installing navigation_action_server script to /home/vsadnik/RTC_Cup/install/motion_control/lib/motion_control
[0.971s] Installing test_navigation script to /home/vsadnik/RTC_Cup/install/motion_control/lib/motion_control
[0.971s] writing list of installed files to '/home/vsadnik/RTC_Cup/build/motion_control/install.log'
[0.991s] Invoked command in '/home/vsadnik/RTC_Cup/src/motion_control' returned '0': AMENT_PREFIX_PATH=/home/vsadnik/RTC_Cup/install/motion_interfaces:${AMENT_PREFIX_PATH} CMAKE_PREFIX_PATH=/home/vsadnik/RTC_Cup/install/motion_interfaces:${CMAKE_PREFIX_PATH} DEBUGINFOD_URLS=https://debuginfod.ubuntu.com LD_LIBRARY_PATH=/home/vsadnik/RTC_Cup/install/motion_interfaces/lib:${LD_LIBRARY_PATH} PYTHONPATH=/home/vsadnik/RTC_Cup/build/motion_control/prefix_override:/usr/lib/python3/dist-packages/colcon_core/task/python/colcon_distutils_commands:/home/vsadnik/RTC_Cup/install/motion_control/lib/python3.12/site-packages:/home/vsadnik/RTC_Cup/install/motion_interfaces/lib/python3.12/site-packages:${PYTHONPATH} /usr/bin/python3 -W ignore:setup.py install is deprecated -W ignore:easy_install command is deprecated setup.py egg_info --egg-base ../../build/motion_control build --build-base /home/vsadnik/RTC_Cup/build/motion_control/build install --record /home/vsadnik/RTC_Cup/build/motion_control/install.log --single-version-externally-managed install_data
