[0.313s] Invoking command in '/home/vsadnik/RTC_Cup/build/motion_interfaces': CMAKE_PREFIX_PATH=${CMAKE_PREFIX_PATH}:/opt/ros/jazzy DEBUGINFOD_URLS=https://debuginfod.ubuntu.com /usr/bin/cmake /home/vsadnik/RTC_Cup/src/motion_interfaces -DCMAKE_INSTALL_PREFIX=/home/vsadnik/RTC_Cup/install/motion_interfaces
[0.532s] -- The C compiler identification is GNU 13.3.0
[1.059s] -- The CXX compiler identification is GNU 13.3.0
[1.434s] -- Detecting C compiler ABI info
[1.652s] -- Detecting C compiler ABI info - done
[1.659s] -- Check for working C compiler: /usr/bin/cc - skipped
[1.660s] -- Detecting C compile features
[1.661s] -- Detecting C compile features - done
[1.718s] -- Detecting CXX compiler ABI info
[1.928s] -- Detecting CXX compiler ABI info - done
[1.934s] -- Check for working CXX compiler: /usr/bin/c++ - skipped
[1.934s] -- Detecting CXX compile features
[1.935s] -- Detecting CXX compile features - done
[1.958s] -- Found ament_cmake: 2.5.5 (/opt/ros/jazzy/share/ament_cmake/cmake)
[2.104s] -- Found Python3: /usr/bin/python3 (found version "3.12.3") found components: Interpreter 
[2.247s] -- Found rosidl_default_generators: 1.6.0 (/opt/ros/jazzy/share/rosidl_default_generators/cmake)
[2.262s] -- Using all available rosidl_typesupport_c: rosidl_typesupport_fastrtps_c;rosidl_typesupport_introspection_c
[2.458s] -- Using all available rosidl_typesupport_cpp: rosidl_typesupport_fastrtps_cpp;rosidl_typesupport_introspection_cpp
[2.538s] -- Found rosidl_adapter: 4.6.7 (/opt/ros/jazzy/share/rosidl_adapter/cmake)
[2.547s] -- Found action_msgs: 2.0.3 (/opt/ros/jazzy/share/action_msgs/cmake)
[3.108s] -- Found ament_cmake_ros: 0.12.0 (/opt/ros/jazzy/share/ament_cmake_ros/cmake)
[3.477s] -- Using all available rosidl_typesupport_c: rosidl_typesupport_fastrtps_c;rosidl_typesupport_introspection_c
[3.953s] -- Using all available rosidl_typesupport_cpp: rosidl_typesupport_fastrtps_cpp;rosidl_typesupport_introspection_cpp
[3.959s] -- Found python_cmake_module: 0.11.1 (/opt/ros/jazzy/share/python_cmake_module/cmake)
[4.068s] -- Found PythonExtra: /usr/bin/python3  
[4.400s] -- Found Python3: /usr/bin/python3 (found version "3.12.3") found components: Interpreter Development NumPy Development.Module Development.Embed 
[4.436s] -- Found ament_lint_auto: 0.17.4 (/opt/ros/jazzy/share/ament_lint_auto/cmake)
[4.484s] -- Added test 'lint_cmake' to check CMake code style
[4.486s] -- Added test 'xmllint' to check XML markup files
[4.490s] -- Configuring done (4.2s)
[4.548s] -- Generating done (0.1s)
[4.558s] -- Build files have been written to: /home/vsadnik/RTC_Cup/build/motion_interfaces
[4.567s] Invoked command in '/home/vsadnik/RTC_Cup/build/motion_interfaces' returned '0': CMAKE_PREFIX_PATH=${CMAKE_PREFIX_PATH}:/opt/ros/jazzy DEBUGINFOD_URLS=https://debuginfod.ubuntu.com /usr/bin/cmake /home/vsadnik/RTC_Cup/src/motion_interfaces -DCMAKE_INSTALL_PREFIX=/home/vsadnik/RTC_Cup/install/motion_interfaces
[4.568s] Invoking command in '/home/vsadnik/RTC_Cup/build/motion_interfaces': CMAKE_PREFIX_PATH=${CMAKE_PREFIX_PATH}:/opt/ros/jazzy DEBUGINFOD_URLS=https://debuginfod.ubuntu.com /usr/bin/cmake --build /home/vsadnik/RTC_Cup/build/motion_interfaces -- -j12 -l12
[4.627s] [  2%] [34m[1mGenerating type hashes for ROS interfaces[0m
[4.638s] [  2%] Built target ament_cmake_python_copy_motion_interfaces
[4.790s] [  2%] Built target motion_interfaces__rosidl_generator_type_description
[4.790s] running egg_info
[4.791s] creating motion_interfaces.egg-info
[4.802s] [  5%] [34m[1mGenerating C code for ROS interfaces[0m
[4.805s] writing motion_interfaces.egg-info/PKG-INFO
[4.805s] writing dependency_links to motion_interfaces.egg-info/dependency_links.txt
[4.806s] writing top-level names to motion_interfaces.egg-info/top_level.txt
[4.806s] writing manifest file 'motion_interfaces.egg-info/SOURCES.txt'
[4.816s] [  8%] [34m[1mGenerating C++ code for ROS interfaces[0m
[4.843s] reading manifest file 'motion_interfaces.egg-info/SOURCES.txt'
[4.843s] writing manifest file 'motion_interfaces.egg-info/SOURCES.txt'
[4.867s] [  8%] Built target ament_cmake_python_build_motion_interfaces_egg
[5.117s] [  8%] Built target motion_interfaces__cpp
[5.132s] [ 11%] [32mBuilding C object CMakeFiles/motion_interfaces__rosidl_generator_c.dir/rosidl_generator_c/motion_interfaces/action/detail/navigate__functions.c.o[0m
[5.132s] [ 14%] [32mBuilding C object CMakeFiles/motion_interfaces__rosidl_generator_c.dir/rosidl_generator_c/motion_interfaces/action/detail/navigate__description.c.o[0m
[5.133s] [ 17%] [32mBuilding C object CMakeFiles/motion_interfaces__rosidl_generator_c.dir/rosidl_generator_c/motion_interfaces/action/detail/navigate__type_support.c.o[0m
[5.270s] [ 20%] [32m[1mLinking C shared library libmotion_interfaces__rosidl_generator_c.so[0m
[5.366s] [ 20%] Built target motion_interfaces__rosidl_generator_c
[5.383s] [ 23%] [34m[1mGenerating C++ type support dispatch for ROS interfaces[0m
[5.384s] [ 26%] [34m[1mGenerating C introspection for ROS interfaces[0m
[5.384s] [ 29%] [34m[1mGenerating C type support dispatch for ROS interfaces[0m
[5.384s] [ 32%] [34m[1mGenerating C++ type support for eProsima Fast-RTPS[0m
[5.384s] [ 35%] [34m[1mGenerating C++ introspection for ROS interfaces[0m
[5.388s] [ 38%] [34m[1mGenerating C type support for eProsima Fast-RTPS[0m
[5.643s] [ 41%] [32mBuilding CXX object CMakeFiles/motion_interfaces__rosidl_typesupport_cpp.dir/rosidl_typesupport_cpp/motion_interfaces/action/navigate__type_support.cpp.o[0m
[5.655s] [ 44%] [32mBuilding CXX object CMakeFiles/motion_interfaces__rosidl_typesupport_c.dir/rosidl_typesupport_c/motion_interfaces/action/navigate__type_support.cpp.o[0m
[5.681s] [ 47%] [32mBuilding CXX object CMakeFiles/motion_interfaces__rosidl_typesupport_introspection_cpp.dir/rosidl_typesupport_introspection_cpp/motion_interfaces/action/detail/navigate__type_support.cpp.o[0m
[5.725s] [ 50%] [32mBuilding C object CMakeFiles/motion_interfaces__rosidl_typesupport_introspection_c.dir/rosidl_typesupport_introspection_c/motion_interfaces/action/detail/navigate__type_support.c.o[0m
[5.727s] [ 52%] [32m[1mLinking CXX shared library libmotion_interfaces__rosidl_typesupport_c.so[0m
[5.795s] [ 55%] [32m[1mLinking C shared library libmotion_interfaces__rosidl_typesupport_introspection_c.so[0m
[5.808s] [ 58%] [32mBuilding CXX object CMakeFiles/motion_interfaces__rosidl_typesupport_fastrtps_cpp.dir/rosidl_typesupport_fastrtps_cpp/motion_interfaces/action/detail/dds_fastrtps/navigate__type_support.cpp.o[0m
[5.814s] [ 61%] [32mBuilding CXX object CMakeFiles/motion_interfaces__rosidl_typesupport_fastrtps_c.dir/rosidl_typesupport_fastrtps_c/motion_interfaces/action/detail/navigate__type_support_c.cpp.o[0m
[5.827s] [ 61%] Built target motion_interfaces__rosidl_typesupport_c
[5.899s] [ 61%] Built target motion_interfaces__rosidl_typesupport_introspection_c
[6.255s] [ 64%] [32m[1mLinking CXX shared library libmotion_interfaces__rosidl_typesupport_cpp.so[0m
[6.292s] [ 67%] [32m[1mLinking CXX shared library libmotion_interfaces__rosidl_typesupport_introspection_cpp.so[0m
[6.335s] [ 70%] [32m[1mLinking CXX shared library libmotion_interfaces__rosidl_typesupport_fastrtps_c.so[0m
[6.384s] [ 70%] Built target motion_interfaces__rosidl_typesupport_cpp
[6.431s] [ 70%] Built target motion_interfaces__rosidl_typesupport_introspection_cpp
[6.466s] [ 70%] Built target motion_interfaces__rosidl_typesupport_fastrtps_c
[6.598s] [ 73%] [32m[1mLinking CXX shared library libmotion_interfaces__rosidl_typesupport_fastrtps_cpp.so[0m
[6.716s] [ 73%] Built target motion_interfaces__rosidl_typesupport_fastrtps_cpp
[6.742s] [ 73%] Built target motion_interfaces
[6.766s] [ 76%] [34m[1mGenerating Python code for ROS interfaces[0m
[7.237s] [ 76%] Built target motion_interfaces__py
[7.260s] [ 79%] [32mBuilding C object CMakeFiles/motion_interfaces__rosidl_generator_py.dir/rosidl_generator_py/motion_interfaces/action/_navigate_s.c.o[0m
[7.466s] [ 82%] [32m[1mLinking C shared library libmotion_interfaces__rosidl_generator_py.so[0m
[7.558s] [ 82%] Built target motion_interfaces__rosidl_generator_py
[7.581s] [ 85%] [32mBuilding C object CMakeFiles/motion_interfaces_s__rosidl_typesupport_fastrtps_c.dir/rosidl_generator_py/motion_interfaces/_motion_interfaces_s.ep.rosidl_typesupport_fastrtps_c.c.o[0m
[7.583s] [ 88%] [32mBuilding C object CMakeFiles/motion_interfaces_s__rosidl_typesupport_introspection_c.dir/rosidl_generator_py/motion_interfaces/_motion_interfaces_s.ep.rosidl_typesupport_introspection_c.c.o[0m
[7.583s] [ 91%] [32mBuilding C object CMakeFiles/motion_interfaces_s__rosidl_typesupport_c.dir/rosidl_generator_py/motion_interfaces/_motion_interfaces_s.ep.rosidl_typesupport_c.c.o[0m
[7.694s] [ 94%] [32m[1mLinking C shared module rosidl_generator_py/motion_interfaces/motion_interfaces_s__rosidl_typesupport_c.so[0m
[7.700s] [ 97%] [32m[1mLinking C shared module rosidl_generator_py/motion_interfaces/motion_interfaces_s__rosidl_typesupport_introspection_c.so[0m
[7.701s] [100%] [32m[1mLinking C shared module rosidl_generator_py/motion_interfaces/motion_interfaces_s__rosidl_typesupport_fastrtps_c.so[0m
[7.768s] [100%] Built target motion_interfaces_s__rosidl_typesupport_c
[7.768s] [100%] Built target motion_interfaces_s__rosidl_typesupport_introspection_c
[7.769s] [100%] Built target motion_interfaces_s__rosidl_typesupport_fastrtps_c
[7.784s] Invoked command in '/home/vsadnik/RTC_Cup/build/motion_interfaces' returned '0': CMAKE_PREFIX_PATH=${CMAKE_PREFIX_PATH}:/opt/ros/jazzy DEBUGINFOD_URLS=https://debuginfod.ubuntu.com /usr/bin/cmake --build /home/vsadnik/RTC_Cup/build/motion_interfaces -- -j12 -l12
[7.795s] Invoking command in '/home/vsadnik/RTC_Cup/build/motion_interfaces': CMAKE_PREFIX_PATH=${CMAKE_PREFIX_PATH}:/opt/ros/jazzy DEBUGINFOD_URLS=https://debuginfod.ubuntu.com /usr/bin/cmake --install /home/vsadnik/RTC_Cup/build/motion_interfaces
[7.804s] -- Install configuration: ""
[7.807s] -- Installing: /home/vsadnik/RTC_Cup/install/motion_interfaces/share/ament_index/resource_index/rosidl_interfaces/motion_interfaces
[7.808s] -- Installing: /home/vsadnik/RTC_Cup/install/motion_interfaces/share/motion_interfaces/action/Navigate.json
[7.808s] -- Installing: /home/vsadnik/RTC_Cup/install/motion_interfaces/include/motion_interfaces/motion_interfaces
[7.809s] -- Installing: /home/vsadnik/RTC_Cup/install/motion_interfaces/include/motion_interfaces/motion_interfaces/msg
[7.810s] -- Installing: /home/vsadnik/RTC_Cup/install/motion_interfaces/include/motion_interfaces/motion_interfaces/msg/rosidl_generator_c__visibility_control.h
[7.810s] -- Installing: /home/vsadnik/RTC_Cup/install/motion_interfaces/include/motion_interfaces/motion_interfaces/action
[7.810s] -- Installing: /home/vsadnik/RTC_Cup/install/motion_interfaces/include/motion_interfaces/motion_interfaces/action/detail
[7.810s] -- Installing: /home/vsadnik/RTC_Cup/install/motion_interfaces/include/motion_interfaces/motion_interfaces/action/detail/navigate__functions.c
[7.811s] -- Installing: /home/vsadnik/RTC_Cup/install/motion_interfaces/include/motion_interfaces/motion_interfaces/action/detail/navigate__type_support.c
[7.811s] -- Installing: /home/vsadnik/RTC_Cup/install/motion_interfaces/include/motion_interfaces/motion_interfaces/action/detail/navigate__description.c
[7.811s] -- Installing: /home/vsadnik/RTC_Cup/install/motion_interfaces/include/motion_interfaces/motion_interfaces/action/detail/navigate__type_support.h
[7.811s] -- Installing: /home/vsadnik/RTC_Cup/install/motion_interfaces/include/motion_interfaces/motion_interfaces/action/detail/navigate__functions.h
[7.811s] -- Installing: /home/vsadnik/RTC_Cup/install/motion_interfaces/include/motion_interfaces/motion_interfaces/action/detail/navigate__struct.h
[7.812s] -- Installing: /home/vsadnik/RTC_Cup/install/motion_interfaces/include/motion_interfaces/motion_interfaces/action/navigate.h
[7.812s] -- Installing: /home/vsadnik/RTC_Cup/install/motion_interfaces/share/motion_interfaces/environment/library_path.sh
[7.812s] -- Installing: /home/vsadnik/RTC_Cup/install/motion_interfaces/share/motion_interfaces/environment/library_path.dsv
[7.813s] -- Installing: /home/vsadnik/RTC_Cup/install/motion_interfaces/lib/libmotion_interfaces__rosidl_generator_c.so
[7.813s] -- Set non-toolchain portion of runtime path of "/home/vsadnik/RTC_Cup/install/motion_interfaces/lib/libmotion_interfaces__rosidl_generator_c.so" to ""
[7.813s] -- Up-to-date: /home/vsadnik/RTC_Cup/install/motion_interfaces/include/motion_interfaces/motion_interfaces
[7.814s] -- Up-to-date: /home/vsadnik/RTC_Cup/install/motion_interfaces/include/motion_interfaces/motion_interfaces/msg
[7.814s] -- Installing: /home/vsadnik/RTC_Cup/install/motion_interfaces/include/motion_interfaces/motion_interfaces/msg/rosidl_typesupport_fastrtps_c__visibility_control.h
[7.814s] -- Up-to-date: /home/vsadnik/RTC_Cup/install/motion_interfaces/include/motion_interfaces/motion_interfaces/action
[7.814s] -- Up-to-date: /home/vsadnik/RTC_Cup/install/motion_interfaces/include/motion_interfaces/motion_interfaces/action/detail
[7.814s] -- Installing: /home/vsadnik/RTC_Cup/install/motion_interfaces/include/motion_interfaces/motion_interfaces/action/detail/navigate__rosidl_typesupport_fastrtps_c.h
[7.814s] -- Installing: /home/vsadnik/RTC_Cup/install/motion_interfaces/lib/libmotion_interfaces__rosidl_typesupport_fastrtps_c.so
[7.814s] -- Set non-toolchain portion of runtime path of "/home/vsadnik/RTC_Cup/install/motion_interfaces/lib/libmotion_interfaces__rosidl_typesupport_fastrtps_c.so" to ""
[7.815s] -- Up-to-date: /home/vsadnik/RTC_Cup/install/motion_interfaces/include/motion_interfaces/motion_interfaces
[7.815s] -- Up-to-date: /home/vsadnik/RTC_Cup/install/motion_interfaces/include/motion_interfaces/motion_interfaces/msg
[7.815s] -- Installing: /home/vsadnik/RTC_Cup/install/motion_interfaces/include/motion_interfaces/motion_interfaces/msg/rosidl_typesupport_introspection_c__visibility_control.h
[7.815s] -- Up-to-date: /home/vsadnik/RTC_Cup/install/motion_interfaces/include/motion_interfaces/motion_interfaces/action
[7.815s] -- Up-to-date: /home/vsadnik/RTC_Cup/install/motion_interfaces/include/motion_interfaces/motion_interfaces/action/detail
[7.815s] -- Installing: /home/vsadnik/RTC_Cup/install/motion_interfaces/include/motion_interfaces/motion_interfaces/action/detail/navigate__rosidl_typesupport_introspection_c.h
[7.815s] -- Installing: /home/vsadnik/RTC_Cup/install/motion_interfaces/include/motion_interfaces/motion_interfaces/action/detail/navigate__type_support.c
[7.816s] -- Installing: /home/vsadnik/RTC_Cup/install/motion_interfaces/lib/libmotion_interfaces__rosidl_typesupport_introspection_c.so
[7.816s] -- Set non-toolchain portion of runtime path of "/home/vsadnik/RTC_Cup/install/motion_interfaces/lib/libmotion_interfaces__rosidl_typesupport_introspection_c.so" to ""
[7.816s] -- Installing: /home/vsadnik/RTC_Cup/install/motion_interfaces/lib/libmotion_interfaces__rosidl_typesupport_c.so
[7.816s] -- Set non-toolchain portion of runtime path of "/home/vsadnik/RTC_Cup/install/motion_interfaces/lib/libmotion_interfaces__rosidl_typesupport_c.so" to ""
[7.817s] -- Up-to-date: /home/vsadnik/RTC_Cup/install/motion_interfaces/include/motion_interfaces/motion_interfaces
[7.817s] -- Up-to-date: /home/vsadnik/RTC_Cup/install/motion_interfaces/include/motion_interfaces/motion_interfaces/msg
[7.817s] -- Installing: /home/vsadnik/RTC_Cup/install/motion_interfaces/include/motion_interfaces/motion_interfaces/msg/rosidl_generator_cpp__visibility_control.hpp
[7.817s] -- Up-to-date: /home/vsadnik/RTC_Cup/install/motion_interfaces/include/motion_interfaces/motion_interfaces/action
[7.817s] -- Up-to-date: /home/vsadnik/RTC_Cup/install/motion_interfaces/include/motion_interfaces/motion_interfaces/action/detail
[7.817s] -- Installing: /home/vsadnik/RTC_Cup/install/motion_interfaces/include/motion_interfaces/motion_interfaces/action/detail/navigate__type_support.hpp
[7.818s] -- Installing: /home/vsadnik/RTC_Cup/install/motion_interfaces/include/motion_interfaces/motion_interfaces/action/detail/navigate__struct.hpp
[7.818s] -- Installing: /home/vsadnik/RTC_Cup/install/motion_interfaces/include/motion_interfaces/motion_interfaces/action/detail/navigate__traits.hpp
[7.818s] -- Installing: /home/vsadnik/RTC_Cup/install/motion_interfaces/include/motion_interfaces/motion_interfaces/action/detail/navigate__builder.hpp
[7.818s] -- Installing: /home/vsadnik/RTC_Cup/install/motion_interfaces/include/motion_interfaces/motion_interfaces/action/navigate.hpp
[7.818s] -- Up-to-date: /home/vsadnik/RTC_Cup/install/motion_interfaces/include/motion_interfaces/motion_interfaces
[7.818s] -- Up-to-date: /home/vsadnik/RTC_Cup/install/motion_interfaces/include/motion_interfaces/motion_interfaces/msg
[7.819s] -- Installing: /home/vsadnik/RTC_Cup/install/motion_interfaces/include/motion_interfaces/motion_interfaces/msg/rosidl_typesupport_fastrtps_cpp__visibility_control.h
[7.819s] -- Up-to-date: /home/vsadnik/RTC_Cup/install/motion_interfaces/include/motion_interfaces/motion_interfaces/action
[7.819s] -- Up-to-date: /home/vsadnik/RTC_Cup/install/motion_interfaces/include/motion_interfaces/motion_interfaces/action/detail
[7.819s] -- Installing: /home/vsadnik/RTC_Cup/install/motion_interfaces/include/motion_interfaces/motion_interfaces/action/detail/navigate__rosidl_typesupport_fastrtps_cpp.hpp
[7.819s] -- Installing: /home/vsadnik/RTC_Cup/install/motion_interfaces/include/motion_interfaces/motion_interfaces/action/detail/dds_fastrtps
[7.819s] -- Installing: /home/vsadnik/RTC_Cup/install/motion_interfaces/lib/libmotion_interfaces__rosidl_typesupport_fastrtps_cpp.so
[7.820s] -- Set non-toolchain portion of runtime path of "/home/vsadnik/RTC_Cup/install/motion_interfaces/lib/libmotion_interfaces__rosidl_typesupport_fastrtps_cpp.so" to ""
[7.820s] -- Up-to-date: /home/vsadnik/RTC_Cup/install/motion_interfaces/include/motion_interfaces/motion_interfaces
[7.820s] -- Up-to-date: /home/vsadnik/RTC_Cup/install/motion_interfaces/include/motion_interfaces/motion_interfaces/action
[7.820s] -- Up-to-date: /home/vsadnik/RTC_Cup/install/motion_interfaces/include/motion_interfaces/motion_interfaces/action/detail
[7.820s] -- Installing: /home/vsadnik/RTC_Cup/install/motion_interfaces/include/motion_interfaces/motion_interfaces/action/detail/navigate__type_support.cpp
[7.821s] -- Installing: /home/vsadnik/RTC_Cup/install/motion_interfaces/include/motion_interfaces/motion_interfaces/action/detail/navigate__rosidl_typesupport_introspection_cpp.hpp
[7.821s] -- Installing: /home/vsadnik/RTC_Cup/install/motion_interfaces/lib/libmotion_interfaces__rosidl_typesupport_introspection_cpp.so
[7.821s] -- Set non-toolchain portion of runtime path of "/home/vsadnik/RTC_Cup/install/motion_interfaces/lib/libmotion_interfaces__rosidl_typesupport_introspection_cpp.so" to ""
[7.821s] -- Installing: /home/vsadnik/RTC_Cup/install/motion_interfaces/lib/libmotion_interfaces__rosidl_typesupport_cpp.so
[7.822s] -- Set non-toolchain portion of runtime path of "/home/vsadnik/RTC_Cup/install/motion_interfaces/lib/libmotion_interfaces__rosidl_typesupport_cpp.so" to ""
[7.822s] -- Installing: /home/vsadnik/RTC_Cup/install/motion_interfaces/share/motion_interfaces/environment/pythonpath.sh
[7.822s] -- Installing: /home/vsadnik/RTC_Cup/install/motion_interfaces/share/motion_interfaces/environment/pythonpath.dsv
[7.822s] -- Installing: /home/vsadnik/RTC_Cup/install/motion_interfaces/lib/python3.12/site-packages/motion_interfaces-0.0.1-py3.12.egg-info
[7.823s] -- Installing: /home/vsadnik/RTC_Cup/install/motion_interfaces/lib/python3.12/site-packages/motion_interfaces-0.0.1-py3.12.egg-info/top_level.txt
[7.823s] -- Installing: /home/vsadnik/RTC_Cup/install/motion_interfaces/lib/python3.12/site-packages/motion_interfaces-0.0.1-py3.12.egg-info/SOURCES.txt
[7.823s] -- Installing: /home/vsadnik/RTC_Cup/install/motion_interfaces/lib/python3.12/site-packages/motion_interfaces-0.0.1-py3.12.egg-info/PKG-INFO
[7.824s] -- Installing: /home/vsadnik/RTC_Cup/install/motion_interfaces/lib/python3.12/site-packages/motion_interfaces-0.0.1-py3.12.egg-info/dependency_links.txt
[7.824s] -- Installing: /home/vsadnik/RTC_Cup/install/motion_interfaces/lib/python3.12/site-packages/motion_interfaces
[7.824s] -- Installing: /home/vsadnik/RTC_Cup/install/motion_interfaces/lib/python3.12/site-packages/motion_interfaces/motion_interfaces_s__rosidl_typesupport_c.so
[7.824s] -- Installing: /home/vsadnik/RTC_Cup/install/motion_interfaces/lib/python3.12/site-packages/motion_interfaces/_motion_interfaces_s.ep.rosidl_typesupport_fastrtps_c.c
[7.825s] -- Installing: /home/vsadnik/RTC_Cup/install/motion_interfaces/lib/python3.12/site-packages/motion_interfaces/_motion_interfaces_s.ep.rosidl_typesupport_c.c
[7.825s] -- Installing: /home/vsadnik/RTC_Cup/install/motion_interfaces/lib/python3.12/site-packages/motion_interfaces/motion_interfaces_s__rosidl_typesupport_introspection_c.so
[7.825s] -- Installing: /home/vsadnik/RTC_Cup/install/motion_interfaces/lib/python3.12/site-packages/motion_interfaces/action
[7.825s] -- Installing: /home/vsadnik/RTC_Cup/install/motion_interfaces/lib/python3.12/site-packages/motion_interfaces/action/_navigate_s.c
[7.826s] -- Installing: /home/vsadnik/RTC_Cup/install/motion_interfaces/lib/python3.12/site-packages/motion_interfaces/action/_navigate.py
[7.826s] -- Installing: /home/vsadnik/RTC_Cup/install/motion_interfaces/lib/python3.12/site-packages/motion_interfaces/action/__init__.py
[7.826s] -- Installing: /home/vsadnik/RTC_Cup/install/motion_interfaces/lib/python3.12/site-packages/motion_interfaces/__init__.py
[7.826s] -- Installing: /home/vsadnik/RTC_Cup/install/motion_interfaces/lib/python3.12/site-packages/motion_interfaces/motion_interfaces_s__rosidl_typesupport_fastrtps_c.so
[7.826s] -- Installing: /home/vsadnik/RTC_Cup/install/motion_interfaces/lib/python3.12/site-packages/motion_interfaces/_motion_interfaces_s.ep.rosidl_typesupport_introspection_c.c
[7.865s] Listing '/home/vsadnik/RTC_Cup/install/motion_interfaces/lib/python3.12/site-packages/motion_interfaces'...
[7.865s] Compiling '/home/vsadnik/RTC_Cup/install/motion_interfaces/lib/python3.12/site-packages/motion_interfaces/__init__.py'...
[7.865s] Listing '/home/vsadnik/RTC_Cup/install/motion_interfaces/lib/python3.12/site-packages/motion_interfaces/action'...
[7.865s] Compiling '/home/vsadnik/RTC_Cup/install/motion_interfaces/lib/python3.12/site-packages/motion_interfaces/action/__init__.py'...
[7.865s] Compiling '/home/vsadnik/RTC_Cup/install/motion_interfaces/lib/python3.12/site-packages/motion_interfaces/action/_navigate.py'...
[7.870s] -- Installing: /home/vsadnik/RTC_Cup/install/motion_interfaces/lib/python3.12/site-packages/motion_interfaces/motion_interfaces_s__rosidl_typesupport_fastrtps_c.so
[7.871s] -- Set non-toolchain portion of runtime path of "/home/vsadnik/RTC_Cup/install/motion_interfaces/lib/python3.12/site-packages/motion_interfaces/motion_interfaces_s__rosidl_typesupport_fastrtps_c.so" to ""
[7.871s] -- Installing: /home/vsadnik/RTC_Cup/install/motion_interfaces/lib/python3.12/site-packages/motion_interfaces/motion_interfaces_s__rosidl_typesupport_introspection_c.so
[7.871s] -- Set non-toolchain portion of runtime path of "/home/vsadnik/RTC_Cup/install/motion_interfaces/lib/python3.12/site-packages/motion_interfaces/motion_interfaces_s__rosidl_typesupport_introspection_c.so" to ""
[7.872s] -- Installing: /home/vsadnik/RTC_Cup/install/motion_interfaces/lib/python3.12/site-packages/motion_interfaces/motion_interfaces_s__rosidl_typesupport_c.so
[7.872s] -- Set non-toolchain portion of runtime path of "/home/vsadnik/RTC_Cup/install/motion_interfaces/lib/python3.12/site-packages/motion_interfaces/motion_interfaces_s__rosidl_typesupport_c.so" to ""
[7.872s] -- Installing: /home/vsadnik/RTC_Cup/install/motion_interfaces/lib/libmotion_interfaces__rosidl_generator_py.so
[7.873s] -- Set non-toolchain portion of runtime path of "/home/vsadnik/RTC_Cup/install/motion_interfaces/lib/libmotion_interfaces__rosidl_generator_py.so" to ""
[7.873s] -- Installing: /home/vsadnik/RTC_Cup/install/motion_interfaces/share/motion_interfaces/action/Navigate.idl
[7.873s] -- Installing: /home/vsadnik/RTC_Cup/install/motion_interfaces/share/motion_interfaces/action/Navigate.action
[7.873s] -- Installing: /home/vsadnik/RTC_Cup/install/motion_interfaces/share/ament_index/resource_index/package_run_dependencies/motion_interfaces
[7.874s] -- Installing: /home/vsadnik/RTC_Cup/install/motion_interfaces/share/ament_index/resource_index/parent_prefix_path/motion_interfaces
[7.874s] -- Installing: /home/vsadnik/RTC_Cup/install/motion_interfaces/share/motion_interfaces/environment/ament_prefix_path.sh
[7.874s] -- Installing: /home/vsadnik/RTC_Cup/install/motion_interfaces/share/motion_interfaces/environment/ament_prefix_path.dsv
[7.875s] -- Installing: /home/vsadnik/RTC_Cup/install/motion_interfaces/share/motion_interfaces/environment/path.sh
[7.875s] -- Installing: /home/vsadnik/RTC_Cup/install/motion_interfaces/share/motion_interfaces/environment/path.dsv
[7.875s] -- Installing: /home/vsadnik/RTC_Cup/install/motion_interfaces/share/motion_interfaces/local_setup.bash
[7.876s] -- Installing: /home/vsadnik/RTC_Cup/install/motion_interfaces/share/motion_interfaces/local_setup.sh
[7.876s] -- Installing: /home/vsadnik/RTC_Cup/install/motion_interfaces/share/motion_interfaces/local_setup.zsh
[7.876s] -- Installing: /home/vsadnik/RTC_Cup/install/motion_interfaces/share/motion_interfaces/local_setup.dsv
[7.876s] -- Installing: /home/vsadnik/RTC_Cup/install/motion_interfaces/share/motion_interfaces/package.dsv
[7.877s] -- Installing: /home/vsadnik/RTC_Cup/install/motion_interfaces/share/ament_index/resource_index/packages/motion_interfaces
[7.878s] -- Installing: /home/vsadnik/RTC_Cup/install/motion_interfaces/share/motion_interfaces/cmake/export_motion_interfaces__rosidl_generator_cExport.cmake
[7.878s] -- Installing: /home/vsadnik/RTC_Cup/install/motion_interfaces/share/motion_interfaces/cmake/export_motion_interfaces__rosidl_generator_cExport-noconfig.cmake
[7.878s] -- Installing: /home/vsadnik/RTC_Cup/install/motion_interfaces/share/motion_interfaces/cmake/export_motion_interfaces__rosidl_typesupport_fastrtps_cExport.cmake
[7.878s] -- Installing: /home/vsadnik/RTC_Cup/install/motion_interfaces/share/motion_interfaces/cmake/export_motion_interfaces__rosidl_typesupport_fastrtps_cExport-noconfig.cmake
[7.879s] -- Installing: /home/vsadnik/RTC_Cup/install/motion_interfaces/share/motion_interfaces/cmake/motion_interfaces__rosidl_typesupport_introspection_cExport.cmake
[7.879s] -- Installing: /home/vsadnik/RTC_Cup/install/motion_interfaces/share/motion_interfaces/cmake/motion_interfaces__rosidl_typesupport_introspection_cExport-noconfig.cmake
[7.879s] -- Installing: /home/vsadnik/RTC_Cup/install/motion_interfaces/share/motion_interfaces/cmake/motion_interfaces__rosidl_typesupport_cExport.cmake
[7.879s] -- Installing: /home/vsadnik/RTC_Cup/install/motion_interfaces/share/motion_interfaces/cmake/motion_interfaces__rosidl_typesupport_cExport-noconfig.cmake
[7.880s] -- Installing: /home/vsadnik/RTC_Cup/install/motion_interfaces/share/motion_interfaces/cmake/export_motion_interfaces__rosidl_generator_cppExport.cmake
[7.880s] -- Installing: /home/vsadnik/RTC_Cup/install/motion_interfaces/share/motion_interfaces/cmake/export_motion_interfaces__rosidl_typesupport_fastrtps_cppExport.cmake
[7.880s] -- Installing: /home/vsadnik/RTC_Cup/install/motion_interfaces/share/motion_interfaces/cmake/export_motion_interfaces__rosidl_typesupport_fastrtps_cppExport-noconfig.cmake
[7.880s] -- Installing: /home/vsadnik/RTC_Cup/install/motion_interfaces/share/motion_interfaces/cmake/motion_interfaces__rosidl_typesupport_introspection_cppExport.cmake
[7.881s] -- Installing: /home/vsadnik/RTC_Cup/install/motion_interfaces/share/motion_interfaces/cmake/motion_interfaces__rosidl_typesupport_introspection_cppExport-noconfig.cmake
[7.881s] -- Installing: /home/vsadnik/RTC_Cup/install/motion_interfaces/share/motion_interfaces/cmake/motion_interfaces__rosidl_typesupport_cppExport.cmake
[7.881s] -- Installing: /home/vsadnik/RTC_Cup/install/motion_interfaces/share/motion_interfaces/cmake/motion_interfaces__rosidl_typesupport_cppExport-noconfig.cmake
[7.881s] -- Installing: /home/vsadnik/RTC_Cup/install/motion_interfaces/share/motion_interfaces/cmake/export_motion_interfaces__rosidl_generator_pyExport.cmake
[7.882s] -- Installing: /home/vsadnik/RTC_Cup/install/motion_interfaces/share/motion_interfaces/cmake/export_motion_interfaces__rosidl_generator_pyExport-noconfig.cmake
[7.882s] -- Installing: /home/vsadnik/RTC_Cup/install/motion_interfaces/share/motion_interfaces/cmake/rosidl_cmake-extras.cmake
[7.882s] -- Installing: /home/vsadnik/RTC_Cup/install/motion_interfaces/share/motion_interfaces/cmake/ament_cmake_export_dependencies-extras.cmake
[7.882s] -- Installing: /home/vsadnik/RTC_Cup/install/motion_interfaces/share/motion_interfaces/cmake/ament_cmake_export_include_directories-extras.cmake
[7.883s] -- Installing: /home/vsadnik/RTC_Cup/install/motion_interfaces/share/motion_interfaces/cmake/ament_cmake_export_libraries-extras.cmake
[7.883s] -- Installing: /home/vsadnik/RTC_Cup/install/motion_interfaces/share/motion_interfaces/cmake/ament_cmake_export_targets-extras.cmake
[7.883s] -- Installing: /home/vsadnik/RTC_Cup/install/motion_interfaces/share/motion_interfaces/cmake/rosidl_cmake_export_typesupport_targets-extras.cmake
[7.884s] -- Installing: /home/vsadnik/RTC_Cup/install/motion_interfaces/share/motion_interfaces/cmake/rosidl_cmake_export_typesupport_libraries-extras.cmake
[7.884s] -- Installing: /home/vsadnik/RTC_Cup/install/motion_interfaces/share/motion_interfaces/cmake/motion_interfacesConfig.cmake
[7.884s] -- Installing: /home/vsadnik/RTC_Cup/install/motion_interfaces/share/motion_interfaces/cmake/motion_interfacesConfig-version.cmake
[7.884s] -- Installing: /home/vsadnik/RTC_Cup/install/motion_interfaces/share/motion_interfaces/package.xml
[7.888s] Invoked command in '/home/vsadnik/RTC_Cup/build/motion_interfaces' returned '0': CMAKE_PREFIX_PATH=${CMAKE_PREFIX_PATH}:/opt/ros/jazzy DEBUGINFOD_URLS=https://debuginfod.ubuntu.com /usr/bin/cmake --install /home/vsadnik/RTC_Cup/build/motion_interfaces
