[0.145s] DEBUG:colcon:Command line arguments: ['/usr/bin/colcon', 'build']
[0.145s] DEBUG:colcon:Parsed command line arguments: Namespace(log_base=None, log_level=None, verb_name='build', build_base='build', install_base='install', merge_install=False, symlink_install=False, test_result_base=None, continue_on_error=False, executor='parallel', parallel_workers=12, event_handlers=None, ignore_user_meta=False, metas=['./colcon.meta'], base_paths=['.'], packages_ignore=None, packages_ignore_regex=None, paths=None, packages_up_to=None, packages_up_to_regex=None, packages_above=None, packages_above_and_dependencies=None, packages_above_depth=None, packages_select_by_dep=None, packages_skip_by_dep=None, packages_skip_up_to=None, packages_select_build_failed=False, packages_skip_build_finished=False, packages_select_test_failures=False, packages_skip_test_passed=False, packages_select=None, packages_skip=None, packages_select_regex=None, packages_skip_regex=None, packages_start=None, packages_end=None, allow_overriding=[], cmake_args=None, cmake_target=None, cmake_target_skip_unavailable=False, cmake_clean_cache=False, cmake_clean_first=False, cmake_force_configure=False, ament_cmake_args=None, catkin_cmake_args=None, catkin_skip_building_tests=False, mixin_files=None, mixin=None, verb_parser=<colcon_mixin.mixin.mixin_argument.MixinArgumentDecorator object at 0x78de0312dee0>, verb_extension=<colcon_core.verb.build.BuildVerb object at 0x78de030b78c0>, main=<bound method BuildVerb.main of <colcon_core.verb.build.BuildVerb object at 0x78de030b78c0>>, mixin_verb=('build',))
[0.188s] Level 1:colcon.colcon_core.package_discovery:discover_packages(colcon_meta) check parameters
[0.189s] Level 1:colcon.colcon_core.package_discovery:discover_packages(recursive) check parameters
[0.189s] Level 1:colcon.colcon_core.package_discovery:discover_packages(ignore) check parameters
[0.189s] Level 1:colcon.colcon_core.package_discovery:discover_packages(path) check parameters
[0.189s] Level 1:colcon.colcon_core.package_discovery:discover_packages(colcon_meta) discover
[0.189s] Level 1:colcon.colcon_core.package_discovery:discover_packages(recursive) discover
[0.189s] INFO:colcon.colcon_core.package_discovery:Crawling recursively for packages in '/home/vsadnik/RTC_Cup'
[0.189s] Level 1:colcon.colcon_core.package_identification:_identify(.) by extensions ['ignore', 'ignore_ament_install']
[0.189s] Level 1:colcon.colcon_core.package_identification:_identify(.) by extension 'ignore'
[0.189s] Level 1:colcon.colcon_core.package_identification:_identify(.) by extension 'ignore_ament_install'
[0.189s] Level 1:colcon.colcon_core.package_identification:_identify(.) by extensions ['colcon_pkg']
[0.189s] Level 1:colcon.colcon_core.package_identification:_identify(.) by extension 'colcon_pkg'
[0.189s] Level 1:colcon.colcon_core.package_identification:_identify(.) by extensions ['colcon_meta']
[0.189s] Level 1:colcon.colcon_core.package_identification:_identify(.) by extension 'colcon_meta'
[0.189s] Level 1:colcon.colcon_core.package_identification:_identify(.) by extensions ['ros']
[0.189s] Level 1:colcon.colcon_core.package_identification:_identify(.) by extension 'ros'
[0.212s] Level 1:colcon.colcon_core.package_identification:_identify(.) by extensions ['cmake', 'python']
[0.212s] Level 1:colcon.colcon_core.package_identification:_identify(.) by extension 'cmake'
[0.212s] Level 1:colcon.colcon_core.package_identification:_identify(.) by extension 'python'
[0.212s] Level 1:colcon.colcon_core.package_identification:_identify(.) by extensions ['python_setup_py']
[0.212s] Level 1:colcon.colcon_core.package_identification:_identify(.) by extension 'python_setup_py'
[0.212s] Level 1:colcon.colcon_core.package_identification:_identify(build) by extensions ['ignore', 'ignore_ament_install']
[0.212s] Level 1:colcon.colcon_core.package_identification:_identify(build) by extension 'ignore'
[0.212s] Level 1:colcon.colcon_core.package_identification:_identify(build) ignored
[0.213s] Level 1:colcon.colcon_core.package_identification:_identify(install) by extensions ['ignore', 'ignore_ament_install']
[0.213s] Level 1:colcon.colcon_core.package_identification:_identify(install) by extension 'ignore'
[0.213s] Level 1:colcon.colcon_core.package_identification:_identify(install) ignored
[0.213s] Level 1:colcon.colcon_core.package_identification:_identify(log) by extensions ['ignore', 'ignore_ament_install']
[0.213s] Level 1:colcon.colcon_core.package_identification:_identify(log) by extension 'ignore'
[0.213s] Level 1:colcon.colcon_core.package_identification:_identify(log) ignored
[0.213s] Level 1:colcon.colcon_core.package_identification:_identify(src) by extensions ['ignore', 'ignore_ament_install']
[0.213s] Level 1:colcon.colcon_core.package_identification:_identify(src) by extension 'ignore'
[0.213s] Level 1:colcon.colcon_core.package_identification:_identify(src) by extension 'ignore_ament_install'
[0.213s] Level 1:colcon.colcon_core.package_identification:_identify(src) by extensions ['colcon_pkg']
[0.213s] Level 1:colcon.colcon_core.package_identification:_identify(src) by extension 'colcon_pkg'
[0.213s] Level 1:colcon.colcon_core.package_identification:_identify(src) by extensions ['colcon_meta']
[0.213s] Level 1:colcon.colcon_core.package_identification:_identify(src) by extension 'colcon_meta'
[0.213s] Level 1:colcon.colcon_core.package_identification:_identify(src) by extensions ['ros']
[0.213s] Level 1:colcon.colcon_core.package_identification:_identify(src) by extension 'ros'
[0.213s] Level 1:colcon.colcon_core.package_identification:_identify(src) by extensions ['cmake', 'python']
[0.213s] Level 1:colcon.colcon_core.package_identification:_identify(src) by extension 'cmake'
[0.213s] Level 1:colcon.colcon_core.package_identification:_identify(src) by extension 'python'
[0.213s] Level 1:colcon.colcon_core.package_identification:_identify(src) by extensions ['python_setup_py']
[0.213s] Level 1:colcon.colcon_core.package_identification:_identify(src) by extension 'python_setup_py'
[0.213s] Level 1:colcon.colcon_core.package_identification:_identify(src/experiments) by extensions ['ignore', 'ignore_ament_install']
[0.213s] Level 1:colcon.colcon_core.package_identification:_identify(src/experiments) by extension 'ignore'
[0.213s] Level 1:colcon.colcon_core.package_identification:_identify(src/experiments) by extension 'ignore_ament_install'
[0.214s] Level 1:colcon.colcon_core.package_identification:_identify(src/experiments) by extensions ['colcon_pkg']
[0.214s] Level 1:colcon.colcon_core.package_identification:_identify(src/experiments) by extension 'colcon_pkg'
[0.214s] Level 1:colcon.colcon_core.package_identification:_identify(src/experiments) by extensions ['colcon_meta']
[0.214s] Level 1:colcon.colcon_core.package_identification:_identify(src/experiments) by extension 'colcon_meta'
[0.214s] Level 1:colcon.colcon_core.package_identification:_identify(src/experiments) by extensions ['ros']
[0.214s] Level 1:colcon.colcon_core.package_identification:_identify(src/experiments) by extension 'ros'
[0.215s] DEBUG:colcon.colcon_core.package_identification:Package 'src/experiments' with type 'ros.ament_python' and name 'experiments'
[0.215s] Level 1:colcon.colcon_core.package_identification:_identify(src/motion_control) by extensions ['ignore', 'ignore_ament_install']
[0.215s] Level 1:colcon.colcon_core.package_identification:_identify(src/motion_control) by extension 'ignore'
[0.216s] Level 1:colcon.colcon_core.package_identification:_identify(src/motion_control) by extension 'ignore_ament_install'
[0.216s] Level 1:colcon.colcon_core.package_identification:_identify(src/motion_control) by extensions ['colcon_pkg']
[0.216s] Level 1:colcon.colcon_core.package_identification:_identify(src/motion_control) by extension 'colcon_pkg'
[0.216s] Level 1:colcon.colcon_core.package_identification:_identify(src/motion_control) by extensions ['colcon_meta']
[0.216s] Level 1:colcon.colcon_core.package_identification:_identify(src/motion_control) by extension 'colcon_meta'
[0.216s] Level 1:colcon.colcon_core.package_identification:_identify(src/motion_control) by extensions ['ros']
[0.216s] Level 1:colcon.colcon_core.package_identification:_identify(src/motion_control) by extension 'ros'
[0.216s] DEBUG:colcon.colcon_core.package_identification:Package 'src/motion_control' with type 'ros.ament_python' and name 'motion_control'
[0.216s] Level 1:colcon.colcon_core.package_identification:_identify(src/motion_interfaces) by extensions ['ignore', 'ignore_ament_install']
[0.216s] Level 1:colcon.colcon_core.package_identification:_identify(src/motion_interfaces) by extension 'ignore'
[0.216s] Level 1:colcon.colcon_core.package_identification:_identify(src/motion_interfaces) by extension 'ignore_ament_install'
[0.217s] Level 1:colcon.colcon_core.package_identification:_identify(src/motion_interfaces) by extensions ['colcon_pkg']
[0.217s] Level 1:colcon.colcon_core.package_identification:_identify(src/motion_interfaces) by extension 'colcon_pkg'
[0.217s] Level 1:colcon.colcon_core.package_identification:_identify(src/motion_interfaces) by extensions ['colcon_meta']
[0.217s] Level 1:colcon.colcon_core.package_identification:_identify(src/motion_interfaces) by extension 'colcon_meta'
[0.217s] Level 1:colcon.colcon_core.package_identification:_identify(src/motion_interfaces) by extensions ['ros']
[0.217s] Level 1:colcon.colcon_core.package_identification:_identify(src/motion_interfaces) by extension 'ros'
[0.217s] DEBUG:colcon.colcon_core.package_identification:Package 'src/motion_interfaces' with type 'ros.ament_cmake' and name 'motion_interfaces'
[0.217s] Level 1:colcon.colcon_core.package_discovery:discover_packages(recursive) using defaults
[0.217s] Level 1:colcon.colcon_core.package_discovery:discover_packages(ignore) discover
[0.217s] Level 1:colcon.colcon_core.package_discovery:discover_packages(ignore) using defaults
[0.217s] Level 1:colcon.colcon_core.package_discovery:discover_packages(path) discover
[0.217s] Level 1:colcon.colcon_core.package_discovery:discover_packages(path) using defaults
[0.229s] Level 1:colcon.colcon_core.package_discovery:discover_packages(prefix_path) check parameters
[0.229s] Level 1:colcon.colcon_core.package_discovery:discover_packages(prefix_path) discover
[0.232s] DEBUG:colcon.colcon_installed_package_information.package_discovery:Found 447 installed packages in /opt/ros/jazzy
[0.233s] Level 1:colcon.colcon_core.package_discovery:discover_packages(prefix_path) using defaults
[0.269s] Level 5:colcon.colcon_core.verb:set package 'experiments' build argument 'cmake_args' from command line to 'None'
[0.269s] Level 5:colcon.colcon_core.verb:set package 'experiments' build argument 'cmake_target' from command line to 'None'
[0.269s] Level 5:colcon.colcon_core.verb:set package 'experiments' build argument 'cmake_target_skip_unavailable' from command line to 'False'
[0.269s] Level 5:colcon.colcon_core.verb:set package 'experiments' build argument 'cmake_clean_cache' from command line to 'False'
[0.269s] Level 5:colcon.colcon_core.verb:set package 'experiments' build argument 'cmake_clean_first' from command line to 'False'
[0.269s] Level 5:colcon.colcon_core.verb:set package 'experiments' build argument 'cmake_force_configure' from command line to 'False'
[0.269s] Level 5:colcon.colcon_core.verb:set package 'experiments' build argument 'ament_cmake_args' from command line to 'None'
[0.269s] Level 5:colcon.colcon_core.verb:set package 'experiments' build argument 'catkin_cmake_args' from command line to 'None'
[0.269s] Level 5:colcon.colcon_core.verb:set package 'experiments' build argument 'catkin_skip_building_tests' from command line to 'False'
[0.269s] DEBUG:colcon.colcon_core.verb:Building package 'experiments' with the following arguments: {'ament_cmake_args': None, 'build_base': '/home/vsadnik/RTC_Cup/build/experiments', 'catkin_cmake_args': None, 'catkin_skip_building_tests': False, 'cmake_args': None, 'cmake_clean_cache': False, 'cmake_clean_first': False, 'cmake_force_configure': False, 'cmake_target': None, 'cmake_target_skip_unavailable': False, 'install_base': '/home/vsadnik/RTC_Cup/install/experiments', 'merge_install': False, 'path': '/home/vsadnik/RTC_Cup/src/experiments', 'symlink_install': False, 'test_result_base': None}
[0.269s] Level 5:colcon.colcon_core.verb:set package 'motion_interfaces' build argument 'cmake_args' from command line to 'None'
[0.269s] Level 5:colcon.colcon_core.verb:set package 'motion_interfaces' build argument 'cmake_target' from command line to 'None'
[0.269s] Level 5:colcon.colcon_core.verb:set package 'motion_interfaces' build argument 'cmake_target_skip_unavailable' from command line to 'False'
[0.269s] Level 5:colcon.colcon_core.verb:set package 'motion_interfaces' build argument 'cmake_clean_cache' from command line to 'False'
[0.269s] Level 5:colcon.colcon_core.verb:set package 'motion_interfaces' build argument 'cmake_clean_first' from command line to 'False'
[0.269s] Level 5:colcon.colcon_core.verb:set package 'motion_interfaces' build argument 'cmake_force_configure' from command line to 'False'
[0.269s] Level 5:colcon.colcon_core.verb:set package 'motion_interfaces' build argument 'ament_cmake_args' from command line to 'None'
[0.269s] Level 5:colcon.colcon_core.verb:set package 'motion_interfaces' build argument 'catkin_cmake_args' from command line to 'None'
[0.269s] Level 5:colcon.colcon_core.verb:set package 'motion_interfaces' build argument 'catkin_skip_building_tests' from command line to 'False'
[0.269s] DEBUG:colcon.colcon_core.verb:Building package 'motion_interfaces' with the following arguments: {'ament_cmake_args': None, 'build_base': '/home/vsadnik/RTC_Cup/build/motion_interfaces', 'catkin_cmake_args': None, 'catkin_skip_building_tests': False, 'cmake_args': None, 'cmake_clean_cache': False, 'cmake_clean_first': False, 'cmake_force_configure': False, 'cmake_target': None, 'cmake_target_skip_unavailable': False, 'install_base': '/home/vsadnik/RTC_Cup/install/motion_interfaces', 'merge_install': False, 'path': '/home/vsadnik/RTC_Cup/src/motion_interfaces', 'symlink_install': False, 'test_result_base': None}
[0.269s] Level 5:colcon.colcon_core.verb:set package 'motion_control' build argument 'cmake_args' from command line to 'None'
[0.269s] Level 5:colcon.colcon_core.verb:set package 'motion_control' build argument 'cmake_target' from command line to 'None'
[0.269s] Level 5:colcon.colcon_core.verb:set package 'motion_control' build argument 'cmake_target_skip_unavailable' from command line to 'False'
[0.269s] Level 5:colcon.colcon_core.verb:set package 'motion_control' build argument 'cmake_clean_cache' from command line to 'False'
[0.269s] Level 5:colcon.colcon_core.verb:set package 'motion_control' build argument 'cmake_clean_first' from command line to 'False'
[0.269s] Level 5:colcon.colcon_core.verb:set package 'motion_control' build argument 'cmake_force_configure' from command line to 'False'
[0.269s] Level 5:colcon.colcon_core.verb:set package 'motion_control' build argument 'ament_cmake_args' from command line to 'None'
[0.269s] Level 5:colcon.colcon_core.verb:set package 'motion_control' build argument 'catkin_cmake_args' from command line to 'None'
[0.269s] Level 5:colcon.colcon_core.verb:set package 'motion_control' build argument 'catkin_skip_building_tests' from command line to 'False'
[0.269s] DEBUG:colcon.colcon_core.verb:Building package 'motion_control' with the following arguments: {'ament_cmake_args': None, 'build_base': '/home/vsadnik/RTC_Cup/build/motion_control', 'catkin_cmake_args': None, 'catkin_skip_building_tests': False, 'cmake_args': None, 'cmake_clean_cache': False, 'cmake_clean_first': False, 'cmake_force_configure': False, 'cmake_target': None, 'cmake_target_skip_unavailable': False, 'install_base': '/home/vsadnik/RTC_Cup/install/motion_control', 'merge_install': False, 'path': '/home/vsadnik/RTC_Cup/src/motion_control', 'symlink_install': False, 'test_result_base': None}
[0.270s] INFO:colcon.colcon_core.executor:Executing jobs using 'parallel' executor
[0.270s] DEBUG:colcon.colcon_parallel_executor.executor.parallel:run_until_complete
[0.270s] INFO:colcon.colcon_ros.task.ament_cmake.build:Building ROS package in '/home/vsadnik/RTC_Cup/src/motion_interfaces' with build type 'ament_cmake'
[0.271s] INFO:colcon.colcon_cmake.task.cmake.build:Building CMake package in '/home/vsadnik/RTC_Cup/src/motion_interfaces'
[0.272s] INFO:colcon.colcon_core.plugin_system:Skipping extension 'colcon_core.shell.bat': Not used on non-Windows systems
[0.272s] INFO:colcon.colcon_core.shell:Skip shell extension 'powershell' for command environment: Not usable outside of PowerShell
[0.272s] DEBUG:colcon.colcon_core.shell:Skip shell extension 'dsv' for command environment
[0.275s] INFO:colcon.colcon_ros.task.ament_python.build:Building ROS package in '/home/vsadnik/RTC_Cup/src/experiments' with build type 'ament_python'
[0.275s] Level 1:colcon.colcon_core.shell:create_environment_hook('experiments', 'ament_prefix_path')
[0.275s] INFO:colcon.colcon_core.shell:Creating environment hook '/home/vsadnik/RTC_Cup/install/experiments/share/experiments/hook/ament_prefix_path.ps1'
[0.276s] INFO:colcon.colcon_core.shell:Creating environment descriptor '/home/vsadnik/RTC_Cup/install/experiments/share/experiments/hook/ament_prefix_path.dsv'
[0.276s] INFO:colcon.colcon_core.shell:Creating environment hook '/home/vsadnik/RTC_Cup/install/experiments/share/experiments/hook/ament_prefix_path.sh'
[0.277s] INFO:colcon.colcon_core.shell:Skip shell extension 'powershell' for command environment: Not usable outside of PowerShell
[0.277s] DEBUG:colcon.colcon_core.shell:Skip shell extension 'dsv' for command environment
[0.283s] DEBUG:colcon.colcon_core.event_handler.log_command:Invoking command in '/home/vsadnik/RTC_Cup/build/motion_interfaces': CMAKE_PREFIX_PATH=${CMAKE_PREFIX_PATH}:/opt/ros/jazzy DEBUGINFOD_URLS=https://debuginfod.ubuntu.com /usr/bin/cmake --build /home/vsadnik/RTC_Cup/build/motion_interfaces -- -j12 -l12
[0.438s] INFO:colcon.colcon_core.task.python.build:Building Python package in '/home/vsadnik/RTC_Cup/src/experiments'
[0.438s] INFO:colcon.colcon_core.shell:Skip shell extension 'powershell' for command environment: Not usable outside of PowerShell
[0.438s] DEBUG:colcon.colcon_core.shell:Skip shell extension 'dsv' for command environment
[0.610s] DEBUG:colcon.colcon_core.event_handler.log_command:Invoked command in '/home/vsadnik/RTC_Cup/build/motion_interfaces' returned '0': CMAKE_PREFIX_PATH=${CMAKE_PREFIX_PATH}:/opt/ros/jazzy DEBUGINFOD_URLS=https://debuginfod.ubuntu.com /usr/bin/cmake --build /home/vsadnik/RTC_Cup/build/motion_interfaces -- -j12 -l12
[0.621s] DEBUG:colcon.colcon_core.event_handler.log_command:Invoking command in '/home/vsadnik/RTC_Cup/build/motion_interfaces': CMAKE_PREFIX_PATH=${CMAKE_PREFIX_PATH}:/opt/ros/jazzy DEBUGINFOD_URLS=https://debuginfod.ubuntu.com /usr/bin/cmake --install /home/vsadnik/RTC_Cup/build/motion_interfaces
[0.676s] Level 1:colcon.colcon_core.environment:create_environment_scripts_only(motion_interfaces)
[0.677s] DEBUG:colcon.colcon_core.event_handler.log_command:Invoked command in '/home/vsadnik/RTC_Cup/build/motion_interfaces' returned '0': CMAKE_PREFIX_PATH=${CMAKE_PREFIX_PATH}:/opt/ros/jazzy DEBUGINFOD_URLS=https://debuginfod.ubuntu.com /usr/bin/cmake --install /home/vsadnik/RTC_Cup/build/motion_interfaces
[0.678s] Level 1:colcon.colcon_core.environment:checking '/home/vsadnik/RTC_Cup/install/motion_interfaces' for CMake module files
[0.678s] Level 1:colcon.colcon_core.environment:checking '/home/vsadnik/RTC_Cup/install/motion_interfaces' for CMake config files
[0.679s] Level 1:colcon.colcon_core.shell:create_environment_hook('motion_interfaces', 'cmake_prefix_path')
[0.679s] INFO:colcon.colcon_core.shell:Creating environment hook '/home/vsadnik/RTC_Cup/install/motion_interfaces/share/motion_interfaces/hook/cmake_prefix_path.ps1'
[0.679s] INFO:colcon.colcon_core.shell:Creating environment descriptor '/home/vsadnik/RTC_Cup/install/motion_interfaces/share/motion_interfaces/hook/cmake_prefix_path.dsv'
[0.679s] INFO:colcon.colcon_core.shell:Creating environment hook '/home/vsadnik/RTC_Cup/install/motion_interfaces/share/motion_interfaces/hook/cmake_prefix_path.sh'
[0.680s] Level 1:colcon.colcon_core.environment:checking '/home/vsadnik/RTC_Cup/install/motion_interfaces/lib'
[0.680s] Level 1:colcon.colcon_core.shell:create_environment_hook('motion_interfaces', 'ld_library_path_lib')
[0.680s] INFO:colcon.colcon_core.shell:Creating environment hook '/home/vsadnik/RTC_Cup/install/motion_interfaces/share/motion_interfaces/hook/ld_library_path_lib.ps1'
[0.680s] INFO:colcon.colcon_core.shell:Creating environment descriptor '/home/vsadnik/RTC_Cup/install/motion_interfaces/share/motion_interfaces/hook/ld_library_path_lib.dsv'
[0.681s] INFO:colcon.colcon_core.shell:Creating environment hook '/home/vsadnik/RTC_Cup/install/motion_interfaces/share/motion_interfaces/hook/ld_library_path_lib.sh'
[0.681s] Level 1:colcon.colcon_core.environment:checking '/home/vsadnik/RTC_Cup/install/motion_interfaces/bin'
[0.681s] Level 1:colcon.colcon_core.environment:checking '/home/vsadnik/RTC_Cup/install/motion_interfaces/lib/pkgconfig/motion_interfaces.pc'
[0.681s] Level 1:colcon.colcon_core.environment:checking '/home/vsadnik/RTC_Cup/install/motion_interfaces/lib/python3.12/site-packages'
[0.681s] Level 1:colcon.colcon_core.shell:create_environment_hook('motion_interfaces', 'pythonpath')
[0.681s] INFO:colcon.colcon_core.shell:Creating environment hook '/home/vsadnik/RTC_Cup/install/motion_interfaces/share/motion_interfaces/hook/pythonpath.ps1'
[0.682s] INFO:colcon.colcon_core.shell:Creating environment descriptor '/home/vsadnik/RTC_Cup/install/motion_interfaces/share/motion_interfaces/hook/pythonpath.dsv'
[0.682s] INFO:colcon.colcon_core.shell:Creating environment hook '/home/vsadnik/RTC_Cup/install/motion_interfaces/share/motion_interfaces/hook/pythonpath.sh'
[0.682s] Level 1:colcon.colcon_core.environment:checking '/home/vsadnik/RTC_Cup/install/motion_interfaces/bin'
[0.682s] INFO:colcon.colcon_core.shell:Creating package script '/home/vsadnik/RTC_Cup/install/motion_interfaces/share/motion_interfaces/package.ps1'
[0.683s] INFO:colcon.colcon_core.shell:Creating package descriptor '/home/vsadnik/RTC_Cup/install/motion_interfaces/share/motion_interfaces/package.dsv'
[0.683s] INFO:colcon.colcon_core.shell:Creating package script '/home/vsadnik/RTC_Cup/install/motion_interfaces/share/motion_interfaces/package.sh'
[0.684s] INFO:colcon.colcon_core.shell:Creating package script '/home/vsadnik/RTC_Cup/install/motion_interfaces/share/motion_interfaces/package.bash'
[0.684s] INFO:colcon.colcon_core.shell:Creating package script '/home/vsadnik/RTC_Cup/install/motion_interfaces/share/motion_interfaces/package.zsh'
[0.684s] Level 1:colcon.colcon_core.environment:create_file_with_runtime_dependencies(/home/vsadnik/RTC_Cup/install/motion_interfaces/share/colcon-core/packages/motion_interfaces)
[0.685s] Level 1:colcon.colcon_core.environment:create_environment_scripts_only(motion_interfaces)
[0.685s] Level 1:colcon.colcon_core.environment:checking '/home/vsadnik/RTC_Cup/install/motion_interfaces' for CMake module files
[0.685s] Level 1:colcon.colcon_core.environment:checking '/home/vsadnik/RTC_Cup/install/motion_interfaces' for CMake config files
[0.686s] Level 1:colcon.colcon_core.shell:create_environment_hook('motion_interfaces', 'cmake_prefix_path')
[0.686s] INFO:colcon.colcon_core.shell:Creating environment hook '/home/vsadnik/RTC_Cup/install/motion_interfaces/share/motion_interfaces/hook/cmake_prefix_path.ps1'
[0.686s] INFO:colcon.colcon_core.shell:Creating environment descriptor '/home/vsadnik/RTC_Cup/install/motion_interfaces/share/motion_interfaces/hook/cmake_prefix_path.dsv'
[0.686s] INFO:colcon.colcon_core.shell:Creating environment hook '/home/vsadnik/RTC_Cup/install/motion_interfaces/share/motion_interfaces/hook/cmake_prefix_path.sh'
[0.687s] Level 1:colcon.colcon_core.environment:checking '/home/vsadnik/RTC_Cup/install/motion_interfaces/lib'
[0.687s] Level 1:colcon.colcon_core.shell:create_environment_hook('motion_interfaces', 'ld_library_path_lib')
[0.687s] INFO:colcon.colcon_core.shell:Creating environment hook '/home/vsadnik/RTC_Cup/install/motion_interfaces/share/motion_interfaces/hook/ld_library_path_lib.ps1'
[0.687s] INFO:colcon.colcon_core.shell:Creating environment descriptor '/home/vsadnik/RTC_Cup/install/motion_interfaces/share/motion_interfaces/hook/ld_library_path_lib.dsv'
[0.687s] INFO:colcon.colcon_core.shell:Creating environment hook '/home/vsadnik/RTC_Cup/install/motion_interfaces/share/motion_interfaces/hook/ld_library_path_lib.sh'
[0.688s] Level 1:colcon.colcon_core.environment:checking '/home/vsadnik/RTC_Cup/install/motion_interfaces/bin'
[0.688s] Level 1:colcon.colcon_core.environment:checking '/home/vsadnik/RTC_Cup/install/motion_interfaces/lib/pkgconfig/motion_interfaces.pc'
[0.688s] Level 1:colcon.colcon_core.environment:checking '/home/vsadnik/RTC_Cup/install/motion_interfaces/lib/python3.12/site-packages'
[0.688s] Level 1:colcon.colcon_core.shell:create_environment_hook('motion_interfaces', 'pythonpath')
[0.688s] INFO:colcon.colcon_core.shell:Creating environment hook '/home/vsadnik/RTC_Cup/install/motion_interfaces/share/motion_interfaces/hook/pythonpath.ps1'
[0.688s] INFO:colcon.colcon_core.shell:Creating environment descriptor '/home/vsadnik/RTC_Cup/install/motion_interfaces/share/motion_interfaces/hook/pythonpath.dsv'
[0.688s] INFO:colcon.colcon_core.shell:Creating environment hook '/home/vsadnik/RTC_Cup/install/motion_interfaces/share/motion_interfaces/hook/pythonpath.sh'
[0.689s] Level 1:colcon.colcon_core.environment:checking '/home/vsadnik/RTC_Cup/install/motion_interfaces/bin'
[0.689s] INFO:colcon.colcon_core.shell:Creating package script '/home/vsadnik/RTC_Cup/install/motion_interfaces/share/motion_interfaces/package.ps1'
[0.689s] INFO:colcon.colcon_core.shell:Creating package descriptor '/home/vsadnik/RTC_Cup/install/motion_interfaces/share/motion_interfaces/package.dsv'
[0.690s] INFO:colcon.colcon_core.shell:Creating package script '/home/vsadnik/RTC_Cup/install/motion_interfaces/share/motion_interfaces/package.sh'
[0.690s] INFO:colcon.colcon_core.shell:Creating package script '/home/vsadnik/RTC_Cup/install/motion_interfaces/share/motion_interfaces/package.bash'
[0.690s] INFO:colcon.colcon_core.shell:Creating package script '/home/vsadnik/RTC_Cup/install/motion_interfaces/share/motion_interfaces/package.zsh'
[0.690s] Level 1:colcon.colcon_core.environment:create_file_with_runtime_dependencies(/home/vsadnik/RTC_Cup/install/motion_interfaces/share/colcon-core/packages/motion_interfaces)
[0.691s] INFO:colcon.colcon_ros.task.ament_python.build:Building ROS package in '/home/vsadnik/RTC_Cup/src/motion_control' with build type 'ament_python'
[0.691s] Level 1:colcon.colcon_core.shell:create_environment_hook('motion_control', 'ament_prefix_path')
[0.691s] INFO:colcon.colcon_core.shell:Creating environment hook '/home/vsadnik/RTC_Cup/install/motion_control/share/motion_control/hook/ament_prefix_path.ps1'
[0.692s] INFO:colcon.colcon_core.shell:Creating environment descriptor '/home/vsadnik/RTC_Cup/install/motion_control/share/motion_control/hook/ament_prefix_path.dsv'
[0.692s] INFO:colcon.colcon_core.shell:Creating environment hook '/home/vsadnik/RTC_Cup/install/motion_control/share/motion_control/hook/ament_prefix_path.sh'
[0.693s] INFO:colcon.colcon_core.shell:Skip shell extension 'powershell' for command environment: Not usable outside of PowerShell
[0.693s] DEBUG:colcon.colcon_core.shell:Skip shell extension 'dsv' for command environment
[0.894s] INFO:colcon.colcon_core.task.python.build:Building Python package in '/home/vsadnik/RTC_Cup/src/motion_control'
[0.894s] INFO:colcon.colcon_core.shell:Skip shell extension 'powershell' for command environment: Not usable outside of PowerShell
[0.894s] DEBUG:colcon.colcon_core.shell:Skip shell extension 'dsv' for command environment
[0.899s] DEBUG:colcon.colcon_core.event_handler.log_command:Invoking command in '/home/vsadnik/RTC_Cup/src/experiments': DEBUGINFOD_URLS=https://debuginfod.ubuntu.com PYTHONPATH=/home/vsadnik/RTC_Cup/build/experiments/prefix_override:/usr/lib/python3/dist-packages/colcon_core/task/python/colcon_distutils_commands:/home/vsadnik/RTC_Cup/install/experiments/lib/python3.12/site-packages:${PYTHONPATH} /usr/bin/python3 -W ignore:setup.py install is deprecated -W ignore:easy_install command is deprecated setup.py egg_info --egg-base ../../build/experiments build --build-base /home/vsadnik/RTC_Cup/build/experiments/build install --record /home/vsadnik/RTC_Cup/build/experiments/install.log --single-version-externally-managed install_data
[1.225s] Level 1:colcon.colcon_core.environment:checking '/home/vsadnik/RTC_Cup/install/experiments' for CMake module files
[1.225s] DEBUG:colcon.colcon_core.event_handler.log_command:Invoked command in '/home/vsadnik/RTC_Cup/src/experiments' returned '0': DEBUGINFOD_URLS=https://debuginfod.ubuntu.com PYTHONPATH=/home/vsadnik/RTC_Cup/build/experiments/prefix_override:/usr/lib/python3/dist-packages/colcon_core/task/python/colcon_distutils_commands:/home/vsadnik/RTC_Cup/install/experiments/lib/python3.12/site-packages:${PYTHONPATH} /usr/bin/python3 -W ignore:setup.py install is deprecated -W ignore:easy_install command is deprecated setup.py egg_info --egg-base ../../build/experiments build --build-base /home/vsadnik/RTC_Cup/build/experiments/build install --record /home/vsadnik/RTC_Cup/build/experiments/install.log --single-version-externally-managed install_data
[1.226s] Level 1:colcon.colcon_core.environment:checking '/home/vsadnik/RTC_Cup/install/experiments' for CMake config files
[1.226s] Level 1:colcon.colcon_core.environment:checking '/home/vsadnik/RTC_Cup/install/experiments/lib'
[1.226s] Level 1:colcon.colcon_core.environment:checking '/home/vsadnik/RTC_Cup/install/experiments/bin'
[1.226s] Level 1:colcon.colcon_core.environment:checking '/home/vsadnik/RTC_Cup/install/experiments/lib/pkgconfig/experiments.pc'
[1.226s] Level 1:colcon.colcon_core.environment:checking '/home/vsadnik/RTC_Cup/install/experiments/lib/python3.12/site-packages'
[1.226s] Level 1:colcon.colcon_core.shell:create_environment_hook('experiments', 'pythonpath')
[1.226s] INFO:colcon.colcon_core.shell:Creating environment hook '/home/vsadnik/RTC_Cup/install/experiments/share/experiments/hook/pythonpath.ps1'
[1.227s] INFO:colcon.colcon_core.shell:Creating environment descriptor '/home/vsadnik/RTC_Cup/install/experiments/share/experiments/hook/pythonpath.dsv'
[1.227s] INFO:colcon.colcon_core.shell:Creating environment hook '/home/vsadnik/RTC_Cup/install/experiments/share/experiments/hook/pythonpath.sh'
[1.227s] Level 1:colcon.colcon_core.environment:checking '/home/vsadnik/RTC_Cup/install/experiments/bin'
[1.228s] Level 1:colcon.colcon_core.environment:create_environment_scripts_only(experiments)
[1.228s] INFO:colcon.colcon_core.shell:Creating package script '/home/vsadnik/RTC_Cup/install/experiments/share/experiments/package.ps1'
[1.228s] INFO:colcon.colcon_core.shell:Creating package descriptor '/home/vsadnik/RTC_Cup/install/experiments/share/experiments/package.dsv'
[1.228s] INFO:colcon.colcon_core.shell:Creating package script '/home/vsadnik/RTC_Cup/install/experiments/share/experiments/package.sh'
[1.229s] INFO:colcon.colcon_core.shell:Creating package script '/home/vsadnik/RTC_Cup/install/experiments/share/experiments/package.bash'
[1.229s] INFO:colcon.colcon_core.shell:Creating package script '/home/vsadnik/RTC_Cup/install/experiments/share/experiments/package.zsh'
[1.229s] Level 1:colcon.colcon_core.environment:create_file_with_runtime_dependencies(/home/vsadnik/RTC_Cup/install/experiments/share/colcon-core/packages/experiments)
[1.320s] DEBUG:colcon.colcon_core.event_handler.log_command:Invoking command in '/home/vsadnik/RTC_Cup/src/motion_control': AMENT_PREFIX_PATH=/home/vsadnik/RTC_Cup/install/motion_interfaces:${AMENT_PREFIX_PATH} CMAKE_PREFIX_PATH=/home/vsadnik/RTC_Cup/install/motion_interfaces:${CMAKE_PREFIX_PATH} DEBUGINFOD_URLS=https://debuginfod.ubuntu.com LD_LIBRARY_PATH=/home/vsadnik/RTC_Cup/install/motion_interfaces/lib:${LD_LIBRARY_PATH} PYTHONPATH=/home/vsadnik/RTC_Cup/build/motion_control/prefix_override:/usr/lib/python3/dist-packages/colcon_core/task/python/colcon_distutils_commands:/home/vsadnik/RTC_Cup/install/motion_control/lib/python3.12/site-packages:/home/vsadnik/RTC_Cup/install/motion_interfaces/lib/python3.12/site-packages:${PYTHONPATH} /usr/bin/python3 -W ignore:setup.py install is deprecated -W ignore:easy_install command is deprecated setup.py egg_info --egg-base ../../build/motion_control build --build-base /home/vsadnik/RTC_Cup/build/motion_control/build install --record /home/vsadnik/RTC_Cup/build/motion_control/install.log --single-version-externally-managed install_data
[1.682s] Level 1:colcon.colcon_core.environment:checking '/home/vsadnik/RTC_Cup/install/motion_control' for CMake module files
[1.683s] DEBUG:colcon.colcon_core.event_handler.log_command:Invoked command in '/home/vsadnik/RTC_Cup/src/motion_control' returned '0': AMENT_PREFIX_PATH=/home/vsadnik/RTC_Cup/install/motion_interfaces:${AMENT_PREFIX_PATH} CMAKE_PREFIX_PATH=/home/vsadnik/RTC_Cup/install/motion_interfaces:${CMAKE_PREFIX_PATH} DEBUGINFOD_URLS=https://debuginfod.ubuntu.com LD_LIBRARY_PATH=/home/vsadnik/RTC_Cup/install/motion_interfaces/lib:${LD_LIBRARY_PATH} PYTHONPATH=/home/vsadnik/RTC_Cup/build/motion_control/prefix_override:/usr/lib/python3/dist-packages/colcon_core/task/python/colcon_distutils_commands:/home/vsadnik/RTC_Cup/install/motion_control/lib/python3.12/site-packages:/home/vsadnik/RTC_Cup/install/motion_interfaces/lib/python3.12/site-packages:${PYTHONPATH} /usr/bin/python3 -W ignore:setup.py install is deprecated -W ignore:easy_install command is deprecated setup.py egg_info --egg-base ../../build/motion_control build --build-base /home/vsadnik/RTC_Cup/build/motion_control/build install --record /home/vsadnik/RTC_Cup/build/motion_control/install.log --single-version-externally-managed install_data
[1.683s] Level 1:colcon.colcon_core.environment:checking '/home/vsadnik/RTC_Cup/install/motion_control' for CMake config files
[1.684s] Level 1:colcon.colcon_core.environment:checking '/home/vsadnik/RTC_Cup/install/motion_control/lib'
[1.684s] Level 1:colcon.colcon_core.environment:checking '/home/vsadnik/RTC_Cup/install/motion_control/bin'
[1.684s] Level 1:colcon.colcon_core.environment:checking '/home/vsadnik/RTC_Cup/install/motion_control/lib/pkgconfig/motion_control.pc'
[1.684s] Level 1:colcon.colcon_core.environment:checking '/home/vsadnik/RTC_Cup/install/motion_control/lib/python3.12/site-packages'
[1.684s] Level 1:colcon.colcon_core.shell:create_environment_hook('motion_control', 'pythonpath')
[1.684s] INFO:colcon.colcon_core.shell:Creating environment hook '/home/vsadnik/RTC_Cup/install/motion_control/share/motion_control/hook/pythonpath.ps1'
[1.685s] INFO:colcon.colcon_core.shell:Creating environment descriptor '/home/vsadnik/RTC_Cup/install/motion_control/share/motion_control/hook/pythonpath.dsv'
[1.685s] INFO:colcon.colcon_core.shell:Creating environment hook '/home/vsadnik/RTC_Cup/install/motion_control/share/motion_control/hook/pythonpath.sh'
[1.686s] Level 1:colcon.colcon_core.environment:checking '/home/vsadnik/RTC_Cup/install/motion_control/bin'
[1.686s] Level 1:colcon.colcon_core.environment:create_environment_scripts_only(motion_control)
[1.686s] INFO:colcon.colcon_core.shell:Creating package script '/home/vsadnik/RTC_Cup/install/motion_control/share/motion_control/package.ps1'
[1.686s] INFO:colcon.colcon_core.shell:Creating package descriptor '/home/vsadnik/RTC_Cup/install/motion_control/share/motion_control/package.dsv'
[1.686s] INFO:colcon.colcon_core.shell:Creating package script '/home/vsadnik/RTC_Cup/install/motion_control/share/motion_control/package.sh'
[1.687s] INFO:colcon.colcon_core.shell:Creating package script '/home/vsadnik/RTC_Cup/install/motion_control/share/motion_control/package.bash'
[1.687s] INFO:colcon.colcon_core.shell:Creating package script '/home/vsadnik/RTC_Cup/install/motion_control/share/motion_control/package.zsh'
[1.687s] Level 1:colcon.colcon_core.environment:create_file_with_runtime_dependencies(/home/vsadnik/RTC_Cup/install/motion_control/share/colcon-core/packages/motion_control)
[1.688s] DEBUG:colcon.colcon_parallel_executor.executor.parallel:closing loop
[1.688s] DEBUG:colcon.colcon_parallel_executor.executor.parallel:loop closed
[1.688s] DEBUG:colcon.colcon_parallel_executor.executor.parallel:run_until_complete finished with '0'
[1.689s] DEBUG:colcon.colcon_core.event_reactor:joining thread
[1.730s] INFO:colcon.colcon_core.plugin_system:Skipping extension 'colcon_notification.desktop_notification.notify_send': Could not find 'notify-send'
[1.730s] INFO:colcon.colcon_core.plugin_system:Skipping extension 'colcon_notification.desktop_notification.terminal_notifier': Not used on non-Darwin systems
[1.730s] INFO:colcon.colcon_core.plugin_system:Skipping extension 'colcon_notification.desktop_notification.win32': Not used on non-Windows systems
[1.730s] INFO:colcon.colcon_notification.desktop_notification:Sending desktop notification using 'notify2'
[1.731s] DEBUG:colcon.colcon_notification.desktop_notification.notify2:Failed to initialize notify2: org.freedesktop.DBus.Error.ServiceUnknown: The name org.freedesktop.Notifications was not provided by any .service files
[1.731s] DEBUG:colcon.colcon_core.event_reactor:joined thread
[1.731s] INFO:colcon.colcon_core.shell:Creating prefix script '/home/vsadnik/RTC_Cup/install/local_setup.ps1'
[1.732s] INFO:colcon.colcon_core.shell:Creating prefix util module '/home/vsadnik/RTC_Cup/install/_local_setup_util_ps1.py'
[1.733s] INFO:colcon.colcon_core.shell:Creating prefix chain script '/home/vsadnik/RTC_Cup/install/setup.ps1'
[1.734s] INFO:colcon.colcon_core.shell:Creating prefix script '/home/vsadnik/RTC_Cup/install/local_setup.sh'
[1.734s] INFO:colcon.colcon_core.shell:Creating prefix util module '/home/vsadnik/RTC_Cup/install/_local_setup_util_sh.py'
[1.734s] INFO:colcon.colcon_core.shell:Creating prefix chain script '/home/vsadnik/RTC_Cup/install/setup.sh'
[1.735s] INFO:colcon.colcon_core.shell:Creating prefix script '/home/vsadnik/RTC_Cup/install/local_setup.bash'
[1.735s] INFO:colcon.colcon_core.shell:Creating prefix chain script '/home/vsadnik/RTC_Cup/install/setup.bash'
[1.736s] INFO:colcon.colcon_core.shell:Creating prefix script '/home/vsadnik/RTC_Cup/install/local_setup.zsh'
[1.736s] INFO:colcon.colcon_core.shell:Creating prefix chain script '/home/vsadnik/RTC_Cup/install/setup.zsh'
