[0.714s] Invoking command in '/home/vsadnik/RTC_Cup/src/motion_control': AMENT_PREFIX_PATH=/home/vsadnik/RTC_Cup/install/motion_interfaces:${AMENT_PREFIX_PATH} CMAKE_PREFIX_PATH=/home/vsadnik/RTC_Cup/install/motion_interfaces:${CMAKE_PREFIX_PATH} DEBUGINFOD_URLS=https://debuginfod.ubuntu.com LD_LIBRARY_PATH=/home/vsadnik/RTC_Cup/install/motion_interfaces/lib:${LD_LIBRARY_PATH} PYTHONPATH=/home/vsadnik/RTC_Cup/build/motion_control/prefix_override:/usr/lib/python3/dist-packages/colcon_core/task/python/colcon_distutils_commands:/home/vsadnik/RTC_Cup/install/motion_control/lib/python3.12/site-packages:/home/vsadnik/RTC_Cup/install/motion_interfaces/lib/python3.12/site-packages:${PYTHONPATH} /usr/bin/python3 -W ignore:setup.py install is deprecated -W ignore:easy_install command is deprecated setup.py egg_info --egg-base ../../build/motion_control build --build-base /home/vsadnik/RTC_Cup/build/motion_control/build install --record /home/vsadnik/RTC_Cup/build/motion_control/install.log --single-version-externally-managed install_data
[0.861s] running egg_info
[0.872s] writing ../../build/motion_control/motion_control.egg-info/PKG-INFO
[0.873s] writing dependency_links to ../../build/motion_control/motion_control.egg-info/dependency_links.txt
[0.873s] writing requirements to ../../build/motion_control/motion_control.egg-info/requires.txt
[0.873s] writing top-level names to ../../build/motion_control/motion_control.egg-info/top_level.txt
[0.895s] reading manifest file '../../build/motion_control/motion_control.egg-info/SOURCES.txt'
[0.895s] writing manifest file '../../build/motion_control/motion_control.egg-info/SOURCES.txt'
[0.896s] running build
[0.896s] running build_py
[0.896s] copying motion_control/test_navigation.py -> /home/vsadnik/RTC_Cup/build/motion_control/build/lib/motion_control
[0.896s] copying motion_control/navigation_action_server.py -> /home/vsadnik/RTC_Cup/build/motion_control/build/lib/motion_control
[0.896s] running install
[0.900s] running install_lib
[0.910s] copying /home/vsadnik/RTC_Cup/build/motion_control/build/lib/motion_control/test_navigation.py -> /home/vsadnik/RTC_Cup/install/motion_control/lib/python3.12/site-packages/motion_control
[0.911s] copying /home/vsadnik/RTC_Cup/build/motion_control/build/lib/motion_control/navigation_action_server.py -> /home/vsadnik/RTC_Cup/install/motion_control/lib/python3.12/site-packages/motion_control
[0.911s] byte-compiling /home/vsadnik/RTC_Cup/install/motion_control/lib/python3.12/site-packages/motion_control/test_navigation.py to test_navigation.cpython-312.pyc
[0.912s] byte-compiling /home/vsadnik/RTC_Cup/install/motion_control/lib/python3.12/site-packages/motion_control/navigation_action_server.py to navigation_action_server.cpython-312.pyc
[0.914s] running install_data
[0.914s] copying package.xml -> /home/vsadnik/RTC_Cup/install/motion_control/share/motion_control
[0.914s] running install_egg_info
[0.925s] removing '/home/vsadnik/RTC_Cup/install/motion_control/lib/python3.12/site-packages/motion_control-0.0.0-py3.12.egg-info' (and everything under it)
[0.925s] Copying ../../build/motion_control/motion_control.egg-info to /home/vsadnik/RTC_Cup/install/motion_control/lib/python3.12/site-packages/motion_control-0.0.0-py3.12.egg-info
[0.927s] running install_scripts
[1.007s] writing list of installed files to '/home/vsadnik/RTC_Cup/build/motion_control/install.log'
[1.025s] Invoked command in '/home/vsadnik/RTC_Cup/src/motion_control' returned '0': AMENT_PREFIX_PATH=/home/vsadnik/RTC_Cup/install/motion_interfaces:${AMENT_PREFIX_PATH} CMAKE_PREFIX_PATH=/home/vsadnik/RTC_Cup/install/motion_interfaces:${CMAKE_PREFIX_PATH} DEBUGINFOD_URLS=https://debuginfod.ubuntu.com LD_LIBRARY_PATH=/home/vsadnik/RTC_Cup/install/motion_interfaces/lib:${LD_LIBRARY_PATH} PYTHONPATH=/home/vsadnik/RTC_Cup/build/motion_control/prefix_override:/usr/lib/python3/dist-packages/colcon_core/task/python/colcon_distutils_commands:/home/vsadnik/RTC_Cup/install/motion_control/lib/python3.12/site-packages:/home/vsadnik/RTC_Cup/install/motion_interfaces/lib/python3.12/site-packages:${PYTHONPATH} /usr/bin/python3 -W ignore:setup.py install is deprecated -W ignore:easy_install command is deprecated setup.py egg_info --egg-base ../../build/motion_control build --build-base /home/vsadnik/RTC_Cup/build/motion_control/build install --record /home/vsadnik/RTC_Cup/build/motion_control/install.log --single-version-externally-managed install_data
