[  2%] Built target motion_interfaces__rosidl_generator_type_description
[  2%] Built target ament_cmake_python_copy_motion_interfaces
[ 17%] Built target motion_interfaces__rosidl_generator_c
running egg_info
writing motion_interfaces.egg-info/PKG-INFO
writing dependency_links to motion_interfaces.egg-info/dependency_links.txt
writing top-level names to motion_interfaces.egg-info/top_level.txt
reading manifest file 'motion_interfaces.egg-info/SOURCES.txt'
writing manifest file 'motion_interfaces.egg-info/SOURCES.txt'
[ 17%] Built target ament_cmake_python_build_motion_interfaces_egg
[ 26%] Built target motion_interfaces__rosidl_typesupport_c
[ 35%] Built target motion_interfaces__rosidl_typesupport_introspection_c
[ 44%] Built target motion_interfaces__rosidl_typesupport_fastrtps_c
[ 47%] Built target motion_interfaces__cpp
[ 55%] Built target motion_interfaces__rosidl_typesupport_cpp
[ 64%] Built target motion_interfaces__rosidl_typesupport_introspection_cpp
[ 73%] Built target motion_interfaces__rosidl_typesupport_fastrtps_cpp
[ 73%] Built target motion_interfaces
[ 76%] Built target motion_interfaces__py
[ 82%] Built target motion_interfaces__rosidl_generator_py
[ 88%] Built target motion_interfaces_s__rosidl_typesupport_fastrtps_c
[ 94%] Built target motion_interfaces_s__rosidl_typesupport_c
[100%] Built target motion_interfaces_s__rosidl_typesupport_introspection_c
-- Install configuration: ""
-- Up-to-date: /home/vsadnik/RTC_Cup/install/motion_interfaces/share/ament_index/resource_index/rosidl_interfaces/motion_interfaces
-- Up-to-date: /home/vsadnik/RTC_Cup/install/motion_interfaces/share/motion_interfaces/action/Navigate.json
-- Up-to-date: /home/vsadnik/RTC_Cup/install/motion_interfaces/include/motion_interfaces/motion_interfaces
-- Up-to-date: /home/vsadnik/RTC_Cup/install/motion_interfaces/include/motion_interfaces/motion_interfaces/msg
-- Up-to-date: /home/vsadnik/RTC_Cup/install/motion_interfaces/include/motion_interfaces/motion_interfaces/msg/rosidl_generator_c__visibility_control.h
-- Up-to-date: /home/vsadnik/RTC_Cup/install/motion_interfaces/include/motion_interfaces/motion_interfaces/action
-- Up-to-date: /home/vsadnik/RTC_Cup/install/motion_interfaces/include/motion_interfaces/motion_interfaces/action/detail
-- Up-to-date: /home/vsadnik/RTC_Cup/install/motion_interfaces/include/motion_interfaces/motion_interfaces/action/detail/navigate__functions.c
-- Up-to-date: /home/vsadnik/RTC_Cup/install/motion_interfaces/include/motion_interfaces/motion_interfaces/action/detail/navigate__type_support.c
-- Up-to-date: /home/vsadnik/RTC_Cup/install/motion_interfaces/include/motion_interfaces/motion_interfaces/action/detail/navigate__description.c
-- Up-to-date: /home/vsadnik/RTC_Cup/install/motion_interfaces/include/motion_interfaces/motion_interfaces/action/detail/navigate__type_support.h
-- Up-to-date: /home/vsadnik/RTC_Cup/install/motion_interfaces/include/motion_interfaces/motion_interfaces/action/detail/navigate__functions.h
-- Up-to-date: /home/vsadnik/RTC_Cup/install/motion_interfaces/include/motion_interfaces/motion_interfaces/action/detail/navigate__struct.h
-- Up-to-date: /home/vsadnik/RTC_Cup/install/motion_interfaces/include/motion_interfaces/motion_interfaces/action/navigate.h
-- Up-to-date: /home/vsadnik/RTC_Cup/install/motion_interfaces/share/motion_interfaces/environment/library_path.sh
-- Up-to-date: /home/vsadnik/RTC_Cup/install/motion_interfaces/share/motion_interfaces/environment/library_path.dsv
-- Up-to-date: /home/vsadnik/RTC_Cup/install/motion_interfaces/lib/libmotion_interfaces__rosidl_generator_c.so
-- Up-to-date: /home/vsadnik/RTC_Cup/install/motion_interfaces/include/motion_interfaces/motion_interfaces
-- Up-to-date: /home/vsadnik/RTC_Cup/install/motion_interfaces/include/motion_interfaces/motion_interfaces/msg
-- Up-to-date: /home/vsadnik/RTC_Cup/install/motion_interfaces/include/motion_interfaces/motion_interfaces/msg/rosidl_typesupport_fastrtps_c__visibility_control.h
-- Up-to-date: /home/vsadnik/RTC_Cup/install/motion_interfaces/include/motion_interfaces/motion_interfaces/action
-- Up-to-date: /home/vsadnik/RTC_Cup/install/motion_interfaces/include/motion_interfaces/motion_interfaces/action/detail
-- Up-to-date: /home/vsadnik/RTC_Cup/install/motion_interfaces/include/motion_interfaces/motion_interfaces/action/detail/navigate__rosidl_typesupport_fastrtps_c.h
-- Up-to-date: /home/vsadnik/RTC_Cup/install/motion_interfaces/lib/libmotion_interfaces__rosidl_typesupport_fastrtps_c.so
-- Up-to-date: /home/vsadnik/RTC_Cup/install/motion_interfaces/include/motion_interfaces/motion_interfaces
-- Up-to-date: /home/vsadnik/RTC_Cup/install/motion_interfaces/include/motion_interfaces/motion_interfaces/msg
-- Up-to-date: /home/vsadnik/RTC_Cup/install/motion_interfaces/include/motion_interfaces/motion_interfaces/msg/rosidl_typesupport_introspection_c__visibility_control.h
-- Up-to-date: /home/vsadnik/RTC_Cup/install/motion_interfaces/include/motion_interfaces/motion_interfaces/action
-- Up-to-date: /home/vsadnik/RTC_Cup/install/motion_interfaces/include/motion_interfaces/motion_interfaces/action/detail
-- Up-to-date: /home/vsadnik/RTC_Cup/install/motion_interfaces/include/motion_interfaces/motion_interfaces/action/detail/navigate__rosidl_typesupport_introspection_c.h
-- Up-to-date: /home/vsadnik/RTC_Cup/install/motion_interfaces/include/motion_interfaces/motion_interfaces/action/detail/navigate__type_support.c
-- Up-to-date: /home/vsadnik/RTC_Cup/install/motion_interfaces/lib/libmotion_interfaces__rosidl_typesupport_introspection_c.so
-- Up-to-date: /home/vsadnik/RTC_Cup/install/motion_interfaces/lib/libmotion_interfaces__rosidl_typesupport_c.so
-- Up-to-date: /home/vsadnik/RTC_Cup/install/motion_interfaces/include/motion_interfaces/motion_interfaces
-- Up-to-date: /home/vsadnik/RTC_Cup/install/motion_interfaces/include/motion_interfaces/motion_interfaces/msg
-- Up-to-date: /home/vsadnik/RTC_Cup/install/motion_interfaces/include/motion_interfaces/motion_interfaces/msg/rosidl_generator_cpp__visibility_control.hpp
-- Up-to-date: /home/vsadnik/RTC_Cup/install/motion_interfaces/include/motion_interfaces/motion_interfaces/action
-- Up-to-date: /home/vsadnik/RTC_Cup/install/motion_interfaces/include/motion_interfaces/motion_interfaces/action/detail
-- Up-to-date: /home/vsadnik/RTC_Cup/install/motion_interfaces/include/motion_interfaces/motion_interfaces/action/detail/navigate__type_support.hpp
-- Up-to-date: /home/vsadnik/RTC_Cup/install/motion_interfaces/include/motion_interfaces/motion_interfaces/action/detail/navigate__struct.hpp
-- Up-to-date: /home/vsadnik/RTC_Cup/install/motion_interfaces/include/motion_interfaces/motion_interfaces/action/detail/navigate__traits.hpp
-- Up-to-date: /home/vsadnik/RTC_Cup/install/motion_interfaces/include/motion_interfaces/motion_interfaces/action/detail/navigate__builder.hpp
-- Up-to-date: /home/vsadnik/RTC_Cup/install/motion_interfaces/include/motion_interfaces/motion_interfaces/action/navigate.hpp
-- Up-to-date: /home/vsadnik/RTC_Cup/install/motion_interfaces/include/motion_interfaces/motion_interfaces
-- Up-to-date: /home/vsadnik/RTC_Cup/install/motion_interfaces/include/motion_interfaces/motion_interfaces/msg
-- Up-to-date: /home/vsadnik/RTC_Cup/install/motion_interfaces/include/motion_interfaces/motion_interfaces/msg/rosidl_typesupport_fastrtps_cpp__visibility_control.h
-- Up-to-date: /home/vsadnik/RTC_Cup/install/motion_interfaces/include/motion_interfaces/motion_interfaces/action
-- Up-to-date: /home/vsadnik/RTC_Cup/install/motion_interfaces/include/motion_interfaces/motion_interfaces/action/detail
-- Up-to-date: /home/vsadnik/RTC_Cup/install/motion_interfaces/include/motion_interfaces/motion_interfaces/action/detail/navigate__rosidl_typesupport_fastrtps_cpp.hpp
-- Up-to-date: /home/vsadnik/RTC_Cup/install/motion_interfaces/include/motion_interfaces/motion_interfaces/action/detail/dds_fastrtps
-- Up-to-date: /home/vsadnik/RTC_Cup/install/motion_interfaces/lib/libmotion_interfaces__rosidl_typesupport_fastrtps_cpp.so
-- Up-to-date: /home/vsadnik/RTC_Cup/install/motion_interfaces/include/motion_interfaces/motion_interfaces
-- Up-to-date: /home/vsadnik/RTC_Cup/install/motion_interfaces/include/motion_interfaces/motion_interfaces/action
-- Up-to-date: /home/vsadnik/RTC_Cup/install/motion_interfaces/include/motion_interfaces/motion_interfaces/action/detail
-- Up-to-date: /home/vsadnik/RTC_Cup/install/motion_interfaces/include/motion_interfaces/motion_interfaces/action/detail/navigate__type_support.cpp
-- Up-to-date: /home/vsadnik/RTC_Cup/install/motion_interfaces/include/motion_interfaces/motion_interfaces/action/detail/navigate__rosidl_typesupport_introspection_cpp.hpp
-- Up-to-date: /home/vsadnik/RTC_Cup/install/motion_interfaces/lib/libmotion_interfaces__rosidl_typesupport_introspection_cpp.so
-- Up-to-date: /home/vsadnik/RTC_Cup/install/motion_interfaces/lib/libmotion_interfaces__rosidl_typesupport_cpp.so
-- Up-to-date: /home/vsadnik/RTC_Cup/install/motion_interfaces/share/motion_interfaces/environment/pythonpath.sh
-- Up-to-date: /home/vsadnik/RTC_Cup/install/motion_interfaces/share/motion_interfaces/environment/pythonpath.dsv
-- Up-to-date: /home/vsadnik/RTC_Cup/install/motion_interfaces/lib/python3.12/site-packages/motion_interfaces-0.0.1-py3.12.egg-info
-- Installing: /home/vsadnik/RTC_Cup/install/motion_interfaces/lib/python3.12/site-packages/motion_interfaces-0.0.1-py3.12.egg-info/top_level.txt
-- Installing: /home/vsadnik/RTC_Cup/install/motion_interfaces/lib/python3.12/site-packages/motion_interfaces-0.0.1-py3.12.egg-info/SOURCES.txt
-- Installing: /home/vsadnik/RTC_Cup/install/motion_interfaces/lib/python3.12/site-packages/motion_interfaces-0.0.1-py3.12.egg-info/PKG-INFO
-- Installing: /home/vsadnik/RTC_Cup/install/motion_interfaces/lib/python3.12/site-packages/motion_interfaces-0.0.1-py3.12.egg-info/dependency_links.txt
-- Up-to-date: /home/vsadnik/RTC_Cup/install/motion_interfaces/lib/python3.12/site-packages/motion_interfaces
-- Up-to-date: /home/vsadnik/RTC_Cup/install/motion_interfaces/lib/python3.12/site-packages/motion_interfaces/motion_interfaces_s__rosidl_typesupport_c.so
-- Up-to-date: /home/vsadnik/RTC_Cup/install/motion_interfaces/lib/python3.12/site-packages/motion_interfaces/_motion_interfaces_s.ep.rosidl_typesupport_fastrtps_c.c
-- Up-to-date: /home/vsadnik/RTC_Cup/install/motion_interfaces/lib/python3.12/site-packages/motion_interfaces/_motion_interfaces_s.ep.rosidl_typesupport_c.c
-- Up-to-date: /home/vsadnik/RTC_Cup/install/motion_interfaces/lib/python3.12/site-packages/motion_interfaces/motion_interfaces_s__rosidl_typesupport_introspection_c.so
-- Up-to-date: /home/vsadnik/RTC_Cup/install/motion_interfaces/lib/python3.12/site-packages/motion_interfaces/action
-- Up-to-date: /home/vsadnik/RTC_Cup/install/motion_interfaces/lib/python3.12/site-packages/motion_interfaces/action/_navigate_s.c
-- Up-to-date: /home/vsadnik/RTC_Cup/install/motion_interfaces/lib/python3.12/site-packages/motion_interfaces/action/_navigate.py
-- Up-to-date: /home/vsadnik/RTC_Cup/install/motion_interfaces/lib/python3.12/site-packages/motion_interfaces/action/__init__.py
-- Up-to-date: /home/vsadnik/RTC_Cup/install/motion_interfaces/lib/python3.12/site-packages/motion_interfaces/__init__.py
-- Up-to-date: /home/vsadnik/RTC_Cup/install/motion_interfaces/lib/python3.12/site-packages/motion_interfaces/motion_interfaces_s__rosidl_typesupport_fastrtps_c.so
-- Up-to-date: /home/vsadnik/RTC_Cup/install/motion_interfaces/lib/python3.12/site-packages/motion_interfaces/_motion_interfaces_s.ep.rosidl_typesupport_introspection_c.c
Listing '/home/vsadnik/RTC_Cup/install/motion_interfaces/lib/python3.12/site-packages/motion_interfaces'...
Listing '/home/vsadnik/RTC_Cup/install/motion_interfaces/lib/python3.12/site-packages/motion_interfaces/action'...
-- Up-to-date: /home/vsadnik/RTC_Cup/install/motion_interfaces/lib/python3.12/site-packages/motion_interfaces/motion_interfaces_s__rosidl_typesupport_fastrtps_c.so
-- Up-to-date: /home/vsadnik/RTC_Cup/install/motion_interfaces/lib/python3.12/site-packages/motion_interfaces/motion_interfaces_s__rosidl_typesupport_introspection_c.so
-- Up-to-date: /home/vsadnik/RTC_Cup/install/motion_interfaces/lib/python3.12/site-packages/motion_interfaces/motion_interfaces_s__rosidl_typesupport_c.so
-- Up-to-date: /home/vsadnik/RTC_Cup/install/motion_interfaces/lib/libmotion_interfaces__rosidl_generator_py.so
-- Up-to-date: /home/vsadnik/RTC_Cup/install/motion_interfaces/share/motion_interfaces/action/Navigate.idl
-- Up-to-date: /home/vsadnik/RTC_Cup/install/motion_interfaces/share/motion_interfaces/action/Navigate.action
-- Up-to-date: /home/vsadnik/RTC_Cup/install/motion_interfaces/share/ament_index/resource_index/package_run_dependencies/motion_interfaces
-- Up-to-date: /home/vsadnik/RTC_Cup/install/motion_interfaces/share/ament_index/resource_index/parent_prefix_path/motion_interfaces
-- Up-to-date: /home/vsadnik/RTC_Cup/install/motion_interfaces/share/motion_interfaces/environment/ament_prefix_path.sh
-- Up-to-date: /home/vsadnik/RTC_Cup/install/motion_interfaces/share/motion_interfaces/environment/ament_prefix_path.dsv
-- Up-to-date: /home/vsadnik/RTC_Cup/install/motion_interfaces/share/motion_interfaces/environment/path.sh
-- Up-to-date: /home/vsadnik/RTC_Cup/install/motion_interfaces/share/motion_interfaces/environment/path.dsv
-- Up-to-date: /home/vsadnik/RTC_Cup/install/motion_interfaces/share/motion_interfaces/local_setup.bash
-- Up-to-date: /home/vsadnik/RTC_Cup/install/motion_interfaces/share/motion_interfaces/local_setup.sh
-- Up-to-date: /home/vsadnik/RTC_Cup/install/motion_interfaces/share/motion_interfaces/local_setup.zsh
-- Up-to-date: /home/vsadnik/RTC_Cup/install/motion_interfaces/share/motion_interfaces/local_setup.dsv
-- Installing: /home/vsadnik/RTC_Cup/install/motion_interfaces/share/motion_interfaces/package.dsv
-- Up-to-date: /home/vsadnik/RTC_Cup/install/motion_interfaces/share/ament_index/resource_index/packages/motion_interfaces
-- Up-to-date: /home/vsadnik/RTC_Cup/install/motion_interfaces/share/motion_interfaces/cmake/export_motion_interfaces__rosidl_generator_cExport.cmake
-- Up-to-date: /home/vsadnik/RTC_Cup/install/motion_interfaces/share/motion_interfaces/cmake/export_motion_interfaces__rosidl_generator_cExport-noconfig.cmake
-- Up-to-date: /home/vsadnik/RTC_Cup/install/motion_interfaces/share/motion_interfaces/cmake/export_motion_interfaces__rosidl_typesupport_fastrtps_cExport.cmake
-- Up-to-date: /home/vsadnik/RTC_Cup/install/motion_interfaces/share/motion_interfaces/cmake/export_motion_interfaces__rosidl_typesupport_fastrtps_cExport-noconfig.cmake
-- Up-to-date: /home/vsadnik/RTC_Cup/install/motion_interfaces/share/motion_interfaces/cmake/motion_interfaces__rosidl_typesupport_introspection_cExport.cmake
-- Up-to-date: /home/vsadnik/RTC_Cup/install/motion_interfaces/share/motion_interfaces/cmake/motion_interfaces__rosidl_typesupport_introspection_cExport-noconfig.cmake
-- Up-to-date: /home/vsadnik/RTC_Cup/install/motion_interfaces/share/motion_interfaces/cmake/motion_interfaces__rosidl_typesupport_cExport.cmake
-- Up-to-date: /home/vsadnik/RTC_Cup/install/motion_interfaces/share/motion_interfaces/cmake/motion_interfaces__rosidl_typesupport_cExport-noconfig.cmake
-- Up-to-date: /home/vsadnik/RTC_Cup/install/motion_interfaces/share/motion_interfaces/cmake/export_motion_interfaces__rosidl_generator_cppExport.cmake
-- Up-to-date: /home/vsadnik/RTC_Cup/install/motion_interfaces/share/motion_interfaces/cmake/export_motion_interfaces__rosidl_typesupport_fastrtps_cppExport.cmake
-- Up-to-date: /home/vsadnik/RTC_Cup/install/motion_interfaces/share/motion_interfaces/cmake/export_motion_interfaces__rosidl_typesupport_fastrtps_cppExport-noconfig.cmake
-- Up-to-date: /home/vsadnik/RTC_Cup/install/motion_interfaces/share/motion_interfaces/cmake/motion_interfaces__rosidl_typesupport_introspection_cppExport.cmake
-- Up-to-date: /home/vsadnik/RTC_Cup/install/motion_interfaces/share/motion_interfaces/cmake/motion_interfaces__rosidl_typesupport_introspection_cppExport-noconfig.cmake
-- Up-to-date: /home/vsadnik/RTC_Cup/install/motion_interfaces/share/motion_interfaces/cmake/motion_interfaces__rosidl_typesupport_cppExport.cmake
-- Up-to-date: /home/vsadnik/RTC_Cup/install/motion_interfaces/share/motion_interfaces/cmake/motion_interfaces__rosidl_typesupport_cppExport-noconfig.cmake
-- Up-to-date: /home/vsadnik/RTC_Cup/install/motion_interfaces/share/motion_interfaces/cmake/export_motion_interfaces__rosidl_generator_pyExport.cmake
-- Up-to-date: /home/vsadnik/RTC_Cup/install/motion_interfaces/share/motion_interfaces/cmake/export_motion_interfaces__rosidl_generator_pyExport-noconfig.cmake
-- Up-to-date: /home/vsadnik/RTC_Cup/install/motion_interfaces/share/motion_interfaces/cmake/rosidl_cmake-extras.cmake
-- Up-to-date: /home/vsadnik/RTC_Cup/install/motion_interfaces/share/motion_interfaces/cmake/ament_cmake_export_dependencies-extras.cmake
-- Up-to-date: /home/vsadnik/RTC_Cup/install/motion_interfaces/share/motion_interfaces/cmake/ament_cmake_export_include_directories-extras.cmake
-- Up-to-date: /home/vsadnik/RTC_Cup/install/motion_interfaces/share/motion_interfaces/cmake/ament_cmake_export_libraries-extras.cmake
-- Up-to-date: /home/vsadnik/RTC_Cup/install/motion_interfaces/share/motion_interfaces/cmake/ament_cmake_export_targets-extras.cmake
-- Up-to-date: /home/vsadnik/RTC_Cup/install/motion_interfaces/share/motion_interfaces/cmake/rosidl_cmake_export_typesupport_targets-extras.cmake
-- Up-to-date: /home/vsadnik/RTC_Cup/install/motion_interfaces/share/motion_interfaces/cmake/rosidl_cmake_export_typesupport_libraries-extras.cmake
-- Up-to-date: /home/vsadnik/RTC_Cup/install/motion_interfaces/share/motion_interfaces/cmake/motion_interfacesConfig.cmake
-- Up-to-date: /home/vsadnik/RTC_Cup/install/motion_interfaces/share/motion_interfaces/cmake/motion_interfacesConfig-version.cmake
-- Up-to-date: /home/vsadnik/RTC_Cup/install/motion_interfaces/share/motion_interfaces/package.xml
