[0.016s] Invoking command in '/home/vsadnik/RTC_Cup/build/motion_interfaces': CMAKE_PREFIX_PATH=${CMAKE_PREFIX_PATH}:/home/vsadnik/RTC_Cup/install/motion_control:/home/vsadnik/RTC_Cup/install/experiments:/opt/ros/jazzy DEBUGINFOD_URLS=https://debuginfod.ubuntu.com /usr/bin/cmake --build /home/vsadnik/RTC_Cup/build/motion_interfaces -- -j12 -l12
[0.098s] [  2%] Built target motion_interfaces__rosidl_generator_type_description
[0.148s] [  2%] Built target ament_cmake_python_copy_motion_interfaces
[0.184s] [ 17%] Built target motion_interfaces__rosidl_generator_c
[0.411s] running egg_info
[0.431s] writing motion_interfaces.egg-info/PKG-INFO
[0.432s] writing dependency_links to motion_interfaces.egg-info/dependency_links.txt
[0.432s] writing top-level names to motion_interfaces.egg-info/top_level.txt
[0.495s] reading manifest file 'motion_interfaces.egg-info/SOURCES.txt'
[0.495s] writing manifest file 'motion_interfaces.egg-info/SOURCES.txt'
[0.531s] [ 17%] Built target ament_cmake_python_build_motion_interfaces_egg
[0.571s] [ 26%] Built target motion_interfaces__rosidl_typesupport_c
[0.609s] [ 35%] Built target motion_interfaces__rosidl_typesupport_introspection_c
[0.649s] [ 44%] Built target motion_interfaces__rosidl_typesupport_fastrtps_c
[0.686s] [ 47%] Built target motion_interfaces__cpp
[0.726s] [ 55%] Built target motion_interfaces__rosidl_typesupport_cpp
[0.765s] [ 64%] Built target motion_interfaces__rosidl_typesupport_introspection_cpp
[0.803s] [ 73%] Built target motion_interfaces__rosidl_typesupport_fastrtps_cpp
[0.840s] [ 73%] Built target motion_interfaces
[0.876s] [ 76%] Built target motion_interfaces__py
[0.915s] [ 82%] Built target motion_interfaces__rosidl_generator_py
[0.952s] [ 88%] Built target motion_interfaces_s__rosidl_typesupport_fastrtps_c
[0.988s] [ 94%] Built target motion_interfaces_s__rosidl_typesupport_c
[1.029s] [100%] Built target motion_interfaces_s__rosidl_typesupport_introspection_c
[1.051s] Invoked command in '/home/vsadnik/RTC_Cup/build/motion_interfaces' returned '0': CMAKE_PREFIX_PATH=${CMAKE_PREFIX_PATH}:/home/vsadnik/RTC_Cup/install/motion_control:/home/vsadnik/RTC_Cup/install/experiments:/opt/ros/jazzy DEBUGINFOD_URLS=https://debuginfod.ubuntu.com /usr/bin/cmake --build /home/vsadnik/RTC_Cup/build/motion_interfaces -- -j12 -l12
[1.067s] Invoking command in '/home/vsadnik/RTC_Cup/build/motion_interfaces': CMAKE_PREFIX_PATH=${CMAKE_PREFIX_PATH}:/home/vsadnik/RTC_Cup/install/motion_control:/home/vsadnik/RTC_Cup/install/experiments:/opt/ros/jazzy DEBUGINFOD_URLS=https://debuginfod.ubuntu.com /usr/bin/cmake --install /home/vsadnik/RTC_Cup/build/motion_interfaces
[1.080s] -- Install configuration: ""
[1.081s] -- Up-to-date: /home/vsadnik/RTC_Cup/install/motion_interfaces/share/ament_index/resource_index/rosidl_interfaces/motion_interfaces
[1.081s] -- Up-to-date: /home/vsadnik/RTC_Cup/install/motion_interfaces/share/motion_interfaces/action/Navigate.json
[1.081s] -- Up-to-date: /home/vsadnik/RTC_Cup/install/motion_interfaces/include/motion_interfaces/motion_interfaces
[1.081s] -- Up-to-date: /home/vsadnik/RTC_Cup/install/motion_interfaces/include/motion_interfaces/motion_interfaces/msg
[1.081s] -- Up-to-date: /home/vsadnik/RTC_Cup/install/motion_interfaces/include/motion_interfaces/motion_interfaces/msg/rosidl_generator_c__visibility_control.h
[1.082s] -- Up-to-date: /home/vsadnik/RTC_Cup/install/motion_interfaces/include/motion_interfaces/motion_interfaces/action
[1.082s] -- Up-to-date: /home/vsadnik/RTC_Cup/install/motion_interfaces/include/motion_interfaces/motion_interfaces/action/detail
[1.082s] -- Up-to-date: /home/vsadnik/RTC_Cup/install/motion_interfaces/include/motion_interfaces/motion_interfaces/action/detail/navigate__functions.c
[1.082s] -- Up-to-date: /home/vsadnik/RTC_Cup/install/motion_interfaces/include/motion_interfaces/motion_interfaces/action/detail/navigate__type_support.c
[1.082s] -- Up-to-date: /home/vsadnik/RTC_Cup/install/motion_interfaces/include/motion_interfaces/motion_interfaces/action/detail/navigate__description.c
[1.082s] -- Up-to-date: /home/vsadnik/RTC_Cup/install/motion_interfaces/include/motion_interfaces/motion_interfaces/action/detail/navigate__type_support.h
[1.083s] -- Up-to-date: /home/vsadnik/RTC_Cup/install/motion_interfaces/include/motion_interfaces/motion_interfaces/action/detail/navigate__functions.h
[1.083s] -- Up-to-date: /home/vsadnik/RTC_Cup/install/motion_interfaces/include/motion_interfaces/motion_interfaces/action/detail/navigate__struct.h
[1.083s] -- Up-to-date: /home/vsadnik/RTC_Cup/install/motion_interfaces/include/motion_interfaces/motion_interfaces/action/navigate.h
[1.083s] -- Up-to-date: /home/vsadnik/RTC_Cup/install/motion_interfaces/share/motion_interfaces/environment/library_path.sh
[1.083s] -- Up-to-date: /home/vsadnik/RTC_Cup/install/motion_interfaces/share/motion_interfaces/environment/library_path.dsv
[1.083s] -- Up-to-date: /home/vsadnik/RTC_Cup/install/motion_interfaces/lib/libmotion_interfaces__rosidl_generator_c.so
[1.083s] -- Up-to-date: /home/vsadnik/RTC_Cup/install/motion_interfaces/include/motion_interfaces/motion_interfaces
[1.083s] -- Up-to-date: /home/vsadnik/RTC_Cup/install/motion_interfaces/include/motion_interfaces/motion_interfaces/msg
[1.083s] -- Up-to-date: /home/vsadnik/RTC_Cup/install/motion_interfaces/include/motion_interfaces/motion_interfaces/msg/rosidl_typesupport_fastrtps_c__visibility_control.h
[1.084s] -- Up-to-date: /home/vsadnik/RTC_Cup/install/motion_interfaces/include/motion_interfaces/motion_interfaces/action
[1.084s] -- Up-to-date: /home/vsadnik/RTC_Cup/install/motion_interfaces/include/motion_interfaces/motion_interfaces/action/detail
[1.084s] -- Up-to-date: /home/vsadnik/RTC_Cup/install/motion_interfaces/include/motion_interfaces/motion_interfaces/action/detail/navigate__rosidl_typesupport_fastrtps_c.h
[1.084s] -- Up-to-date: /home/vsadnik/RTC_Cup/install/motion_interfaces/lib/libmotion_interfaces__rosidl_typesupport_fastrtps_c.so
[1.084s] -- Up-to-date: /home/vsadnik/RTC_Cup/install/motion_interfaces/include/motion_interfaces/motion_interfaces
[1.084s] -- Up-to-date: /home/vsadnik/RTC_Cup/install/motion_interfaces/include/motion_interfaces/motion_interfaces/msg
[1.084s] -- Up-to-date: /home/vsadnik/RTC_Cup/install/motion_interfaces/include/motion_interfaces/motion_interfaces/msg/rosidl_typesupport_introspection_c__visibility_control.h
[1.084s] -- Up-to-date: /home/vsadnik/RTC_Cup/install/motion_interfaces/include/motion_interfaces/motion_interfaces/action
[1.085s] -- Up-to-date: /home/vsadnik/RTC_Cup/install/motion_interfaces/include/motion_interfaces/motion_interfaces/action/detail
[1.085s] -- Up-to-date: /home/vsadnik/RTC_Cup/install/motion_interfaces/include/motion_interfaces/motion_interfaces/action/detail/navigate__rosidl_typesupport_introspection_c.h
[1.085s] -- Up-to-date: /home/vsadnik/RTC_Cup/install/motion_interfaces/include/motion_interfaces/motion_interfaces/action/detail/navigate__type_support.c
[1.085s] -- Up-to-date: /home/vsadnik/RTC_Cup/install/motion_interfaces/lib/libmotion_interfaces__rosidl_typesupport_introspection_c.so
[1.085s] -- Up-to-date: /home/vsadnik/RTC_Cup/install/motion_interfaces/lib/libmotion_interfaces__rosidl_typesupport_c.so
[1.085s] -- Up-to-date: /home/vsadnik/RTC_Cup/install/motion_interfaces/include/motion_interfaces/motion_interfaces
[1.085s] -- Up-to-date: /home/vsadnik/RTC_Cup/install/motion_interfaces/include/motion_interfaces/motion_interfaces/msg
[1.085s] -- Up-to-date: /home/vsadnik/RTC_Cup/install/motion_interfaces/include/motion_interfaces/motion_interfaces/msg/rosidl_generator_cpp__visibility_control.hpp
[1.085s] -- Up-to-date: /home/vsadnik/RTC_Cup/install/motion_interfaces/include/motion_interfaces/motion_interfaces/action
[1.085s] -- Up-to-date: /home/vsadnik/RTC_Cup/install/motion_interfaces/include/motion_interfaces/motion_interfaces/action/detail
[1.086s] -- Up-to-date: /home/vsadnik/RTC_Cup/install/motion_interfaces/include/motion_interfaces/motion_interfaces/action/detail/navigate__type_support.hpp
[1.086s] -- Up-to-date: /home/vsadnik/RTC_Cup/install/motion_interfaces/include/motion_interfaces/motion_interfaces/action/detail/navigate__struct.hpp
[1.086s] -- Up-to-date: /home/vsadnik/RTC_Cup/install/motion_interfaces/include/motion_interfaces/motion_interfaces/action/detail/navigate__traits.hpp
[1.086s] -- Up-to-date: /home/vsadnik/RTC_Cup/install/motion_interfaces/include/motion_interfaces/motion_interfaces/action/detail/navigate__builder.hpp
[1.086s] -- Up-to-date: /home/vsadnik/RTC_Cup/install/motion_interfaces/include/motion_interfaces/motion_interfaces/action/navigate.hpp
[1.086s] -- Up-to-date: /home/vsadnik/RTC_Cup/install/motion_interfaces/include/motion_interfaces/motion_interfaces
[1.086s] -- Up-to-date: /home/vsadnik/RTC_Cup/install/motion_interfaces/include/motion_interfaces/motion_interfaces/msg
[1.086s] -- Up-to-date: /home/vsadnik/RTC_Cup/install/motion_interfaces/include/motion_interfaces/motion_interfaces/msg/rosidl_typesupport_fastrtps_cpp__visibility_control.h
[1.086s] -- Up-to-date: /home/vsadnik/RTC_Cup/install/motion_interfaces/include/motion_interfaces/motion_interfaces/action
[1.086s] -- Up-to-date: /home/vsadnik/RTC_Cup/install/motion_interfaces/include/motion_interfaces/motion_interfaces/action/detail
[1.086s] -- Up-to-date: /home/vsadnik/RTC_Cup/install/motion_interfaces/include/motion_interfaces/motion_interfaces/action/detail/navigate__rosidl_typesupport_fastrtps_cpp.hpp
[1.086s] -- Up-to-date: /home/vsadnik/RTC_Cup/install/motion_interfaces/include/motion_interfaces/motion_interfaces/action/detail/dds_fastrtps
[1.087s] -- Up-to-date: /home/vsadnik/RTC_Cup/install/motion_interfaces/lib/libmotion_interfaces__rosidl_typesupport_fastrtps_cpp.so
[1.087s] -- Up-to-date: /home/vsadnik/RTC_Cup/install/motion_interfaces/include/motion_interfaces/motion_interfaces
[1.087s] -- Up-to-date: /home/vsadnik/RTC_Cup/install/motion_interfaces/include/motion_interfaces/motion_interfaces/action
[1.087s] -- Up-to-date: /home/vsadnik/RTC_Cup/install/motion_interfaces/include/motion_interfaces/motion_interfaces/action/detail
[1.088s] -- Up-to-date: /home/vsadnik/RTC_Cup/install/motion_interfaces/include/motion_interfaces/motion_interfaces/action/detail/navigate__type_support.cpp
[1.088s] -- Up-to-date: /home/vsadnik/RTC_Cup/install/motion_interfaces/include/motion_interfaces/motion_interfaces/action/detail/navigate__rosidl_typesupport_introspection_cpp.hpp
[1.088s] -- Up-to-date: /home/vsadnik/RTC_Cup/install/motion_interfaces/lib/libmotion_interfaces__rosidl_typesupport_introspection_cpp.so
[1.088s] -- Up-to-date: /home/vsadnik/RTC_Cup/install/motion_interfaces/lib/libmotion_interfaces__rosidl_typesupport_cpp.so
[1.088s] -- Up-to-date: /home/vsadnik/RTC_Cup/install/motion_interfaces/share/motion_interfaces/environment/pythonpath.sh
[1.088s] -- Up-to-date: /home/vsadnik/RTC_Cup/install/motion_interfaces/share/motion_interfaces/environment/pythonpath.dsv
[1.088s] -- Up-to-date: /home/vsadnik/RTC_Cup/install/motion_interfaces/lib/python3.12/site-packages/motion_interfaces-0.0.1-py3.12.egg-info
[1.088s] -- Installing: /home/vsadnik/RTC_Cup/install/motion_interfaces/lib/python3.12/site-packages/motion_interfaces-0.0.1-py3.12.egg-info/top_level.txt
[1.088s] -- Installing: /home/vsadnik/RTC_Cup/install/motion_interfaces/lib/python3.12/site-packages/motion_interfaces-0.0.1-py3.12.egg-info/SOURCES.txt
[1.089s] -- Installing: /home/vsadnik/RTC_Cup/install/motion_interfaces/lib/python3.12/site-packages/motion_interfaces-0.0.1-py3.12.egg-info/PKG-INFO
[1.089s] -- Installing: /home/vsadnik/RTC_Cup/install/motion_interfaces/lib/python3.12/site-packages/motion_interfaces-0.0.1-py3.12.egg-info/dependency_links.txt
[1.089s] -- Up-to-date: /home/vsadnik/RTC_Cup/install/motion_interfaces/lib/python3.12/site-packages/motion_interfaces
[1.089s] -- Up-to-date: /home/vsadnik/RTC_Cup/install/motion_interfaces/lib/python3.12/site-packages/motion_interfaces/motion_interfaces_s__rosidl_typesupport_c.so
[1.089s] -- Up-to-date: /home/vsadnik/RTC_Cup/install/motion_interfaces/lib/python3.12/site-packages/motion_interfaces/_motion_interfaces_s.ep.rosidl_typesupport_fastrtps_c.c
[1.089s] -- Up-to-date: /home/vsadnik/RTC_Cup/install/motion_interfaces/lib/python3.12/site-packages/motion_interfaces/_motion_interfaces_s.ep.rosidl_typesupport_c.c
[1.089s] -- Up-to-date: /home/vsadnik/RTC_Cup/install/motion_interfaces/lib/python3.12/site-packages/motion_interfaces/motion_interfaces_s__rosidl_typesupport_introspection_c.so
[1.089s] -- Up-to-date: /home/vsadnik/RTC_Cup/install/motion_interfaces/lib/python3.12/site-packages/motion_interfaces/action
[1.089s] -- Up-to-date: /home/vsadnik/RTC_Cup/install/motion_interfaces/lib/python3.12/site-packages/motion_interfaces/action/_navigate_s.c
[1.089s] -- Up-to-date: /home/vsadnik/RTC_Cup/install/motion_interfaces/lib/python3.12/site-packages/motion_interfaces/action/_navigate.py
[1.089s] -- Up-to-date: /home/vsadnik/RTC_Cup/install/motion_interfaces/lib/python3.12/site-packages/motion_interfaces/action/__init__.py
[1.089s] -- Up-to-date: /home/vsadnik/RTC_Cup/install/motion_interfaces/lib/python3.12/site-packages/motion_interfaces/__init__.py
[1.089s] -- Up-to-date: /home/vsadnik/RTC_Cup/install/motion_interfaces/lib/python3.12/site-packages/motion_interfaces/motion_interfaces_s__rosidl_typesupport_fastrtps_c.so
[1.089s] -- Up-to-date: /home/vsadnik/RTC_Cup/install/motion_interfaces/lib/python3.12/site-packages/motion_interfaces/_motion_interfaces_s.ep.rosidl_typesupport_introspection_c.c
[1.135s] Listing '/home/vsadnik/RTC_Cup/install/motion_interfaces/lib/python3.12/site-packages/motion_interfaces'...
[1.135s] Listing '/home/vsadnik/RTC_Cup/install/motion_interfaces/lib/python3.12/site-packages/motion_interfaces/action'...
[1.141s] -- Up-to-date: /home/vsadnik/RTC_Cup/install/motion_interfaces/lib/python3.12/site-packages/motion_interfaces/motion_interfaces_s__rosidl_typesupport_fastrtps_c.so
[1.141s] -- Up-to-date: /home/vsadnik/RTC_Cup/install/motion_interfaces/lib/python3.12/site-packages/motion_interfaces/motion_interfaces_s__rosidl_typesupport_introspection_c.so
[1.142s] -- Up-to-date: /home/vsadnik/RTC_Cup/install/motion_interfaces/lib/python3.12/site-packages/motion_interfaces/motion_interfaces_s__rosidl_typesupport_c.so
[1.143s] -- Up-to-date: /home/vsadnik/RTC_Cup/install/motion_interfaces/lib/libmotion_interfaces__rosidl_generator_py.so
[1.143s] -- Up-to-date: /home/vsadnik/RTC_Cup/install/motion_interfaces/share/motion_interfaces/action/Navigate.idl
[1.143s] -- Up-to-date: /home/vsadnik/RTC_Cup/install/motion_interfaces/share/motion_interfaces/action/Navigate.action
[1.143s] -- Up-to-date: /home/vsadnik/RTC_Cup/install/motion_interfaces/share/ament_index/resource_index/package_run_dependencies/motion_interfaces
[1.143s] -- Up-to-date: /home/vsadnik/RTC_Cup/install/motion_interfaces/share/ament_index/resource_index/parent_prefix_path/motion_interfaces
[1.143s] -- Up-to-date: /home/vsadnik/RTC_Cup/install/motion_interfaces/share/motion_interfaces/environment/ament_prefix_path.sh
[1.143s] -- Up-to-date: /home/vsadnik/RTC_Cup/install/motion_interfaces/share/motion_interfaces/environment/ament_prefix_path.dsv
[1.143s] -- Up-to-date: /home/vsadnik/RTC_Cup/install/motion_interfaces/share/motion_interfaces/environment/path.sh
[1.144s] -- Up-to-date: /home/vsadnik/RTC_Cup/install/motion_interfaces/share/motion_interfaces/environment/path.dsv
[1.144s] -- Up-to-date: /home/vsadnik/RTC_Cup/install/motion_interfaces/share/motion_interfaces/local_setup.bash
[1.144s] -- Up-to-date: /home/vsadnik/RTC_Cup/install/motion_interfaces/share/motion_interfaces/local_setup.sh
[1.144s] -- Up-to-date: /home/vsadnik/RTC_Cup/install/motion_interfaces/share/motion_interfaces/local_setup.zsh
[1.144s] -- Up-to-date: /home/vsadnik/RTC_Cup/install/motion_interfaces/share/motion_interfaces/local_setup.dsv
[1.144s] -- Installing: /home/vsadnik/RTC_Cup/install/motion_interfaces/share/motion_interfaces/package.dsv
[1.144s] -- Up-to-date: /home/vsadnik/RTC_Cup/install/motion_interfaces/share/ament_index/resource_index/packages/motion_interfaces
[1.145s] -- Up-to-date: /home/vsadnik/RTC_Cup/install/motion_interfaces/share/motion_interfaces/cmake/export_motion_interfaces__rosidl_generator_cExport.cmake
[1.145s] -- Up-to-date: /home/vsadnik/RTC_Cup/install/motion_interfaces/share/motion_interfaces/cmake/export_motion_interfaces__rosidl_generator_cExport-noconfig.cmake
[1.145s] -- Up-to-date: /home/vsadnik/RTC_Cup/install/motion_interfaces/share/motion_interfaces/cmake/export_motion_interfaces__rosidl_typesupport_fastrtps_cExport.cmake
[1.145s] -- Up-to-date: /home/vsadnik/RTC_Cup/install/motion_interfaces/share/motion_interfaces/cmake/export_motion_interfaces__rosidl_typesupport_fastrtps_cExport-noconfig.cmake
[1.146s] -- Up-to-date: /home/vsadnik/RTC_Cup/install/motion_interfaces/share/motion_interfaces/cmake/motion_interfaces__rosidl_typesupport_introspection_cExport.cmake
[1.146s] -- Up-to-date: /home/vsadnik/RTC_Cup/install/motion_interfaces/share/motion_interfaces/cmake/motion_interfaces__rosidl_typesupport_introspection_cExport-noconfig.cmake
[1.146s] -- Up-to-date: /home/vsadnik/RTC_Cup/install/motion_interfaces/share/motion_interfaces/cmake/motion_interfaces__rosidl_typesupport_cExport.cmake
[1.146s] -- Up-to-date: /home/vsadnik/RTC_Cup/install/motion_interfaces/share/motion_interfaces/cmake/motion_interfaces__rosidl_typesupport_cExport-noconfig.cmake
[1.146s] -- Up-to-date: /home/vsadnik/RTC_Cup/install/motion_interfaces/share/motion_interfaces/cmake/export_motion_interfaces__rosidl_generator_cppExport.cmake
[1.146s] -- Up-to-date: /home/vsadnik/RTC_Cup/install/motion_interfaces/share/motion_interfaces/cmake/export_motion_interfaces__rosidl_typesupport_fastrtps_cppExport.cmake
[1.146s] -- Up-to-date: /home/vsadnik/RTC_Cup/install/motion_interfaces/share/motion_interfaces/cmake/export_motion_interfaces__rosidl_typesupport_fastrtps_cppExport-noconfig.cmake
[1.146s] -- Up-to-date: /home/vsadnik/RTC_Cup/install/motion_interfaces/share/motion_interfaces/cmake/motion_interfaces__rosidl_typesupport_introspection_cppExport.cmake
[1.147s] -- Up-to-date: /home/vsadnik/RTC_Cup/install/motion_interfaces/share/motion_interfaces/cmake/motion_interfaces__rosidl_typesupport_introspection_cppExport-noconfig.cmake
[1.147s] -- Up-to-date: /home/vsadnik/RTC_Cup/install/motion_interfaces/share/motion_interfaces/cmake/motion_interfaces__rosidl_typesupport_cppExport.cmake
[1.147s] -- Up-to-date: /home/vsadnik/RTC_Cup/install/motion_interfaces/share/motion_interfaces/cmake/motion_interfaces__rosidl_typesupport_cppExport-noconfig.cmake
[1.147s] -- Up-to-date: /home/vsadnik/RTC_Cup/install/motion_interfaces/share/motion_interfaces/cmake/export_motion_interfaces__rosidl_generator_pyExport.cmake
[1.147s] -- Up-to-date: /home/vsadnik/RTC_Cup/install/motion_interfaces/share/motion_interfaces/cmake/export_motion_interfaces__rosidl_generator_pyExport-noconfig.cmake
[1.147s] -- Up-to-date: /home/vsadnik/RTC_Cup/install/motion_interfaces/share/motion_interfaces/cmake/rosidl_cmake-extras.cmake
[1.147s] -- Up-to-date: /home/vsadnik/RTC_Cup/install/motion_interfaces/share/motion_interfaces/cmake/ament_cmake_export_dependencies-extras.cmake
[1.147s] -- Up-to-date: /home/vsadnik/RTC_Cup/install/motion_interfaces/share/motion_interfaces/cmake/ament_cmake_export_include_directories-extras.cmake
[1.147s] -- Up-to-date: /home/vsadnik/RTC_Cup/install/motion_interfaces/share/motion_interfaces/cmake/ament_cmake_export_libraries-extras.cmake
[1.147s] -- Up-to-date: /home/vsadnik/RTC_Cup/install/motion_interfaces/share/motion_interfaces/cmake/ament_cmake_export_targets-extras.cmake
[1.147s] -- Up-to-date: /home/vsadnik/RTC_Cup/install/motion_interfaces/share/motion_interfaces/cmake/rosidl_cmake_export_typesupport_targets-extras.cmake
[1.147s] -- Up-to-date: /home/vsadnik/RTC_Cup/install/motion_interfaces/share/motion_interfaces/cmake/rosidl_cmake_export_typesupport_libraries-extras.cmake
[1.148s] -- Up-to-date: /home/vsadnik/RTC_Cup/install/motion_interfaces/share/motion_interfaces/cmake/motion_interfacesConfig.cmake
[1.148s] -- Up-to-date: /home/vsadnik/RTC_Cup/install/motion_interfaces/share/motion_interfaces/cmake/motion_interfacesConfig-version.cmake
[1.148s] -- Up-to-date: /home/vsadnik/RTC_Cup/install/motion_interfaces/share/motion_interfaces/package.xml
[1.153s] Invoked command in '/home/vsadnik/RTC_Cup/build/motion_interfaces' returned '0': CMAKE_PREFIX_PATH=${CMAKE_PREFIX_PATH}:/home/vsadnik/RTC_Cup/install/motion_control:/home/vsadnik/RTC_Cup/install/experiments:/opt/ros/jazzy DEBUGINFOD_URLS=https://debuginfod.ubuntu.com /usr/bin/cmake --install /home/vsadnik/RTC_Cup/build/motion_interfaces
