[1.060s] Invoking command in '/home/vsadnik/RTC_Cup/src/motion_control': DEBUGINFOD_URLS=https://debuginfod.ubuntu.com PYTHONPATH=/home/vsadnik/RTC_Cup/build/motion_control/prefix_override:/usr/lib/python3/dist-packages/colcon_core/task/python/colcon_distutils_commands:/home/vsadnik/RTC_Cup/install/motion_control/lib/python3.12/site-packages:/home/vsadnik/RTC_Cup/install/motion_interfaces/lib/python3.12/site-packages:/home/vsadnik/RTC_Cup/install/motion_control/lib/python3.12/site-packages:/home/vsadnik/RTC_Cup/install/experiments/lib/python3.12/site-packages:/opt/ros/jazzy/lib/python3.12/site-packages /usr/bin/python3 -W ignore:setup.py install is deprecated -W ignore:easy_install command is deprecated setup.py egg_info --egg-base ../../build/motion_control build --build-base /home/vsadnik/RTC_Cup/build/motion_control/build install --record /home/vsadnik/RTC_Cup/build/motion_control/install.log --single-version-externally-managed install_data
[1.332s] running egg_info
[1.352s] writing ../../build/motion_control/motion_control.egg-info/PKG-INFO
[1.353s] writing dependency_links to ../../build/motion_control/motion_control.egg-info/dependency_links.txt
[1.353s] writing entry points to ../../build/motion_control/motion_control.egg-info/entry_points.txt
[1.353s] writing requirements to ../../build/motion_control/motion_control.egg-info/requires.txt
[1.353s] writing top-level names to ../../build/motion_control/motion_control.egg-info/top_level.txt
[1.405s] reading manifest file '../../build/motion_control/motion_control.egg-info/SOURCES.txt'
[1.405s] writing manifest file '../../build/motion_control/motion_control.egg-info/SOURCES.txt'
[1.406s] running build
[1.406s] running build_py
[1.406s] copying motion_control/navigation_action_server.py -> /home/vsadnik/RTC_Cup/build/motion_control/build/lib/motion_control
[1.406s] running install
[1.410s] running install_lib
[1.431s] copying /home/vsadnik/RTC_Cup/build/motion_control/build/lib/motion_control/navigation_action_server.py -> /home/vsadnik/RTC_Cup/install/motion_control/lib/python3.12/site-packages/motion_control
[1.432s] byte-compiling /home/vsadnik/RTC_Cup/install/motion_control/lib/python3.12/site-packages/motion_control/navigation_action_server.py to navigation_action_server.cpython-312.pyc
[1.435s] running install_data
[1.435s] running install_egg_info
[1.459s] removing '/home/vsadnik/RTC_Cup/install/motion_control/lib/python3.12/site-packages/motion_control-0.0.0-py3.12.egg-info' (and everything under it)
[1.460s] Copying ../../build/motion_control/motion_control.egg-info to /home/vsadnik/RTC_Cup/install/motion_control/lib/python3.12/site-packages/motion_control-0.0.0-py3.12.egg-info
[1.462s] running install_scripts
[1.618s] Installing navigation_action_server script to /home/vsadnik/RTC_Cup/install/motion_control/lib/motion_control
[1.618s] Installing test_navigation script to /home/vsadnik/RTC_Cup/install/motion_control/lib/motion_control
[1.619s] writing list of installed files to '/home/vsadnik/RTC_Cup/build/motion_control/install.log'
[1.659s] Invoked command in '/home/vsadnik/RTC_Cup/src/motion_control' returned '0': DEBUGINFOD_URLS=https://debuginfod.ubuntu.com PYTHONPATH=/home/vsadnik/RTC_Cup/build/motion_control/prefix_override:/usr/lib/python3/dist-packages/colcon_core/task/python/colcon_distutils_commands:/home/vsadnik/RTC_Cup/install/motion_control/lib/python3.12/site-packages:/home/vsadnik/RTC_Cup/install/motion_interfaces/lib/python3.12/site-packages:/home/vsadnik/RTC_Cup/install/motion_control/lib/python3.12/site-packages:/home/vsadnik/RTC_Cup/install/experiments/lib/python3.12/site-packages:/opt/ros/jazzy/lib/python3.12/site-packages /usr/bin/python3 -W ignore:setup.py install is deprecated -W ignore:easy_install command is deprecated setup.py egg_info --egg-base ../../build/motion_control build --build-base /home/vsadnik/RTC_Cup/build/motion_control/build install --record /home/vsadnik/RTC_Cup/build/motion_control/install.log --single-version-externally-managed install_data
